#
# There is insufficient memory for the Java Runtime Environment to continue.
# Native memory allocation (mmap) failed to map 65536 bytes for Failed to commit metaspace.
# Possible reasons:
#   The system is out of physical RAM or swap space
#   The process is running with CompressedOops enabled, and the Java Heap may be blocking the growth of the native heap
# Possible solutions:
#   Reduce memory load on the system
#   Increase physical memory or swap space
#   Check if swap backing store is full
#   Decrease Java heap size (-Xmx/-Xms)
#   Decrease number of Java threads
#   Decrease Java thread stack sizes (-Xss)
#   Set larger code cache with -XX:ReservedCodeCacheSize=
#   JVM is running with Unscaled Compressed Oops mode in which the Java heap is
#     placed in the first 4GB address space. The Java Heap base address is the
#     maximum limit for the native heap growth. Please use -XX:HeapBaseMinAddress
#     to set the Java Heap base and to place the Java Heap above 4GB virtual address.
# This output file may be truncated or incomplete.
#
#  Out of Memory Error (virtualSpaceNode.cpp:110), pid=8924, tid=2384
#
# JRE version: OpenJDK Runtime Environment Temurin-17.0.5+8 (17.0.5+8) (build 17.0.5+8)
# Java VM: OpenJDK 64-Bit Server VM Temurin-17.0.5+8 (17.0.5+8, mixed mode, sharing, tiered, compressed oops, compressed class ptrs, parallel gc, windows-amd64)
# No core dump will be written. Minidumps are not enabled by default on client versions of Windows
#

---------------  S U M M A R Y ------------

Command Line: --add-modules=ALL-SYSTEM --add-opens=java.base/java.util=ALL-UNNAMED --add-opens=java.base/java.lang=ALL-UNNAMED --add-opens=java.base/sun.nio.fs=ALL-UNNAMED -Declipse.application=org.eclipse.jdt.ls.core.id1 -Dosgi.bundles.defaultStartLevel=4 -Declipse.product=org.eclipse.jdt.ls.core.product -Djava.import.generatesMetadataFilesAtProjectRoot=false -Dfile.encoding=utf8 -XX:+UseParallelGC -XX:GCTimeRatio=4 -XX:AdaptiveSizePolicyWeight=90 -Dsun.zip.disableMemoryMapping=true -Xmx1G -Xms100m -Xlog:disable -javaagent:c:\Users\leden\.vscode\extensions\redhat.java-1.14.0-win32-x64\lombok\lombok-1.18.24.jar -XX:+HeapDumpOnOutOfMemoryError -XX:HeapDumpPath=c:\Users\leden\AppData\Roaming\Code\User\workspaceStorage\d3da77668b73ada3115bfe0976bf7c3b\redhat.java c:\Users\leden\.vscode\extensions\redhat.java-1.14.0-win32-x64\server\plugins\org.eclipse.equinox.launcher_1.6.400.v20210924-0641.jar -configuration c:\Users\leden\AppData\Roaming\Code\User\globalStorage\redhat.java\1.14.0\config_win -data c:\Users\leden\AppData\Roaming\Code\User\workspaceStorage\d3da77668b73ada3115bfe0976bf7c3b\redhat.java\jdt_ws

Host: 11th Gen Intel(R) Core(TM) i7-1165G7 @ 2.80GHz, 8 cores, 15G,  Windows 10 , 64 bit Build 19041 (10.0.19041.2364)
Time: Mon Feb  6 18:03:20 2023 RTZ 2 (s 10 , 64 bit Build 19041 (10.0.19041.2364) elapsed time: 2.107404 seconds (0d 0h 0m 2s)

---------------  T H R E A D  ---------------

Current thread (0x000001d07cf66ee0):  JavaThread "Start Level: Equinox Container: f77b169e-a75c-4fa8-84c8-ecb0d2badd89" daemon [_thread_in_vm, id=2384, stack(0x000000c706600000,0x000000c706700000)]

Stack: [0x000000c706600000,0x000000c706700000]
Native frames: (J=compiled Java code, j=interpreted, Vv=VM code, C=native code)
V  [jvm.dll+0x676b3a]
V  [jvm.dll+0x831444]
V  [jvm.dll+0x832bee]
V  [jvm.dll+0x833253]
V  [jvm.dll+0x244ce5]
V  [jvm.dll+0x82d4db]
V  [jvm.dll+0x61b2f6]
V  [jvm.dll+0x1bfd2e]
V  [jvm.dll+0x61dc41]
V  [jvm.dll+0x61bc96]
V  [jvm.dll+0x1e9e6e]
V  [jvm.dll+0x1ea92f]
V  [jvm.dll+0x1dfdd1]
V  [jvm.dll+0x53be30]
V  [jvm.dll+0x7ac5a8]
V  [jvm.dll+0x7ac694]
V  [jvm.dll+0x40ba25]
V  [jvm.dll+0x411bb8]
C  [java.dll+0x17ec]

Java frames: (J=compiled Java code, j=interpreted, Vv=VM code)
J 1140  java.lang.ClassLoader.defineClass1(Ljava/lang/ClassLoader;Ljava/lang/String;[BIILjava/security/ProtectionDomain;Ljava/lang/String;)Ljava/lang/Class; java.base@17.0.5 (0 bytes) @ 0x000001d007b42b63 [0x000001d007b42aa0+0x00000000000000c3]
J 1777 c1 java.lang.ClassLoader.defineClass(Ljava/lang/String;[BIILjava/security/ProtectionDomain;)Ljava/lang/Class; java.base@17.0.5 (43 bytes) @ 0x000001d0008f695c [0x000001d0008f6600+0x000000000000035c]
j  org.eclipse.osgi.internal.loader.ModuleClassLoader.defineClass(Ljava/lang/String;[BLorg/eclipse/osgi/internal/loader/classpath/ClasspathEntry;)Lorg/eclipse/osgi/internal/loader/ModuleClassLoader$DefineClassResult;+42
j  org.eclipse.osgi.internal.loader.classpath.ClasspathManager.defineClass(Ljava/lang/String;[BLorg/eclipse/osgi/internal/loader/classpath/ClasspathEntry;Lorg/eclipse/osgi/storage/bundlefile/BundleEntry;Ljava/util/List;)Ljava/lang/Class;+424
j  org.eclipse.osgi.internal.loader.classpath.ClasspathManager.findClassImpl(Ljava/lang/String;Lorg/eclipse/osgi/internal/loader/classpath/ClasspathEntry;Ljava/util/List;)Ljava/lang/Class;+269
j  org.eclipse.osgi.internal.loader.classpath.ClasspathManager.findLocalClassImpl(Ljava/lang/String;[Lorg/eclipse/osgi/internal/loader/classpath/ClasspathEntry;Ljava/util/List;)Ljava/lang/Class;+30
j  org.eclipse.osgi.internal.loader.classpath.ClasspathManager.findLocalClassImpl(Ljava/lang/String;Ljava/util/List;)Ljava/lang/Class;+69
j  org.eclipse.osgi.internal.loader.classpath.ClasspathManager.findLocalClass(Ljava/lang/String;)Ljava/lang/Class;+113
j  org.eclipse.osgi.internal.loader.ModuleClassLoader.findLocalClass(Ljava/lang/String;)Ljava/lang/Class;+5
j  org.eclipse.osgi.internal.loader.BundleLoader.findLocalClass(Ljava/lang/String;)Ljava/lang/Class;+57
J 1745 c1 org.eclipse.osgi.internal.loader.BundleLoader.findClass0(Ljava/lang/String;ZZ)Ljava/lang/Class; (466 bytes) @ 0x000001d0008e52d4 [0x000001d0008e2b20+0x00000000000027b4]
J 1744 c1 org.eclipse.osgi.internal.loader.BundleLoader.findClass(Ljava/lang/String;)Ljava/lang/Class; (8 bytes) @ 0x000001d0008e221c [0x000001d0008e21a0+0x000000000000007c]
J 1747 c1 org.eclipse.osgi.internal.loader.ModuleClassLoader.loadClass(Ljava/lang/String;Z)Ljava/lang/Class; (36 bytes) @ 0x000001d0008e90c4 [0x000001d0008e8ea0+0x0000000000000224]
J 964 c1 java.lang.ClassLoader.loadClass(Ljava/lang/String;)Ljava/lang/Class; java.base@17.0.5 (7 bytes) @ 0x000001d0007510cc [0x000001d000750fc0+0x000000000000010c]
v  ~StubRoutines::call_stub
j  java.lang.Class.getDeclaredConstructors0(Z)[Ljava/lang/reflect/Constructor;+0 java.base@17.0.5
j  java.lang.Class.privateGetDeclaredConstructors(Z)[Ljava/lang/reflect/Constructor;+52 java.base@17.0.5
j  java.lang.Class.getConstructor0([Ljava/lang/Class;I)Ljava/lang/reflect/Constructor;+14 java.base@17.0.5
j  java.lang.Class.getConstructor([Ljava/lang/Class;)Ljava/lang/reflect/Constructor;+24 java.base@17.0.5
j  org.eclipse.osgi.internal.framework.BundleContextImpl.loadBundleActivator()Lorg/osgi/framework/BundleActivator;+105
j  org.eclipse.osgi.internal.framework.BundleContextImpl.start()V+18
j  org.eclipse.osgi.internal.framework.EquinoxBundle.startWorker0()V+35
j  org.eclipse.osgi.internal.framework.EquinoxBundle$EquinoxModule.startWorker()V+4
j  org.eclipse.osgi.container.Module.doStart([Lorg/eclipse/osgi/container/Module$StartOptions;)Lorg/eclipse/osgi/container/ModuleContainerAdaptor$ModuleEvent;+190
j  org.eclipse.osgi.container.Module.start([Lorg/eclipse/osgi/container/Module$StartOptions;)V+460
j  org.eclipse.osgi.framework.util.SecureAction.start(Lorg/eclipse/osgi/container/Module;[Lorg/eclipse/osgi/container/Module$StartOptions;)V+8
j  org.eclipse.osgi.internal.hooks.EclipseLazyStarter.postFindLocalClass(Ljava/lang/String;Ljava/lang/Class;Lorg/eclipse/osgi/internal/loader/classpath/ClasspathManager;)V+173
j  org.eclipse.osgi.internal.loader.classpath.ClasspathManager.findLocalClass(Ljava/lang/String;)Ljava/lang/Class;+148
j  org.eclipse.osgi.internal.loader.ModuleClassLoader.findLocalClass(Ljava/lang/String;)Ljava/lang/Class;+5
j  org.eclipse.osgi.internal.loader.BundleLoader.findLocalClass(Ljava/lang/String;)Ljava/lang/Class;+57
j  org.eclipse.osgi.internal.loader.sources.SingleSourcePackage.loadClass(Ljava/lang/String;)Ljava/lang/Class;+5
j  org.eclipse.osgi.internal.loader.sources.MultiSourcePackage.loadClass(Ljava/lang/String;)Ljava/lang/Class;+26
J 1745 c1 org.eclipse.osgi.internal.loader.BundleLoader.findClass0(Ljava/lang/String;ZZ)Ljava/lang/Class; (466 bytes) @ 0x000001d0008e51d4 [0x000001d0008e2b20+0x00000000000026b4]
J 1744 c1 org.eclipse.osgi.internal.loader.BundleLoader.findClass(Ljava/lang/String;)Ljava/lang/Class; (8 bytes) @ 0x000001d0008e221c [0x000001d0008e21a0+0x000000000000007c]
J 1747 c1 org.eclipse.osgi.internal.loader.ModuleClassLoader.loadClass(Ljava/lang/String;Z)Ljava/lang/Class; (36 bytes) @ 0x000001d0008e90c4 [0x000001d0008e8ea0+0x0000000000000224]
J 964 c1 java.lang.ClassLoader.loadClass(Ljava/lang/String;)Ljava/lang/Class; java.base@17.0.5 (7 bytes) @ 0x000001d0007510cc [0x000001d000750fc0+0x000000000000010c]
v  ~StubRoutines::call_stub
j  java.lang.Class.getDeclaredConstructors0(Z)[Ljava/lang/reflect/Constructor;+0 java.base@17.0.5
j  java.lang.Class.privateGetDeclaredConstructors(Z)[Ljava/lang/reflect/Constructor;+52 java.base@17.0.5
j  java.lang.Class.getConstructors()[Ljava/lang/reflect/Constructor;+20 java.base@17.0.5
j  org.apache.felix.scr.impl.inject.internal.ComponentConstructorImpl.<init>(Lorg/apache/felix/scr/impl/metadata/ComponentMetadata;Ljava/lang/Class;Lorg/apache/felix/scr/impl/logger/ComponentLogger;)V+212
j  org.apache.felix.scr.impl.inject.internal.ComponentMethodsImpl.initComponentMethods(Lorg/apache/felix/scr/impl/metadata/ComponentMetadata;Ljava/lang/Class;Lorg/apache/felix/scr/impl/logger/ComponentLogger;)V+306
j  org.apache.felix.scr.impl.manager.AbstractComponentManager.initDependencyManagers(Lorg/apache/felix/scr/impl/manager/ComponentContextImpl;)V+74
j  org.apache.felix.scr.impl.manager.AbstractComponentManager.collectDependencies(Lorg/apache/felix/scr/impl/manager/ComponentContextImpl;)Z+2
j  org.apache.felix.scr.impl.manager.SingleComponentManager.getServiceInternal(Lorg/osgi/framework/ServiceRegistration;)Z+25
j  org.apache.felix.scr.impl.manager.AbstractComponentManager.activateInternal()V+427
j  org.apache.felix.scr.impl.manager.AbstractComponentManager.enableInternal()V+174
j  org.apache.felix.scr.impl.manager.AbstractComponentManager.enable(Z)Lorg/osgi/util/promise/Promise;+12
j  org.apache.felix.scr.impl.manager.ConfigurableComponentHolder.enableComponents(Z)Lorg/osgi/util/promise/Promise;+275
j  org.apache.felix.scr.impl.BundleComponentActivator.initialEnable()V+105
j  org.apache.felix.scr.impl.Activator.loadComponents(Lorg/osgi/framework/Bundle;)V+380
j  org.apache.felix.scr.impl.Activator.access$200(Lorg/apache/felix/scr/impl/Activator;Lorg/osgi/framework/Bundle;)V+2
j  org.apache.felix.scr.impl.Activator$ScrExtension.start()V+72
j  org.apache.felix.scr.impl.AbstractExtender.createExtension(Lorg/osgi/framework/Bundle;)V+71
j  org.apache.felix.scr.impl.AbstractExtender.modifiedBundle(Lorg/osgi/framework/Bundle;Lorg/osgi/framework/BundleEvent;Lorg/osgi/framework/Bundle;)V+115
j  org.apache.felix.scr.impl.AbstractExtender.addingBundle(Lorg/osgi/framework/Bundle;Lorg/osgi/framework/BundleEvent;)Lorg/osgi/framework/Bundle;+4
j  org.apache.felix.scr.impl.AbstractExtender.addingBundle(Lorg/osgi/framework/Bundle;Lorg/osgi/framework/BundleEvent;)Ljava/lang/Object;+3
j  org.osgi.util.tracker.BundleTracker$Tracked.customizerAdding(Lorg/osgi/framework/Bundle;Lorg/osgi/framework/BundleEvent;)Ljava/lang/Object;+9
j  org.osgi.util.tracker.BundleTracker$Tracked.customizerAdding(Ljava/lang/Object;Ljava/lang/Object;)Ljava/lang/Object;+9
j  org.osgi.util.tracker.AbstractTracked.trackAdding(Ljava/lang/Object;Ljava/lang/Object;)V+8
j  org.osgi.util.tracker.AbstractTracked.track(Ljava/lang/Object;Ljava/lang/Object;)V+83
j  org.osgi.util.tracker.BundleTracker$Tracked.bundleChanged(Lorg/osgi/framework/BundleEvent;)V+35
J 1603 c1 org.eclipse.osgi.internal.framework.BundleContextImpl.dispatchEvent(Ljava/lang/Object;Ljava/lang/Object;ILjava/lang/Object;)V (558 bytes) @ 0x000001d0008a3224 [0x000001d0008a1fa0+0x0000000000001284]
j  org.eclipse.osgi.framework.eventmgr.EventManager.dispatchEvent(Ljava/util/Set;Lorg/eclipse/osgi/framework/eventmgr/EventDispatcher;ILjava/lang/Object;)V+48
j  org.eclipse.osgi.framework.eventmgr.ListenerQueue.dispatchEventSynchronous(ILjava/lang/Object;)V+67
j  org.eclipse.osgi.internal.framework.EquinoxEventPublisher.publishBundleEventPrivileged(Lorg/osgi/framework/BundleEvent;)V+547
j  org.eclipse.osgi.internal.framework.EquinoxEventPublisher.publishBundleEvent(Lorg/osgi/framework/BundleEvent;)V+8
j  org.eclipse.osgi.internal.framework.EquinoxEventPublisher.publishBundleEvent(ILorg/osgi/framework/Bundle;Lorg/osgi/framework/Bundle;)V+15
j  org.eclipse.osgi.internal.framework.EquinoxContainerAdaptor.publishModuleEvent(Lorg/eclipse/osgi/container/ModuleContainerAdaptor$ModuleEvent;Lorg/eclipse/osgi/container/Module;Lorg/eclipse/osgi/container/Module;)V+29
j  org.eclipse.osgi.container.Module.publishEvent(Lorg/eclipse/osgi/container/ModuleContainerAdaptor$ModuleEvent;)V+13
j  org.eclipse.osgi.container.Module.start([Lorg/eclipse/osgi/container/Module$StartOptions;)V+588
j  org.eclipse.osgi.container.ModuleContainer$ContainerStartLevel$2.run()V+71
j  org.eclipse.osgi.internal.framework.EquinoxContainerAdaptor$1$1.execute(Ljava/lang/Runnable;)V+1
j  org.eclipse.osgi.container.ModuleContainer$ContainerStartLevel.incStartLevel(ILjava/util/List;Z)V+192
j  org.eclipse.osgi.container.ModuleContainer$ContainerStartLevel.incStartLevel(ILjava/util/List;Ljava/util/List;Ljava/util/List;Ljava/util/List;)V+4
j  org.eclipse.osgi.container.ModuleContainer$ContainerStartLevel.doContainerStartLevel(Lorg/eclipse/osgi/container/Module;I[Lorg/osgi/framework/FrameworkListener;)V+349
j  org.eclipse.osgi.container.ModuleContainer$ContainerStartLevel.dispatchEvent(Lorg/eclipse/osgi/container/Module;[Lorg/osgi/framework/FrameworkListener;ILjava/lang/Integer;)V+32
j  org.eclipse.osgi.container.ModuleContainer$ContainerStartLevel.dispatchEvent(Ljava/lang/Object;Ljava/lang/Object;ILjava/lang/Object;)V+15
j  org.eclipse.osgi.framework.eventmgr.EventManager.dispatchEvent(Ljava/util/Set;Lorg/eclipse/osgi/framework/eventmgr/EventDispatcher;ILjava/lang/Object;)V+48
j  org.eclipse.osgi.framework.eventmgr.EventManager$EventThread.run()V+26
v  ~StubRoutines::call_stub

---------------  P R O C E S S  ---------------

Threads class SMR info:
_java_thread_list=0x000001d07d04f440, length=18, elements={
0x000001d06ffb2350, 0x000001d079c54820, 0x000001d079c55d00, 0x000001d079c68340,
0x000001d079c68c00, 0x000001d079c6a4d0, 0x000001d079c6ad90, 0x000001d079c6cd90,
0x000001d079c9e410, 0x000001d079c9e920, 0x000001d07c49e280, 0x000001d07c5f9ab0,
0x000001d07cf6fdc0, 0x000001d07ccd26d0, 0x000001d07cff6ff0, 0x000001d07cf66ee0,
0x000001d07d12e4d0, 0x000001d07d052a60
}

Java Threads: ( => current thread )
  0x000001d06ffb2350 JavaThread "main" [_thread_blocked, id=7480, stack(0x000000c704e00000,0x000000c704f00000)]
  0x000001d079c54820 JavaThread "Reference Handler" daemon [_thread_blocked, id=21600, stack(0x000000c705100000,0x000000c705200000)]
  0x000001d079c55d00 JavaThread "Finalizer" daemon [_thread_blocked, id=28592, stack(0x000000c705200000,0x000000c705300000)]
  0x000001d079c68340 JavaThread "Signal Dispatcher" daemon [_thread_blocked, id=13712, stack(0x000000c705300000,0x000000c705400000)]
  0x000001d079c68c00 JavaThread "Attach Listener" daemon [_thread_blocked, id=16352, stack(0x000000c705400000,0x000000c705500000)]
  0x000001d079c6a4d0 JavaThread "Service Thread" daemon [_thread_blocked, id=22020, stack(0x000000c705500000,0x000000c705600000)]
  0x000001d079c6ad90 JavaThread "Monitor Deflation Thread" daemon [_thread_blocked, id=16592, stack(0x000000c705600000,0x000000c705700000)]
  0x000001d079c6cd90 JavaThread "C2 CompilerThread0" daemon [_thread_blocked, id=14744, stack(0x000000c705700000,0x000000c705800000)]
  0x000001d079c9e410 JavaThread "C1 CompilerThread0" daemon [_thread_blocked, id=29680, stack(0x000000c705800000,0x000000c705900000)]
  0x000001d079c9e920 JavaThread "Sweeper thread" daemon [_thread_blocked, id=29300, stack(0x000000c705900000,0x000000c705a00000)]
  0x000001d07c49e280 JavaThread "Common-Cleaner" daemon [_thread_blocked, id=20824, stack(0x000000c705a00000,0x000000c705b00000)]
  0x000001d07c5f9ab0 JavaThread "Notification Thread" daemon [_thread_blocked, id=25800, stack(0x000000c705c00000,0x000000c705d00000)]
  0x000001d07cf6fdc0 JavaThread "C2 CompilerThread1" daemon [_thread_blocked, id=3020, stack(0x000000c705b00000,0x000000c705c00000)]
  0x000001d07ccd26d0 JavaThread "Active Thread: Equinox Container: f77b169e-a75c-4fa8-84c8-ecb0d2badd89" [_thread_blocked, id=29400, stack(0x000000c705e00000,0x000000c705f00000)]
  0x000001d07cff6ff0 JavaThread "Framework Event Dispatcher: Equinox Container: f77b169e-a75c-4fa8-84c8-ecb0d2badd89" daemon [_thread_blocked, id=24096, stack(0x000000c706500000,0x000000c706600000)]
=>0x000001d07cf66ee0 JavaThread "Start Level: Equinox Container: f77b169e-a75c-4fa8-84c8-ecb0d2badd89" daemon [_thread_in_vm, id=2384, stack(0x000000c706600000,0x000000c706700000)]
  0x000001d07d12e4d0 JavaThread "SCR Component Actor" daemon [_thread_blocked, id=20816, stack(0x000000c706700000,0x000000c706800000)]
  0x000001d07d052a60 JavaThread "SCR Component Registry" daemon [_thread_blocked, id=27464, stack(0x000000c706900000,0x000000c706a00000)]

Other Threads:
  0x000001d079c4fe10 VMThread "VM Thread" [stack: 0x000000c705000000,0x000000c705100000] [id=25216]
  0x000001d07c5fd770 WatcherThread [stack: 0x000000c705d00000,0x000000c705e00000] [id=16144]
  0x000001d06ffc94b0 GCTaskThread "GC Thread#0" [stack: 0x000000c704f00000,0x000000c705000000] [id=24716]
  0x000001d07cf128b0 GCTaskThread "GC Thread#1" [stack: 0x000000c705f00000,0x000000c706000000] [id=16632]
  0x000001d07cf25010 GCTaskThread "GC Thread#2" [stack: 0x000000c706000000,0x000000c706100000] [id=4744]
  0x000001d07cf252c0 GCTaskThread "GC Thread#3" [stack: 0x000000c706100000,0x000000c706200000] [id=29248]
  0x000001d07cf25df0 GCTaskThread "GC Thread#4" [stack: 0x000000c706200000,0x000000c706300000] [id=8964]
  0x000001d07cf260a0 GCTaskThread "GC Thread#5" [stack: 0x000000c706300000,0x000000c706400000] [id=6220]
  0x000001d07ca5b8f0 GCTaskThread "GC Thread#6" [stack: 0x000000c706400000,0x000000c706500000] [id=17100]
  0x000001d07c701310 GCTaskThread "GC Thread#7" [stack: 0x000000c706800000,0x000000c706900000] [id=22712]

Threads with active compile tasks:

VM state: not at safepoint (normal execution)

VM Mutex/Monitor currently owned by a thread:  ([mutex/lock_event])
[0x000001d06ffac450] Metaspace_lock - owner thread: 0x000001d07cf66ee0

Heap address: 0x00000000c0000000, size: 1024 MB, Compressed Oops mode: 32-bit

CDS archive(s) mapped at: [0x0000000800000000-0x0000000800bc0000-0x0000000800bc0000), size 12320768, SharedBaseAddress: 0x0000000800000000, ArchiveRelocationMode: 0.
Compressed class space mapped at: 0x0000000800c00000-0x0000000840c00000, reserved size: 1073741824
Narrow klass base: 0x0000000800000000, Narrow klass shift: 0, Narrow klass range: 0x100000000

GC Precious Log:
 CPUs: 8 total, 8 available
 Memory: 16167M
 Large Page Support: Disabled
 NUMA Support: Disabled
 Compressed Oops: Enabled (32-bit)
 Alignments: Space 512K, Generation 512K, Heap 2M
 Heap Min Capacity: 100M
 Heap Initial Capacity: 100M
 Heap Max Capacity: 1G
 Pre-touch: Disabled
 Parallel Workers: 8

Heap:
 PSYoungGen      total 29696K, used 11371K [0x00000000eab00000, 0x00000000ecc00000, 0x0000000100000000)
  eden space 25600K, 28% used [0x00000000eab00000,0x00000000eb21b8b8,0x00000000ec400000)
  from space 4096K, 99% used [0x00000000ec800000,0x00000000ecbff718,0x00000000ecc00000)
  to   space 4096K, 0% used [0x00000000ec400000,0x00000000ec400000,0x00000000ec800000)
 ParOldGen       total 68608K, used 1985K [0x00000000c0000000, 0x00000000c4300000, 0x00000000eab00000)
  object space 68608K, 2% used [0x00000000c0000000,0x00000000c01f0708,0x00000000c4300000)
 Metaspace       used 9957K, committed 10176K, reserved 1064960K
  class space    used 975K, committed 1088K, reserved 1048576K

Card table byte_map: [0x000001d06f960000,0x000001d06fb70000] _byte_map_base: 0x000001d06f360000

Marking Bits: (ParMarkBitMap*) 0x00007ffe04380dd0
 Begin Bits: [0x000001d077aa0000, 0x000001d078aa0000)
 End Bits:   [0x000001d078aa0000, 0x000001d079aa0000)

Polling page: 0x000001d06dee0000

Metaspace:

Usage:
  Non-class:      8.77 MB used.
      Class:    975.89 KB used.
       Both:      9.72 MB used.

Virtual space:
  Non-class space:       16.00 MB reserved,       8.88 MB ( 55%) committed,  2 nodes.
      Class space:        1.00 GB reserved,       1.06 MB ( <1%) committed,  1 nodes.
             Both:        1.02 GB reserved,       9.94 MB ( <1%) committed. 

Chunk freelists:
   Non-Class:  2.43 MB
       Class:  2.87 MB
        Both:  5.31 MB

MaxMetaspaceSize: unlimited
CompressedClassSpaceSize: 1.00 GB
Initial GC threshold: 21.00 MB
Current GC threshold: 21.00 MB
CDS: on
MetaspaceReclaimPolicy: balanced
 - commit_granule_bytes: 65536.
 - commit_granule_words: 8192.
 - virtual_space_node_default_size: 1048576.
 - enlarge_chunks_in_place: 1.
 - new_chunks_are_fully_committed: 0.
 - uncommit_free_chunks: 1.
 - use_allocation_guard: 0.
 - handle_deallocations: 1.


Internal statistics:

num_allocs_failed_limit: 0.
num_arena_births: 98.
num_arena_deaths: 0.
num_vsnodes_births: 3.
num_vsnodes_deaths: 0.
num_space_committed: 159.
num_space_uncommitted: 0.
num_chunks_returned_to_freelist: 0.
num_chunks_taken_from_freelist: 326.
num_chunk_merges: 0.
num_chunk_splits: 228.
num_chunks_enlarged: 172.
num_purges: 0.
num_inconsistent_stats: 0.

CodeHeap 'non-profiled nmethods': size=120000Kb used=740Kb max_used=740Kb free=119260Kb
 bounds [0x000001d007ad0000, 0x000001d007d40000, 0x000001d00f000000]
CodeHeap 'profiled nmethods': size=120000Kb used=3440Kb max_used=3440Kb free=116559Kb
 bounds [0x000001d0005a0000, 0x000001d000900000, 0x000001d007ad0000]
CodeHeap 'non-nmethods': size=5760Kb used=1176Kb max_used=1198Kb free=4583Kb
 bounds [0x000001d000000000, 0x000001d000270000, 0x000001d0005a0000]
 total_blobs=2237 nmethods=1781 adapters=370
 compilation: enabled
              stopped_count=0, restarted_count=0
 full_count=0

Compilation events (20 events):
Event: 2.070 Thread 0x000001d079c9e410 1773       3       org.eclipse.osgi.internal.serviceregistry.ServiceRegistry::notifyHooksPrivileged (58 bytes)
Event: 2.071 Thread 0x000001d079c9e410 nmethod 1773 0x000001d0008f5210 code [0x000001d0008f5420, 0x000001d0008f5ad8]
Event: 2.073 Thread 0x000001d079c9e410 1774       3       java.lang.ThreadLocal::set (30 bytes)
Event: 2.073 Thread 0x000001d079c9e410 nmethod 1774 0x000001d0008f5d10 code [0x000001d0008f5ee0, 0x000001d0008f6278]
Event: 2.075 Thread 0x000001d07cf6fdc0 1775       4       java.util.Objects::checkIndex (7 bytes)
Event: 2.075 Thread 0x000001d079c9e410 1776       1       org.eclipse.osgi.internal.framework.EquinoxConfiguration::getDebug (5 bytes)
Event: 2.075 Thread 0x000001d07cf6fdc0 nmethod 1775 0x000001d007b88710 code [0x000001d007b88880, 0x000001d007b88918]
Event: 2.076 Thread 0x000001d079c9e410 nmethod 1776 0x000001d007b88a10 code [0x000001d007b88ba0, 0x000001d007b88c78]
Event: 2.078 Thread 0x000001d079c9e410 1777       3       java.lang.ClassLoader::defineClass (43 bytes)
Event: 2.079 Thread 0x000001d079c9e410 nmethod 1777 0x000001d0008f6410 code [0x000001d0008f6600, 0x000001d0008f6b18]
Event: 2.079 Thread 0x000001d079c9e410 1778       3       java.lang.ClassLoader::defineClassSourceLocation (28 bytes)
Event: 2.079 Thread 0x000001d079c9e410 nmethod 1778 0x000001d0008f6d90 code [0x000001d0008f6f60, 0x000001d0008f72e8]
Event: 2.088 Thread 0x000001d079c9e410 1779       3       sun.nio.fs.WindowsPathParser::normalize (233 bytes)
Event: 2.091 Thread 0x000001d079c9e410 nmethod 1779 0x000001d0008f7490 code [0x000001d0008f7a60, 0x000001d0008fa688]
Event: 2.093 Thread 0x000001d079c9e410 1780       3       java.io.FilterInputStream::close (8 bytes)
Event: 2.093 Thread 0x000001d079c9e410 nmethod 1780 0x000001d0008fb790 code [0x000001d0008fb940, 0x000001d0008fbb08]
Event: 2.094 Thread 0x000001d079c9e410 1781       3       java.util.AbstractCollection::isEmpty (13 bytes)
Event: 2.094 Thread 0x000001d079c9e410 nmethod 1781 0x000001d0008fbc10 code [0x000001d0008fbdc0, 0x000001d0008fbfe8]
Event: 2.098 Thread 0x000001d079c9e410 1782       1       java.lang.ClassLoader::getUnnamedModule (5 bytes)
Event: 2.098 Thread 0x000001d079c9e410 nmethod 1782 0x000001d007b88d10 code [0x000001d007b88ea0, 0x000001d007b88f78]

GC Heap History (4 events):
Event: 1.019 GC heap before
{Heap before GC invocations=1 (full 0):
 PSYoungGen      total 29696K, used 25600K [0x00000000eab00000, 0x00000000ecc00000, 0x0000000100000000)
  eden space 25600K, 100% used [0x00000000eab00000,0x00000000ec400000,0x00000000ec400000)
  from space 4096K, 0% used [0x00000000ec800000,0x00000000ec800000,0x00000000ecc00000)
  to   space 4096K, 0% used [0x00000000ec400000,0x00000000ec400000,0x00000000ec800000)
 ParOldGen       total 68608K, used 0K [0x00000000c0000000, 0x00000000c4300000, 0x00000000eab00000)
  object space 68608K, 0% used [0x00000000c0000000,0x00000000c0000000,0x00000000c4300000)
 Metaspace       used 4695K, committed 4800K, reserved 1056768K
  class space    used 434K, committed 448K, reserved 1048576K
}
Event: 1.040 GC heap after
{Heap after GC invocations=1 (full 0):
 PSYoungGen      total 29696K, used 3665K [0x00000000eab00000, 0x00000000ecc00000, 0x0000000100000000)
  eden space 25600K, 0% used [0x00000000eab00000,0x00000000eab00000,0x00000000ec400000)
  from space 4096K, 89% used [0x00000000ec400000,0x00000000ec794680,0x00000000ec800000)
  to   space 4096K, 0% used [0x00000000ec800000,0x00000000ec800000,0x00000000ecc00000)
 ParOldGen       total 68608K, used 0K [0x00000000c0000000, 0x00000000c4300000, 0x00000000eab00000)
  object space 68608K, 0% used [0x00000000c0000000,0x00000000c0000000,0x00000000c4300000)
 Metaspace       used 4695K, committed 4800K, reserved 1056768K
  class space    used 434K, committed 448K, reserved 1048576K
}
Event: 1.931 GC heap before
{Heap before GC invocations=2 (full 0):
 PSYoungGen      total 29696K, used 29265K [0x00000000eab00000, 0x00000000ecc00000, 0x0000000100000000)
  eden space 25600K, 100% used [0x00000000eab00000,0x00000000ec400000,0x00000000ec400000)
  from space 4096K, 89% used [0x00000000ec400000,0x00000000ec794680,0x00000000ec800000)
  to   space 4096K, 0% used [0x00000000ec800000,0x00000000ec800000,0x00000000ecc00000)
 ParOldGen       total 68608K, used 0K [0x00000000c0000000, 0x00000000c4300000, 0x00000000eab00000)
  object space 68608K, 0% used [0x00000000c0000000,0x00000000c0000000,0x00000000c4300000)
 Metaspace       used 8375K, committed 8640K, reserved 1056768K
  class space    used 805K, committed 896K, reserved 1048576K
}
Event: 1.938 GC heap after
{Heap after GC invocations=2 (full 0):
 PSYoungGen      total 29696K, used 4093K [0x00000000eab00000, 0x00000000ecc00000, 0x0000000100000000)
  eden space 25600K, 0% used [0x00000000eab00000,0x00000000eab00000,0x00000000ec400000)
  from space 4096K, 99% used [0x00000000ec800000,0x00000000ecbff718,0x00000000ecc00000)
  to   space 4096K, 0% used [0x00000000ec400000,0x00000000ec400000,0x00000000ec800000)
 ParOldGen       total 68608K, used 1985K [0x00000000c0000000, 0x00000000c4300000, 0x00000000eab00000)
  object space 68608K, 2% used [0x00000000c0000000,0x00000000c01f0708,0x00000000c4300000)
 Metaspace       used 8375K, committed 8640K, reserved 1056768K
  class space    used 805K, committed 896K, reserved 1048576K
}

Dll operation events (10 events):
Event: 0.018 Loaded shared library c:\Program Files\Eclipse Adoptium\jdk-17.0.5.8-hotspot\bin\java.dll
Event: 0.029 Loaded shared library c:\Program Files\Eclipse Adoptium\jdk-17.0.5.8-hotspot\bin\jsvml.dll
Event: 0.162 Loaded shared library c:\Program Files\Eclipse Adoptium\jdk-17.0.5.8-hotspot\bin\zip.dll
Event: 0.165 Loaded shared library C:\Program Files\Eclipse Adoptium\jdk-17.0.5.8-hotspot\bin\instrument.dll
Event: 0.172 Loaded shared library C:\Program Files\Eclipse Adoptium\jdk-17.0.5.8-hotspot\bin\net.dll
Event: 0.179 Loaded shared library C:\Program Files\Eclipse Adoptium\jdk-17.0.5.8-hotspot\bin\nio.dll
Event: 0.182 Loaded shared library C:\Program Files\Eclipse Adoptium\jdk-17.0.5.8-hotspot\bin\zip.dll
Event: 0.193 Loaded shared library C:\Program Files\Eclipse Adoptium\jdk-17.0.5.8-hotspot\bin\jimage.dll
Event: 0.255 Loaded shared library c:\Program Files\Eclipse Adoptium\jdk-17.0.5.8-hotspot\bin\verify.dll
Event: 1.737 Loaded shared library C:\Users\leden\AppData\Roaming\Code\User\globalStorage\redhat.java\1.14.0\config_win\org.eclipse.equinox.launcher\org.eclipse.equinox.launcher.win32.win32.x86_64_1.2.700.v20221108-1024\eclipse_11801.dll

Deoptimization events (20 events):
Event: 1.240 Thread 0x000001d06ffb2350 DEOPT PACKING pc=0x000001d007b04da0 sp=0x000000c704ef82b0
Event: 1.240 Thread 0x000001d06ffb2350 DEOPT UNPACKING pc=0x000001d0000558a3 sp=0x000000c704ef81f8 mode 2
Event: 1.369 Thread 0x000001d06ffb2350 Uncommon trap: trap_request=0xffffff45 fr.pc=0x000001d007b1d818 relative=0x00000000000002d8
Event: 1.369 Thread 0x000001d06ffb2350 Uncommon trap: reason=unstable_if action=reinterpret pc=0x000001d007b1d818 method=java.lang.invoke.VarHandle.checkExactAccessMode(Ljava/lang/invoke/VarHandle$AccessDescriptor;)V @ 4 c2
Event: 1.369 Thread 0x000001d06ffb2350 DEOPT PACKING pc=0x000001d007b1d818 sp=0x000000c704efe580
Event: 1.370 Thread 0x000001d06ffb2350 DEOPT UNPACKING pc=0x000001d0000558a3 sp=0x000000c704efe550 mode 2
Event: 1.465 Thread 0x000001d06ffb2350 Uncommon trap: trap_request=0xffffffde fr.pc=0x000001d007b2a554 relative=0x0000000000000934
Event: 1.465 Thread 0x000001d06ffb2350 Uncommon trap: reason=class_check action=maybe_recompile pc=0x000001d007b2a554 method=java.util.HashMap.putVal(ILjava/lang/Object;Ljava/lang/Object;ZZ)Ljava/lang/Object; @ 253 c2
Event: 1.465 Thread 0x000001d06ffb2350 DEOPT PACKING pc=0x000001d007b2a554 sp=0x000000c704efe010
Event: 1.465 Thread 0x000001d06ffb2350 DEOPT UNPACKING pc=0x000001d0000558a3 sp=0x000000c704efdf90 mode 2
Event: 1.467 Thread 0x000001d06ffb2350 Uncommon trap: trap_request=0xffffffde fr.pc=0x000001d007b2a554 relative=0x0000000000000934
Event: 1.467 Thread 0x000001d06ffb2350 Uncommon trap: reason=class_check action=maybe_recompile pc=0x000001d007b2a554 method=java.util.HashMap.putVal(ILjava/lang/Object;Ljava/lang/Object;ZZ)Ljava/lang/Object; @ 253 c2
Event: 1.467 Thread 0x000001d06ffb2350 DEOPT PACKING pc=0x000001d007b2a554 sp=0x000000c704efe010
Event: 1.467 Thread 0x000001d06ffb2350 DEOPT UNPACKING pc=0x000001d0000558a3 sp=0x000000c704efdf90 mode 2
Event: 1.634 Thread 0x000001d06ffb2350 DEOPT PACKING pc=0x000001d0006a644b sp=0x000000c704efe5b0
Event: 1.634 Thread 0x000001d06ffb2350 DEOPT UNPACKING pc=0x000001d0000563e3 sp=0x000000c704efdad0 mode 0
Event: 2.078 Thread 0x000001d07cf66ee0 Uncommon trap: trap_request=0xffffff45 fr.pc=0x000001d007b0b41c relative=0x000000000000015c
Event: 2.078 Thread 0x000001d07cf66ee0 Uncommon trap: reason=unstable_if action=reinterpret pc=0x000001d007b0b41c method=java.lang.invoke.VarHandle.checkExactAccessMode(Ljava/lang/invoke/VarHandle$AccessDescriptor;)V @ 4 c2
Event: 2.078 Thread 0x000001d07cf66ee0 DEOPT PACKING pc=0x000001d007b0b41c sp=0x000000c7066fd660
Event: 2.078 Thread 0x000001d07cf66ee0 DEOPT UNPACKING pc=0x000001d0000558a3 sp=0x000000c7066fd5a0 mode 2

Classes unloaded (0 events):
No events

Classes redefined (0 events):
No events

Internal exceptions (20 events):
Event: 0.631 Thread 0x000001d06ffb2350 Exception <a 'java/io/FileNotFoundException'{0x00000000eb8f2c50}> (0x00000000eb8f2c50) 
thrown [s\src\hotspot\share\prims\jni.cpp, line 516]
Event: 0.640 Thread 0x000001d06ffb2350 Exception <a 'java/io/FileNotFoundException'{0x00000000eb92e8e8}> (0x00000000eb92e8e8) 
thrown [s\src\hotspot\share\prims\jni.cpp, line 516]
Event: 0.934 Thread 0x000001d06ffb2350 Exception <a 'java/lang/ClassNotFoundException'{0x00000000ec13ae58}: sun/net/www/protocol/c/Handler> (0x00000000ec13ae58) 
thrown [s\src\hotspot\share\classfile\systemDictionary.cpp, line 256]
Event: 0.934 Thread 0x000001d06ffb2350 Exception <a 'java/lang/ClassNotFoundException'{0x00000000ec13c260}: sun/net/www/protocol/c/Handler> (0x00000000ec13c260) 
thrown [s\src\hotspot\share\classfile\systemDictionary.cpp, line 256]
Event: 0.935 Thread 0x000001d06ffb2350 Exception <a 'java/lang/ClassNotFoundException'{0x00000000ec13d678}: sun/net/www/protocol/c/Handler> (0x00000000ec13d678) 
thrown [s\src\hotspot\share\classfile\systemDictionary.cpp, line 256]
Event: 0.943 Thread 0x000001d06ffb2350 Exception <a 'java/io/FileNotFoundException'{0x00000000ec163e60}> (0x00000000ec163e60) 
thrown [s\src\hotspot\share\prims\jni.cpp, line 516]
Event: 0.974 Thread 0x000001d06ffb2350 Implicit null exception at 0x000001d007b1405b to 0x000001d007b14a64
Event: 0.974 Thread 0x000001d06ffb2350 Implicit null exception at 0x000001d007b02f8c to 0x000001d007b031d0
Event: 0.974 Thread 0x000001d06ffb2350 Implicit null exception at 0x000001d007b2416c to 0x000001d007b2434c
Event: 0.975 Thread 0x000001d06ffb2350 Implicit null exception at 0x000001d007b12e8f to 0x000001d007b12f09
Event: 1.050 Thread 0x000001d06ffb2350 Exception <a 'java/lang/NoSuchMethodError'{0x00000000eab2db90}: 'int java.lang.invoke.DirectMethodHandle$Holder.invokeStaticInit(java.lang.Object, java.lang.Object, java.lang.Object, java.lang.Object)'> (0x00000000eab2db90) 
thrown [s\src\hotspot\share\interpreter\linkResolver.cpp, line 759]
Event: 1.052 Thread 0x000001d06ffb2350 Exception <a 'java/lang/NoSuchMethodError'{0x00000000eab38308}: 'java.lang.Object java.lang.invoke.DirectMethodHandle$Holder.invokeInterface(java.lang.Object, java.lang.Object)'> (0x00000000eab38308) 
thrown [s\src\hotspot\share\interpreter\linkResolver.cpp, line 759]
Event: 1.052 Thread 0x000001d06ffb2350 Exception <a 'java/lang/IncompatibleClassChangeError'{0x00000000eab3bb00}: Found class java.lang.Object, but interface was expected> (0x00000000eab3bb00) 
thrown [s\src\hotspot\share\interpreter\linkResolver.cpp, line 826]
Event: 1.053 Thread 0x000001d06ffb2350 Exception <a 'java/lang/NoSuchMethodError'{0x00000000eab40228}: 'void java.lang.invoke.DirectMethodHandle$Holder.invokeStatic(java.lang.Object, java.lang.Object)'> (0x00000000eab40228) 
thrown [s\src\hotspot\share\interpreter\linkResolver.cpp, line 759]
Event: 1.054 Thread 0x000001d06ffb2350 Exception <a 'java/lang/NoSuchMethodError'{0x00000000eab43b40}: 'void java.lang.invoke.DirectMethodHandle$Holder.invokeStaticInit(java.lang.Object, java.lang.Object)'> (0x00000000eab43b40) 
thrown [s\src\hotspot\share\interpreter\linkResolver.cpp, line 759]
Event: 1.055 Thread 0x000001d06ffb2350 Exception <a 'java/lang/NoSuchMethodError'{0x00000000eab4b338}: 'int java.lang.invoke.DirectMethodHandle$Holder.invokeStaticInit(java.lang.Object, java.lang.Object)'> (0x00000000eab4b338) 
thrown [s\src\hotspot\share\interpreter\linkResolver.cpp, line 759]
Event: 1.094 Thread 0x000001d06ffb2350 Exception <a 'java/lang/NoSuchMethodError'{0x00000000eacdade0}: 'void java.lang.invoke.DirectMethodHandle$Holder.invokeSpecial(java.lang.Object, java.lang.Object, java.lang.Object)'> (0x00000000eacdade0) 
thrown [s\src\hotspot\share\interpreter\linkResolver.cpp, line 759]
Event: 1.431 Thread 0x000001d06ffb2350 Exception <a 'java/lang/NoSuchMethodError'{0x00000000eb97dcd0}: 'java.lang.Object java.lang.invoke.DirectMethodHandle$Holder.newInvokeSpecial(java.lang.Object, int, java.lang.Object)'> (0x00000000eb97dcd0) 
thrown [s\src\hotspot\share\interpreter\linkResolver.cpp, line 759]
Event: 1.732 Thread 0x000001d06ffb2350 Exception <a 'java/lang/UnsatisfiedLinkError'{0x00000000ebef32a8}: 'void org.eclipse.equinox.launcher.JNIBridge._update_splash()'> (0x00000000ebef32a8) 
thrown [s\src\hotspot\share\prims\nativeLookup.cpp, line 543]
Event: 1.851 Thread 0x000001d07cf66ee0 Exception <a 'java/lang/NoSuchMethodError'{0x00000000ec1d52d8}: 'java.lang.Object java.lang.invoke.DirectMethodHandle$Holder.invokeStaticInit(java.lang.Object)'> (0x00000000ec1d52d8) 
thrown [s\src\hotspot\share\interpreter\linkResolver.cpp, line 759]

VM Operations (20 events):
Event: 0.570 Executing VM operation: HandshakeAllThreads
Event: 0.570 Executing VM operation: HandshakeAllThreads done
Event: 0.616 Executing VM operation: HandshakeAllThreads
Event: 0.616 Executing VM operation: HandshakeAllThreads done
Event: 0.918 Executing VM operation: HandshakeAllThreads
Event: 0.918 Executing VM operation: HandshakeAllThreads done
Event: 0.993 Executing VM operation: ICBufferFull
Event: 0.993 Executing VM operation: ICBufferFull done
Event: 1.019 Executing VM operation: ParallelGCFailedAllocation
Event: 1.040 Executing VM operation: ParallelGCFailedAllocation done
Event: 1.398 Executing VM operation: HandshakeAllThreads
Event: 1.398 Executing VM operation: HandshakeAllThreads done
Event: 1.399 Executing VM operation: HandshakeAllThreads
Event: 1.399 Executing VM operation: HandshakeAllThreads done
Event: 1.411 Executing VM operation: HandshakeAllThreads
Event: 1.411 Executing VM operation: HandshakeAllThreads done
Event: 1.871 Executing VM operation: HandshakeAllThreads
Event: 1.871 Executing VM operation: HandshakeAllThreads done
Event: 1.931 Executing VM operation: ParallelGCFailedAllocation
Event: 1.938 Executing VM operation: ParallelGCFailedAllocation done

Events (20 events):
Event: 2.003 loading class java/io/CharConversionException
Event: 2.003 loading class java/io/CharConversionException done
Event: 2.003 loading class com/sun/org/apache/xerces/internal/impl/io/MalformedByteSequenceException done
Event: 2.032 loading class java/util/concurrent/RejectedExecutionException
Event: 2.032 loading class java/util/concurrent/RejectedExecutionException done
Event: 2.032 loading class java/util/concurrent/CompletionStage
Event: 2.035 loading class java/util/concurrent/CompletionStage done
Event: 2.037 loading class java/util/Timer
Event: 2.038 loading class java/util/Timer done
Event: 2.038 loading class java/util/TaskQueue
Event: 2.038 loading class java/util/TaskQueue done
Event: 2.038 loading class java/util/TimerThread
Event: 2.038 loading class java/util/TimerThread done
Event: 2.038 loading class java/util/Timer$ThreadReaper
Event: 2.038 loading class java/util/Timer$ThreadReaper done
Event: 2.038 Thread 0x000001d07d052a60 Thread added: 0x000001d07d052a60
Event: 2.057 loading class java/util/concurrent/locks/ReentrantLock$FairSync
Event: 2.058 loading class java/util/concurrent/locks/ReentrantLock$FairSync done
Event: 2.059 loading class java/util/Collections$ReverseComparator
Event: 2.059 loading class java/util/Collections$ReverseComparator done


Dynamic libraries:
0x00007ff792450000 - 0x00007ff79245e000 	c:\Program Files\Eclipse Adoptium\jdk-17.0.5.8-hotspot\bin\java.exe
0x00007ffeb02d0000 - 0x00007ffeb04c8000 	C:\Windows\SYSTEM32\ntdll.dll
0x00007ffeaea70000 - 0x00007ffeaeb2f000 	C:\Windows\System32\KERNEL32.DLL
0x00007ffeadbf0000 - 0x00007ffeadec2000 	C:\Windows\System32\KERNELBASE.dll
0x00007ffeadac0000 - 0x00007ffeadbc0000 	C:\Windows\System32\ucrtbase.dll
0x00007ffe98200000 - 0x00007ffe98219000 	c:\Program Files\Eclipse Adoptium\jdk-17.0.5.8-hotspot\bin\VCRUNTIME140.dll
0x00007ffea4cf0000 - 0x00007ffea4d07000 	c:\Program Files\Eclipse Adoptium\jdk-17.0.5.8-hotspot\bin\jli.dll
0x00007ffeaecf0000 - 0x00007ffeaee91000 	C:\Windows\System32\USER32.dll
0x00007ffeadbc0000 - 0x00007ffeadbe2000 	C:\Windows\System32\win32u.dll
0x00007ffeaefd0000 - 0x00007ffeaeffb000 	C:\Windows\System32\GDI32.dll
0x00007ffeadf70000 - 0x00007ffeae07f000 	C:\Windows\System32\gdi32full.dll
0x00007ffeaded0000 - 0x00007ffeadf6d000 	C:\Windows\System32\msvcp_win.dll
0x00007ffe953b0000 - 0x00007ffe9564a000 	C:\Windows\WinSxS\amd64_microsoft.windows.common-controls_6595b64144ccf1df_6.0.19041.1110_none_60b5254171f9507e\COMCTL32.dll
0x00007ffeaf220000 - 0x00007ffeaf2be000 	C:\Windows\System32\msvcrt.dll
0x00007ffeaf3e0000 - 0x00007ffeaf412000 	C:\Windows\System32\IMM32.DLL
0x00007ffea7c50000 - 0x00007ffea7c5c000 	c:\Program Files\Eclipse Adoptium\jdk-17.0.5.8-hotspot\bin\vcruntime140_1.dll
0x00007ffe30800000 - 0x00007ffe30891000 	c:\Program Files\Eclipse Adoptium\jdk-17.0.5.8-hotspot\bin\msvcp140.dll
0x00007ffe03800000 - 0x00007ffe04444000 	c:\Program Files\Eclipse Adoptium\jdk-17.0.5.8-hotspot\bin\server\jvm.dll
0x00007ffeaeb30000 - 0x00007ffeaebde000 	C:\Windows\System32\ADVAPI32.dll
0x00007ffeafe90000 - 0x00007ffeaff2c000 	C:\Windows\System32\sechost.dll
0x00007ffeaeea0000 - 0x00007ffeaefc5000 	C:\Windows\System32\RPCRT4.dll
0x00007ffe97d30000 - 0x00007ffe97d39000 	C:\Windows\SYSTEM32\WSOCK32.dll
0x00007ffeaf1b0000 - 0x00007ffeaf21b000 	C:\Windows\System32\WS2_32.dll
0x00007ffe9ac70000 - 0x00007ffe9ac97000 	C:\Windows\SYSTEM32\WINMM.dll
0x00007ffea70c0000 - 0x00007ffea70ca000 	C:\Windows\SYSTEM32\VERSION.dll
0x00007ffeaba20000 - 0x00007ffeaba32000 	C:\Windows\SYSTEM32\kernel.appcore.dll
0x00007ffea4d30000 - 0x00007ffea4d3a000 	c:\Program Files\Eclipse Adoptium\jdk-17.0.5.8-hotspot\bin\jimage.dll
0x00007ffeab480000 - 0x00007ffeab664000 	C:\Windows\SYSTEM32\DBGHELP.DLL
0x00007ffea5d80000 - 0x00007ffea5db5000 	C:\Windows\SYSTEM32\dbgcore.DLL
0x00007ffeada30000 - 0x00007ffeadab2000 	C:\Windows\System32\bcryptPrimitives.dll
0x00007ffea8850000 - 0x00007ffea885e000 	c:\Program Files\Eclipse Adoptium\jdk-17.0.5.8-hotspot\bin\instrument.dll
0x00007ffe86cd0000 - 0x00007ffe86cf5000 	c:\Program Files\Eclipse Adoptium\jdk-17.0.5.8-hotspot\bin\java.dll
0x00007ffe30720000 - 0x00007ffe307f6000 	c:\Program Files\Eclipse Adoptium\jdk-17.0.5.8-hotspot\bin\jsvml.dll
0x00007ffeaf610000 - 0x00007ffeafd54000 	C:\Windows\System32\SHELL32.dll
0x00007ffeaba40000 - 0x00007ffeac1d2000 	C:\Windows\SYSTEM32\windows.storage.dll
0x00007ffeaff30000 - 0x00007ffeb0285000 	C:\Windows\System32\combase.dll
0x00007ffead420000 - 0x00007ffead450000 	C:\Windows\SYSTEM32\Wldp.dll
0x00007ffeae930000 - 0x00007ffeae9dd000 	C:\Windows\System32\SHCORE.dll
0x00007ffeaebe0000 - 0x00007ffeaec35000 	C:\Windows\System32\shlwapi.dll
0x00007ffead900000 - 0x00007ffead91f000 	C:\Windows\SYSTEM32\profapi.dll
0x00007ffe70640000 - 0x00007ffe70658000 	c:\Program Files\Eclipse Adoptium\jdk-17.0.5.8-hotspot\bin\zip.dll
0x00007ffe870f0000 - 0x00007ffe87109000 	C:\Program Files\Eclipse Adoptium\jdk-17.0.5.8-hotspot\bin\net.dll
0x00007ffea8e70000 - 0x00007ffea8f7c000 	C:\Windows\SYSTEM32\WINHTTP.dll
0x00007ffead180000 - 0x00007ffead1ea000 	C:\Windows\system32\mswsock.dll
0x00007ffe86e00000 - 0x00007ffe86e15000 	C:\Program Files\Eclipse Adoptium\jdk-17.0.5.8-hotspot\bin\nio.dll
0x00007ffe98130000 - 0x00007ffe98140000 	c:\Program Files\Eclipse Adoptium\jdk-17.0.5.8-hotspot\bin\verify.dll
0x00007ffe92810000 - 0x00007ffe9284e000 	C:\Users\leden\AppData\Roaming\Code\User\globalStorage\redhat.java\1.14.0\config_win\org.eclipse.equinox.launcher\org.eclipse.equinox.launcher.win32.win32.x86_64_1.2.700.v20221108-1024\eclipse_11801.dll
0x00007ffeafd60000 - 0x00007ffeafe8a000 	C:\Windows\System32\ole32.dll

dbghelp: loaded successfully - version: 4.0.5 - missing functions: none
symbol engine: initialized successfully - sym options: 0x614 - pdb path: .;c:\Program Files\Eclipse Adoptium\jdk-17.0.5.8-hotspot\bin;C:\Windows\SYSTEM32;C:\Windows\WinSxS\amd64_microsoft.windows.common-controls_6595b64144ccf1df_6.0.19041.1110_none_60b5254171f9507e;c:\Program Files\Eclipse Adoptium\jdk-17.0.5.8-hotspot\bin\server;C:\Users\leden\AppData\Roaming\Code\User\globalStorage\redhat.java\1.14.0\config_win\org.eclipse.equinox.launcher\org.eclipse.equinox.launcher.win32.win32.x86_64_1.2.700.v20221108-1024

VM Arguments:
jvm_args: --add-modules=ALL-SYSTEM --add-opens=java.base/java.util=ALL-UNNAMED --add-opens=java.base/java.lang=ALL-UNNAMED --add-opens=java.base/sun.nio.fs=ALL-UNNAMED -Declipse.application=org.eclipse.jdt.ls.core.id1 -Dosgi.bundles.defaultStartLevel=4 -Declipse.product=org.eclipse.jdt.ls.core.product -Djava.import.generatesMetadataFilesAtProjectRoot=false -Dfile.encoding=utf8 -XX:+UseParallelGC -XX:GCTimeRatio=4 -XX:AdaptiveSizePolicyWeight=90 -Dsun.zip.disableMemoryMapping=true -Xmx1G -Xms100m -Xlog:disable -javaagent:c:\Users\leden\.vscode\extensions\redhat.java-1.14.0-win32-x64\lombok\lombok-1.18.24.jar -XX:+HeapDumpOnOutOfMemoryError -XX:HeapDumpPath=c:\Users\leden\AppData\Roaming\Code\User\workspaceStorage\d3da77668b73ada3115bfe0976bf7c3b\redhat.java 
java_command: c:\Users\leden\.vscode\extensions\redhat.java-1.14.0-win32-x64\server\plugins\org.eclipse.equinox.launcher_1.6.400.v20210924-0641.jar -configuration c:\Users\leden\AppData\Roaming\Code\User\globalStorage\redhat.java\1.14.0\config_win -data c:\Users\leden\AppData\Roaming\Code\User\workspaceStorage\d3da77668b73ada3115bfe0976bf7c3b\redhat.java\jdt_ws
java_class_path (initial): c:\Users\leden\.vscode\extensions\redhat.java-1.14.0-win32-x64\server\plugins\org.eclipse.equinox.launcher_1.6.400.v20210924-0641.jar
Launcher Type: SUN_STANDARD

[Global flags]
    uintx AdaptiveSizePolicyWeight                 = 90                                        {product} {command line}
     intx CICompilerCount                          = 4                                         {product} {ergonomic}
    uintx GCTimeRatio                              = 4                                         {product} {command line}
     bool HeapDumpOnOutOfMemoryError               = true                                   {manageable} {command line}
    ccstr HeapDumpPath                             = c:\Users\leden\AppData\Roaming\Code\User\workspaceStorage\d3da77668b73ada3115bfe0976bf7c3b\redhat.java         {manageable} {command line}
   size_t InitialHeapSize                          = 104857600                                 {product} {command line}
   size_t MaxHeapSize                              = 1073741824                                {product} {command line}
   size_t MaxNewSize                               = 357564416                                 {product} {ergonomic}
   size_t MinHeapDeltaBytes                        = 524288                                    {product} {ergonomic}
   size_t MinHeapSize                              = 104857600                                 {product} {command line}
   size_t NewSize                                  = 34603008                                  {product} {ergonomic}
    uintx NonNMethodCodeHeapSize                   = 5839372                                {pd product} {ergonomic}
    uintx NonProfiledCodeHeapSize                  = 122909434                              {pd product} {ergonomic}
   size_t OldSize                                  = 70254592                                  {product} {ergonomic}
    uintx ProfiledCodeHeapSize                     = 122909434                              {pd product} {ergonomic}
    uintx ReservedCodeCacheSize                    = 251658240                              {pd product} {ergonomic}
     bool SegmentedCodeCache                       = true                                      {product} {ergonomic}
   size_t SoftMaxHeapSize                          = 1073741824                             {manageable} {ergonomic}
     bool UseCompressedClassPointers               = true                           {product lp64_product} {ergonomic}
     bool UseCompressedOops                        = true                           {product lp64_product} {ergonomic}
     bool UseLargePagesIndividualAllocation        = false                                  {pd product} {ergonomic}
     bool UseParallelGC                            = true                                      {product} {command line}

Logging:
Log output configuration:
 #0: stdout all=off uptime,level,tags
 #1: stderr all=off uptime,level,tags

Environment Variables:
JAVA_HOME=C:\Program Files\Eclipse Adoptium\jdk-17.0.5.8-hotspot
PATH=C:\ODB\bin;C:\Program Files\Eclipse Adoptium\jdk-17.0.5.8-hotspot\bin;C:\Program Files (x86)\Common Files\Oracle\Java\javapath;C:\Program Files\Eclipse Foundation\jdk-11.0.12.7-hotspot\bin;C:\Program Files\Python39\Scripts\;C:\Program Files\Python39\;C:\Windows\system32;C:\Windows;C:\Windows\System32\Wbem;C:\Windows\System32\WindowsPowerShell\v1.0\;C:\Windows\System32\OpenSSH\;C:\Program Files\Java\jdk1.8.0_301\bin;C:\Program Files\PuTTY\;C:\Program Files (x86)\NVIDIA Corporation\PhysX\Common;C:\texlive\2021\bin\Win32;C:\Gradle\gradle-7.3.3\bin;C:\Program Files\Git\cmd;C:\MinGW\bin;C:\php;C:\nasm;C:\Program Files\CMake\bin;C:\Program Files\nodejs\;C:\Program Files\dotnet\;C:\Users\leden\.cargo\bin;C:\Users\leden\AppData\Local\Microsoft\WindowsApps;C:\Users\leden\AppData\Local\Programs\Microsoft VS Code\bin;C:\cygwin64\bin;C:\Program Files\JetBrains\CLion 2021.2.2\bin;;C:\Users\leden\AppData\Local\GitHubDesktop\bin;C:\texlive\2021\bin\win32;C:\Program Files\JetBrains\IntelliJ IDEA 2021.2.3\bin;;C:\Users\leden\AppData\Roaming\npm;C:\graalvm\bin;C:\Program Files (x86)\Microsoft Visual Studio\2019\Community\VC\Tools\MSVC\14.16.27023\bin\HostX64\x64\1049;C:\apache-maven-3.8.6\bin;
USERNAME=leden
OS=Windows_NT
PROCESSOR_IDENTIFIER=Intel64 Family 6 Model 140 Stepping 1, GenuineIntel
TMP=C:\Users\leden\AppData\Local\Temp
TEMP=C:\Users\leden\AppData\Local\Temp



---------------  S Y S T E M  ---------------

OS:
 Windows 10 , 64 bit Build 19041 (10.0.19041.2364)
OS uptime: 4 days 2:57 hours
Hyper-V role detected

CPU: total 8 (initial active 8) (4 cores per cpu, 2 threads per core) family 6 model 140 stepping 1 microcode 0x8a, cx8, cmov, fxsr, ht, mmx, 3dnowpref, sse, sse2, sse3, ssse3, sse4.1, sse4.2, popcnt, lzcnt, tsc, tscinvbit, avx, avx2, aes, erms, clmul, bmi1, bmi2, adx, avx512f, avx512dq, avx512cd, avx512bw, avx512vl, sha, fma, vzeroupper, avx512_vpopcntdq, avx512_vpclmulqdq, avx512_vaes, avx512_vnni, clflush, clflushopt, clwb, avx512_vbmi2, avx512_vbmi, hv

Memory: 4k page, system-wide physical 16167M (1209M free)
TotalPageFile size 65319M (AvailPageFile size 79M)
current process WorkingSet (physical memory assigned to process): 93M, peak: 93M
current process commit charge ("private bytes"): 213M, peak: 214M

vm_info: OpenJDK 64-Bit Server VM (17.0.5+8) for windows-amd64 JRE (17.0.5+8), built on Oct 19 2022 04:48:13 by "temurin" with MS VC++ 16.7 (VS2019)

END.
