#
# There is insufficient memory for the Java Runtime Environment to continue.
# Native memory allocation (malloc) failed to allocate 72528 bytes for Chunk::new
# Possible reasons:
#   The system is out of physical RAM or swap space
#   The process is running with CompressedOops enabled, and the Java Heap may be blocking the growth of the native heap
# Possible solutions:
#   Reduce memory load on the system
#   Increase physical memory or swap space
#   Check if swap backing store is full
#   Decrease Java heap size (-Xmx/-Xms)
#   Decrease number of Java threads
#   Decrease Java thread stack sizes (-Xss)
#   Set larger code cache with -XX:ReservedCodeCacheSize=
#   JVM is running with Unscaled Compressed Oops mode in which the Java heap is
#     placed in the first 4GB address space. The Java Heap base address is the
#     maximum limit for the native heap growth. Please use -XX:HeapBaseMinAddress
#     to set the Java Heap base and to place the Java Heap above 4GB virtual address.
# This output file may be truncated or incomplete.
#
#  Out of Memory Error (arena.cpp:189), pid=30308, tid=6248
#
# JRE version: OpenJDK Runtime Environment Temurin-17.0.5+8 (17.0.5+8) (build 17.0.5+8)
# Java VM: OpenJDK 64-Bit Server VM Temurin-17.0.5+8 (17.0.5+8, mixed mode, sharing, tiered, compressed oops, compressed class ptrs, parallel gc, windows-amd64)
# No core dump will be written. Minidumps are not enabled by default on client versions of Windows
#

---------------  S U M M A R Y ------------

Command Line: --add-modules=ALL-SYSTEM --add-opens=java.base/java.util=ALL-UNNAMED --add-opens=java.base/java.lang=ALL-UNNAMED --add-opens=java.base/sun.nio.fs=ALL-UNNAMED -Declipse.application=org.eclipse.jdt.ls.core.id1 -Dosgi.bundles.defaultStartLevel=4 -Declipse.product=org.eclipse.jdt.ls.core.product -Djava.import.generatesMetadataFilesAtProjectRoot=false -Dfile.encoding=utf8 -XX:+UseParallelGC -XX:GCTimeRatio=4 -XX:AdaptiveSizePolicyWeight=90 -Dsun.zip.disableMemoryMapping=true -Xmx1G -Xms100m -Xlog:disable -javaagent:c:\Users\leden\.vscode\extensions\redhat.java-1.14.0-win32-x64\lombok\lombok-1.18.24.jar -XX:+HeapDumpOnOutOfMemoryError -XX:HeapDumpPath=c:\Users\leden\AppData\Roaming\Code\User\workspaceStorage\d3da77668b73ada3115bfe0976bf7c3b\redhat.java c:\Users\leden\.vscode\extensions\redhat.java-1.14.0-win32-x64\server\plugins\org.eclipse.equinox.launcher_1.6.400.v20210924-0641.jar -configuration c:\Users\leden\AppData\Roaming\Code\User\globalStorage\redhat.java\1.14.0\config_win -data c:\Users\leden\AppData\Roaming\Code\User\workspaceStorage\d3da77668b73ada3115bfe0976bf7c3b\redhat.java\jdt_ws

Host: 11th Gen Intel(R) Core(TM) i7-1165G7 @ 2.80GHz, 8 cores, 15G,  Windows 10 , 64 bit Build 19041 (10.0.19041.2364)
Time: Mon Feb  6 18:03:38 2023 RTZ 2 (s 10 , 64 bit Build 19041 (10.0.19041.2364) elapsed time: 17.077010 seconds (0d 0h 0m 17s)

---------------  T H R E A D  ---------------

Current thread (0x0000019b13eecdf0):  JavaThread "C2 CompilerThread1" daemon [_thread_in_native, id=6248, stack(0x000000411c700000,0x000000411c800000)]


Current CompileTask:
C2:  17077 5712   !   4       java.util.Collections$SynchronizedCollection::contains (25 bytes)

Stack: [0x000000411c700000,0x000000411c800000]
Native frames: (J=compiled Java code, j=interpreted, Vv=VM code, C=native code)
V  [jvm.dll+0x676b3a]
V  [jvm.dll+0x831444]
V  [jvm.dll+0x832bee]
V  [jvm.dll+0x833253]
V  [jvm.dll+0x244ce5]
V  [jvm.dll+0xabbac]
V  [jvm.dll+0xac17c]
V  [jvm.dll+0x362d57]
V  [jvm.dll+0x1bb132]
V  [jvm.dll+0x217ca9]
V  [jvm.dll+0x216f71]
V  [jvm.dll+0x1a343d]
V  [jvm.dll+0x22698a]
V  [jvm.dll+0x224ac5]
V  [jvm.dll+0x7e727b]
V  [jvm.dll+0x7e17ea]
V  [jvm.dll+0x6759e5]
C  [ucrtbase.dll+0x21bb2]
C  [KERNEL32.DLL+0x17614]
C  [ntdll.dll+0x526a1]


---------------  P R O C E S S  ---------------

Threads class SMR info:
_java_thread_list=0x0000019b7fe00010, length=32, elements={
0x0000019b72180290, 0x0000019b7dd7f080, 0x0000019b7dd7fb40, 0x0000019b7dd94ae0,
0x0000019b7dd987c0, 0x0000019b7dd99080, 0x0000019b7dd99940, 0x0000019b7dd9ccf0,
0x0000019b7fbeb740, 0x0000019b7fbebc50, 0x0000019b7fc4ca90, 0x0000019b7fd9e310,
0x0000019b10064830, 0x0000019b100c3250, 0x0000019b105f3880, 0x0000019b0fe92610,
0x0000019b1028ff60, 0x0000019b102a6fa0, 0x0000019b102a4450, 0x0000019b102a4df0,
0x0000019b102a6600, 0x0000019b102a5c60, 0x0000019b102a6ad0, 0x0000019b102a6130,
0x0000019b102a5790, 0x0000019b1307a400, 0x0000019b13079f30, 0x0000019b1307bc10,
0x0000019b1307b270, 0x0000019b1307c5b0, 0x0000019b13eecdf0, 0x0000019b1307ada0
}

Java Threads: ( => current thread )
  0x0000019b72180290 JavaThread "main" [_thread_blocked, id=20280, stack(0x0000004119e00000,0x0000004119f00000)]
  0x0000019b7dd7f080 JavaThread "Reference Handler" daemon [_thread_blocked, id=19860, stack(0x000000411a100000,0x000000411a200000)]
  0x0000019b7dd7fb40 JavaThread "Finalizer" daemon [_thread_blocked, id=16780, stack(0x000000411a200000,0x000000411a300000)]
  0x0000019b7dd94ae0 JavaThread "Signal Dispatcher" daemon [_thread_blocked, id=29128, stack(0x000000411a300000,0x000000411a400000)]
  0x0000019b7dd987c0 JavaThread "Attach Listener" daemon [_thread_blocked, id=14800, stack(0x000000411a400000,0x000000411a500000)]
  0x0000019b7dd99080 JavaThread "Service Thread" daemon [_thread_blocked, id=28616, stack(0x000000411a500000,0x000000411a600000)]
  0x0000019b7dd99940 JavaThread "Monitor Deflation Thread" daemon [_thread_blocked, id=8496, stack(0x000000411a600000,0x000000411a700000)]
  0x0000019b7dd9ccf0 JavaThread "C2 CompilerThread0" daemon [_thread_in_native, id=20840, stack(0x000000411a700000,0x000000411a800000)]
  0x0000019b7fbeb740 JavaThread "C1 CompilerThread0" daemon [_thread_blocked, id=22928, stack(0x000000411a800000,0x000000411a900000)]
  0x0000019b7fbebc50 JavaThread "Sweeper thread" daemon [_thread_blocked, id=25508, stack(0x000000411a900000,0x000000411aa00000)]
  0x0000019b7fc4ca90 JavaThread "Common-Cleaner" daemon [_thread_blocked, id=18588, stack(0x000000411aa00000,0x000000411ab00000)]
  0x0000019b7fd9e310 JavaThread "Notification Thread" daemon [_thread_blocked, id=21644, stack(0x000000411ab00000,0x000000411ac00000)]
  0x0000019b10064830 JavaThread "Active Thread: Equinox Container: dea99ee1-ba32-40d3-afee-08aa266b0236" [_thread_blocked, id=9224, stack(0x000000411b500000,0x000000411b600000)]
  0x0000019b100c3250 JavaThread "Framework Event Dispatcher: Equinox Container: dea99ee1-ba32-40d3-afee-08aa266b0236" daemon [_thread_blocked, id=8128, stack(0x000000411b600000,0x000000411b700000)]
  0x0000019b105f3880 JavaThread "Start Level: Equinox Container: dea99ee1-ba32-40d3-afee-08aa266b0236" daemon [_thread_blocked, id=20500, stack(0x000000411b700000,0x000000411b800000)]
  0x0000019b0fe92610 JavaThread "SCR Component Actor" daemon [_thread_blocked, id=2164, stack(0x000000411b800000,0x000000411b900000)]
  0x0000019b1028ff60 JavaThread "Worker-JM" [_thread_blocked, id=25988, stack(0x000000411ad00000,0x000000411ae00000)]
  0x0000019b102a6fa0 JavaThread "Worker-0" [_thread_blocked, id=1476, stack(0x000000411ae00000,0x000000411af00000)]
  0x0000019b102a4450 JavaThread "Worker-1" [_thread_blocked, id=15892, stack(0x000000411bb00000,0x000000411bc00000)]
  0x0000019b102a4df0 JavaThread "Java indexing" daemon [_thread_blocked, id=26540, stack(0x000000411be00000,0x000000411bf00000)]
  0x0000019b102a6600 JavaThread "JNA Cleaner" daemon [_thread_blocked, id=12832, stack(0x000000411bf00000,0x000000411c000000)]
  0x0000019b102a5c60 JavaThread "Worker-2" [_thread_blocked, id=12280, stack(0x000000411c000000,0x000000411c100000)]
  0x0000019b102a6ad0 JavaThread "pool-2-thread-1" [_thread_blocked, id=22472, stack(0x000000411c100000,0x000000411c200000)]
  0x0000019b102a6130 JavaThread "pool-1-thread-1" [_thread_in_native, id=28164, stack(0x000000411c200000,0x000000411c300000)]
  0x0000019b102a5790 JavaThread "Timer-0" [_thread_blocked, id=29984, stack(0x000000411c300000,0x000000411c400000)]
  0x0000019b1307a400 JavaThread "Exec process" [_thread_blocked, id=27928, stack(0x000000411ba00000,0x000000411bb00000)]
  0x0000019b13079f30 JavaThread "Exec process Thread 2" [_thread_blocked, id=1820, stack(0x000000411bc00000,0x000000411bd00000)]
  0x0000019b1307bc10 JavaThread "Exec process Thread 3" [_thread_blocked, id=16688, stack(0x000000411bd00000,0x000000411be00000)]
  0x0000019b1307b270 JavaThread "Worker-3: Initialize workspace" [_thread_blocked, id=10884, stack(0x000000411c400000,0x000000411c500000)]
  0x0000019b1307c5b0 JavaThread "Worker-4" [_thread_blocked, id=22520, stack(0x000000411c500000,0x000000411c600000)]
=>0x0000019b13eecdf0 JavaThread "C2 CompilerThread1" daemon [_thread_in_native, id=6248, stack(0x000000411c700000,0x000000411c800000)]
  0x0000019b1307ada0 JavaThread "ForkJoinPool.commonPool-worker-1" daemon [_thread_in_Java, id=22424, stack(0x000000411c800000,0x000000411c900000)]

Other Threads:
  0x0000019b7224d5e0 VMThread "VM Thread" [stack: 0x000000411a000000,0x000000411a100000] [id=18736]
  0x0000019b7fd88b30 WatcherThread [stack: 0x000000411ac00000,0x000000411ad00000] [id=27040]
  0x0000019b721953e0 GCTaskThread "GC Thread#0" [stack: 0x0000004119f00000,0x000000411a000000] [id=17368]
  0x0000019b0fa024c0 GCTaskThread "GC Thread#1" [stack: 0x000000411af00000,0x000000411b000000] [id=23208]
  0x0000019b0fa02770 GCTaskThread "GC Thread#2" [stack: 0x000000411b000000,0x000000411b100000] [id=29092]
  0x0000019b10064de0 GCTaskThread "GC Thread#3" [stack: 0x000000411b100000,0x000000411b200000] [id=15748]
  0x0000019b10065090 GCTaskThread "GC Thread#4" [stack: 0x000000411b200000,0x000000411b300000] [id=28644]
  0x0000019b10065340 GCTaskThread "GC Thread#5" [stack: 0x000000411b300000,0x000000411b400000] [id=30076]
  0x0000019b100655f0 GCTaskThread "GC Thread#6" [stack: 0x000000411b400000,0x000000411b500000] [id=3204]
  0x0000019b100d1420 GCTaskThread "GC Thread#7" [stack: 0x000000411b900000,0x000000411ba00000] [id=11632]

Threads with active compile tasks:
C2 CompilerThread0    17097 5713       4       java.lang.invoke.MethodType::makeImpl (109 bytes)
C2 CompilerThread1    17097 5712   !   4       java.util.Collections$SynchronizedCollection::contains (25 bytes)

VM state: not at safepoint (normal execution)

VM Mutex/Monitor currently owned by a thread: None

Heap address: 0x00000000c0000000, size: 1024 MB, Compressed Oops mode: 32-bit

CDS archive(s) mapped at: [0x0000000800000000-0x0000000800bc0000-0x0000000800bc0000), size 12320768, SharedBaseAddress: 0x0000000800000000, ArchiveRelocationMode: 0.
Compressed class space mapped at: 0x0000000800c00000-0x0000000840c00000, reserved size: 1073741824
Narrow klass base: 0x0000000800000000, Narrow klass shift: 0, Narrow klass range: 0x100000000

GC Precious Log:
 CPUs: 8 total, 8 available
 Memory: 16167M
 Large Page Support: Disabled
 NUMA Support: Disabled
 Compressed Oops: Enabled (32-bit)
 Alignments: Space 512K, Generation 512K, Heap 2M
 Heap Min Capacity: 100M
 Heap Initial Capacity: 100M
 Heap Max Capacity: 1G
 Pre-touch: Disabled
 Parallel Workers: 8

Heap:
 PSYoungGen      total 24576K, used 13235K [0x00000000eab00000, 0x00000000ec680000, 0x0000000100000000)
  eden space 22016K, 56% used [0x00000000eab00000,0x00000000eb714fc8,0x00000000ec080000)
  from space 2560K, 33% used [0x00000000ec200000,0x00000000ec2d8000,0x00000000ec480000)
  to   space 1024K, 0% used [0x00000000ec580000,0x00000000ec580000,0x00000000ec680000)
 ParOldGen       total 68608K, used 33633K [0x00000000c0000000, 0x00000000c4300000, 0x00000000eab00000)
  object space 68608K, 49% used [0x00000000c0000000,0x00000000c20d85c8,0x00000000c4300000)
 Metaspace       used 49562K, committed 50496K, reserved 1097728K
  class space    used 5821K, committed 6208K, reserved 1048576K

Card table byte_map: [0x0000019b7b640000,0x0000019b7b850000] _byte_map_base: 0x0000019b7b040000

Marking Bits: (ParMarkBitMap*) 0x00007ffe04380dd0
 Begin Bits: [0x0000019b7b9b0000, 0x0000019b7c9b0000)
 End Bits:   [0x0000019b7c9b0000, 0x0000019b7d9b0000)

Polling page: 0x0000019b72250000

Metaspace:

Usage:
  Non-class:     42.72 MB used.
      Class:      5.68 MB used.
       Both:     48.40 MB used.

Virtual space:
  Non-class space:       48.00 MB reserved,      43.25 MB ( 90%) committed,  6 nodes.
      Class space:        1.00 GB reserved,       6.06 MB ( <1%) committed,  1 nodes.
             Both:        1.05 GB reserved,      49.31 MB (  5%) committed. 

Chunk freelists:
   Non-Class:  3.88 MB
       Class:  1.95 MB
        Both:  5.82 MB

MaxMetaspaceSize: unlimited
CompressedClassSpaceSize: 1.00 GB
Initial GC threshold: 21.00 MB
Current GC threshold: 58.38 MB
CDS: on
MetaspaceReclaimPolicy: balanced
 - commit_granule_bytes: 65536.
 - commit_granule_words: 8192.
 - virtual_space_node_default_size: 1048576.
 - enlarge_chunks_in_place: 1.
 - new_chunks_are_fully_committed: 0.
 - uncommit_free_chunks: 1.
 - use_allocation_guard: 0.
 - handle_deallocations: 1.


Internal statistics:

num_allocs_failed_limit: 6.
num_arena_births: 490.
num_arena_deaths: 14.
num_vsnodes_births: 7.
num_vsnodes_deaths: 0.
num_space_committed: 789.
num_space_uncommitted: 0.
num_chunks_returned_to_freelist: 20.
num_chunks_taken_from_freelist: 2536.
num_chunk_merges: 10.
num_chunk_splits: 1648.
num_chunks_enlarged: 1094.
num_purges: 2.
num_inconsistent_stats: 0.

CodeHeap 'non-profiled nmethods': size=120000Kb used=2688Kb max_used=2846Kb free=117311Kb
 bounds [0x0000019b07ad0000, 0x0000019b07da0000, 0x0000019b0f000000]
CodeHeap 'profiled nmethods': size=120000Kb used=9924Kb max_used=10394Kb free=110075Kb
 bounds [0x0000019b005a0000, 0x0000019b00fd0000, 0x0000019b07ad0000]
CodeHeap 'non-nmethods': size=5760Kb used=1305Kb max_used=1346Kb free=4454Kb
 bounds [0x0000019b00000000, 0x0000019b00270000, 0x0000019b005a0000]
 total_blobs=5540 nmethods=4920 adapters=534
 compilation: enabled
              stopped_count=0, restarted_count=0
 full_count=0

Compilation events (20 events):
Event: 17.050 Thread 0x0000019b7fbeb740 nmethod 5701 0x0000019b00cc2410 code [0x0000019b00cc25c0, 0x0000019b00cc2778]
Event: 17.050 Thread 0x0000019b7fbeb740 5703       3       org.eclipse.core.internal.runtime.InternalPlatform::getDefault (4 bytes)
Event: 17.050 Thread 0x0000019b7fbeb740 nmethod 5703 0x0000019b0072f710 code [0x0000019b0072f8a0, 0x0000019b0072f998]
Event: 17.054 Thread 0x0000019b7fbeb740 5705       3       java.lang.invoke.MemberName::asSpecial (89 bytes)
Event: 17.055 Thread 0x0000019b7fbeb740 nmethod 5705 0x0000019b009c4b10 code [0x0000019b009c4de0, 0x0000019b009c5aa8]
Event: 17.057 Thread 0x0000019b7fbeb740 5707       3       org.eclipse.core.internal.registry.RegistryObject::setExtraDataOffset (71 bytes)
Event: 17.058 Thread 0x0000019b7fbeb740 nmethod 5707 0x0000019b009c4590 code [0x0000019b009c4740, 0x0000019b009c49e8]
Event: 17.058 Thread 0x0000019b7fbeb740 5708       3       org.eclipse.core.internal.registry.RegistryObjectManager::getHandles (235 bytes)
Event: 17.059 Thread 0x0000019b7fbeb740 nmethod 5708 0x0000019b006b8210 code [0x0000019b006b84e0, 0x0000019b006b9ac8]
Event: 17.059 Thread 0x0000019b7fbeb740 5709       3       java.util.concurrent.ConcurrentHashMap$KeyIterator::next (34 bytes)
Event: 17.060 Thread 0x0000019b7fbeb740 nmethod 5709 0x0000019b006b7c90 code [0x0000019b006b7e40, 0x0000019b006b80b8]
Event: 17.060 Thread 0x0000019b7fbeb740 5710       3       org.eclipse.jdt.internal.launching.JREContainer$RuleEntry::rulesEqual (46 bytes)
Event: 17.061 Thread 0x0000019b7dd9ccf0 5711       4       org.eclipse.core.runtime.Path::segment (18 bytes)
Event: 17.061 Thread 0x0000019b13eecdf0 5712   !   4       java.util.Collections$SynchronizedCollection::contains (25 bytes)
Event: 17.062 Thread 0x0000019b7fbeb740 nmethod 5710 0x0000019b006b7390 code [0x0000019b006b7560, 0x0000019b006b7988]
Event: 17.063 Thread 0x0000019b7dd9ccf0 nmethod 5711 0x0000019b07c57f90 code [0x0000019b07c58100, 0x0000019b07c581b8]
Event: 17.063 Thread 0x0000019b7dd9ccf0 5713       4       java.lang.invoke.MethodType::makeImpl (109 bytes)
Event: 17.073 Thread 0x0000019b7fbeb740 5714       3       java.util.Locale::getDefault (63 bytes)
Event: 17.074 Thread 0x0000019b7fbeb740 nmethod 5714 0x0000019b009c3a10 code [0x0000019b009c3c20, 0x0000019b009c4368]
Event: 17.074 Thread 0x0000019b7fbeb740 5717       3       org.eclipse.osgi.internal.framework.BundleContextImpl::setContextFinder (56 bytes)

GC Heap History (20 events):
Event: 5.419 GC heap before
{Heap before GC invocations=12 (full 1):
 PSYoungGen      total 25088K, used 16650K [0x00000000eab00000, 0x00000000ec880000, 0x0000000100000000)
  eden space 23040K, 64% used [0x00000000eab00000,0x00000000eb98f530,0x00000000ec180000)
  from space 2048K, 84% used [0x00000000ec680000,0x00000000ec833310,0x00000000ec880000)
  to   space 2560K, 0% used [0x00000000ec380000,0x00000000ec380000,0x00000000ec600000)
 ParOldGen       total 68608K, used 12478K [0x00000000c0000000, 0x00000000c4300000, 0x00000000eab00000)
  object space 68608K, 18% used [0x00000000c0000000,0x00000000c0c2fa90,0x00000000c4300000)
 Metaspace       used 35102K, committed 35840K, reserved 1081344K
  class space    used 3729K, committed 4032K, reserved 1048576K
}
Event: 5.421 GC heap after
{Heap after GC invocations=12 (full 1):
 PSYoungGen      total 24576K, used 1056K [0x00000000eab00000, 0x00000000ec700000, 0x0000000100000000)
  eden space 23040K, 0% used [0x00000000eab00000,0x00000000eab00000,0x00000000ec180000)
  from space 1536K, 68% used [0x00000000ec380000,0x00000000ec488000,0x00000000ec500000)
  to   space 1536K, 0% used [0x00000000ec580000,0x00000000ec580000,0x00000000ec700000)
 ParOldGen       total 68608K, used 14114K [0x00000000c0000000, 0x00000000c4300000, 0x00000000eab00000)
  object space 68608K, 20% used [0x00000000c0000000,0x00000000c0dc8aa8,0x00000000c4300000)
 Metaspace       used 35102K, committed 35840K, reserved 1081344K
  class space    used 3729K, committed 4032K, reserved 1048576K
}
Event: 5.421 GC heap before
{Heap before GC invocations=13 (full 2):
 PSYoungGen      total 24576K, used 1056K [0x00000000eab00000, 0x00000000ec700000, 0x0000000100000000)
  eden space 23040K, 0% used [0x00000000eab00000,0x00000000eab00000,0x00000000ec180000)
  from space 1536K, 68% used [0x00000000ec380000,0x00000000ec488000,0x00000000ec500000)
  to   space 1536K, 0% used [0x00000000ec580000,0x00000000ec580000,0x00000000ec700000)
 ParOldGen       total 68608K, used 14114K [0x00000000c0000000, 0x00000000c4300000, 0x00000000eab00000)
  object space 68608K, 20% used [0x00000000c0000000,0x00000000c0dc8aa8,0x00000000c4300000)
 Metaspace       used 35102K, committed 35840K, reserved 1081344K
  class space    used 3729K, committed 4032K, reserved 1048576K
}
Event: 5.455 GC heap after
{Heap after GC invocations=13 (full 2):
 PSYoungGen      total 24576K, used 0K [0x00000000eab00000, 0x00000000ec700000, 0x0000000100000000)
  eden space 23040K, 0% used [0x00000000eab00000,0x00000000eab00000,0x00000000ec180000)
  from space 1536K, 0% used [0x00000000ec380000,0x00000000ec380000,0x00000000ec500000)
  to   space 1536K, 0% used [0x00000000ec580000,0x00000000ec580000,0x00000000ec700000)
 ParOldGen       total 68608K, used 14664K [0x00000000c0000000, 0x00000000c4300000, 0x00000000eab00000)
  object space 68608K, 21% used [0x00000000c0000000,0x00000000c0e520d8,0x00000000c4300000)
 Metaspace       used 35102K, committed 35840K, reserved 1081344K
  class space    used 3729K, committed 4032K, reserved 1048576K
}
Event: 5.849 GC heap before
{Heap before GC invocations=14 (full 2):
 PSYoungGen      total 24576K, used 23040K [0x00000000eab00000, 0x00000000ec700000, 0x0000000100000000)
  eden space 23040K, 100% used [0x00000000eab00000,0x00000000ec180000,0x00000000ec180000)
  from space 1536K, 0% used [0x00000000ec380000,0x00000000ec380000,0x00000000ec500000)
  to   space 1536K, 0% used [0x00000000ec580000,0x00000000ec580000,0x00000000ec700000)
 ParOldGen       total 68608K, used 14664K [0x00000000c0000000, 0x00000000c4300000, 0x00000000eab00000)
  object space 68608K, 21% used [0x00000000c0000000,0x00000000c0e520d8,0x00000000c4300000)
 Metaspace       used 38034K, committed 38848K, reserved 1089536K
  class space    used 4106K, committed 4480K, reserved 1048576K
}
Event: 5.851 GC heap after
{Heap after GC invocations=14 (full 2):
 PSYoungGen      total 24064K, used 1512K [0x00000000eab00000, 0x00000000ec700000, 0x0000000100000000)
  eden space 22528K, 0% used [0x00000000eab00000,0x00000000eab00000,0x00000000ec100000)
  from space 1536K, 98% used [0x00000000ec580000,0x00000000ec6fa300,0x00000000ec700000)
  to   space 2048K, 0% used [0x00000000ec300000,0x00000000ec300000,0x00000000ec500000)
 ParOldGen       total 68608K, used 14680K [0x00000000c0000000, 0x00000000c4300000, 0x00000000eab00000)
  object space 68608K, 21% used [0x00000000c0000000,0x00000000c0e560d8,0x00000000c4300000)
 Metaspace       used 38034K, committed 38848K, reserved 1089536K
  class space    used 4106K, committed 4480K, reserved 1048576K
}
Event: 6.275 GC heap before
{Heap before GC invocations=15 (full 2):
 PSYoungGen      total 24064K, used 24040K [0x00000000eab00000, 0x00000000ec700000, 0x0000000100000000)
  eden space 22528K, 100% used [0x00000000eab00000,0x00000000ec100000,0x00000000ec100000)
  from space 1536K, 98% used [0x00000000ec580000,0x00000000ec6fa300,0x00000000ec700000)
  to   space 2048K, 0% used [0x00000000ec300000,0x00000000ec300000,0x00000000ec500000)
 ParOldGen       total 68608K, used 14680K [0x00000000c0000000, 0x00000000c4300000, 0x00000000eab00000)
  object space 68608K, 21% used [0x00000000c0000000,0x00000000c0e560d8,0x00000000c4300000)
 Metaspace       used 38956K, committed 39744K, reserved 1089536K
  class space    used 4199K, committed 4544K, reserved 1048576K
}
Event: 6.278 GC heap after
{Heap after GC invocations=15 (full 2):
 PSYoungGen      total 24064K, used 2026K [0x00000000eab00000, 0x00000000ec980000, 0x0000000100000000)
  eden space 22016K, 0% used [0x00000000eab00000,0x00000000eab00000,0x00000000ec080000)
  from space 2048K, 98% used [0x00000000ec300000,0x00000000ec4fa8f8,0x00000000ec500000)
  to   space 4608K, 0% used [0x00000000ec500000,0x00000000ec500000,0x00000000ec980000)
 ParOldGen       total 68608K, used 16712K [0x00000000c0000000, 0x00000000c4300000, 0x00000000eab00000)
  object space 68608K, 24% used [0x00000000c0000000,0x00000000c1052270,0x00000000c4300000)
 Metaspace       used 38956K, committed 39744K, reserved 1089536K
  class space    used 4199K, committed 4544K, reserved 1048576K
}
Event: 6.716 GC heap before
{Heap before GC invocations=16 (full 2):
 PSYoungGen      total 24064K, used 24029K [0x00000000eab00000, 0x00000000ec980000, 0x0000000100000000)
  eden space 22016K, 99% used [0x00000000eab00000,0x00000000ec07cee0,0x00000000ec080000)
  from space 2048K, 98% used [0x00000000ec300000,0x00000000ec4fa8f8,0x00000000ec500000)
  to   space 4608K, 0% used [0x00000000ec500000,0x00000000ec500000,0x00000000ec980000)
 ParOldGen       total 68608K, used 16712K [0x00000000c0000000, 0x00000000c4300000, 0x00000000eab00000)
  object space 68608K, 24% used [0x00000000c0000000,0x00000000c1052270,0x00000000c4300000)
 Metaspace       used 40704K, committed 41536K, reserved 1089536K
  class space    used 4463K, committed 4800K, reserved 1048576K
}
Event: 6.721 GC heap after
{Heap after GC invocations=16 (full 2):
 PSYoungGen      total 25600K, used 3542K [0x00000000eab00000, 0x00000000ec880000, 0x0000000100000000)
  eden space 22016K, 0% used [0x00000000eab00000,0x00000000eab00000,0x00000000ec080000)
  from space 3584K, 98% used [0x00000000ec500000,0x00000000ec8758c8,0x00000000ec880000)
  to   space 4096K, 0% used [0x00000000ec080000,0x00000000ec080000,0x00000000ec480000)
 ParOldGen       total 68608K, used 18649K [0x00000000c0000000, 0x00000000c4300000, 0x00000000eab00000)
  object space 68608K, 27% used [0x00000000c0000000,0x00000000c1236410,0x00000000c4300000)
 Metaspace       used 40704K, committed 41536K, reserved 1089536K
  class space    used 4463K, committed 4800K, reserved 1048576K
}
Event: 7.259 GC heap before
{Heap before GC invocations=17 (full 2):
 PSYoungGen      total 25600K, used 25558K [0x00000000eab00000, 0x00000000ec880000, 0x0000000100000000)
  eden space 22016K, 100% used [0x00000000eab00000,0x00000000ec080000,0x00000000ec080000)
  from space 3584K, 98% used [0x00000000ec500000,0x00000000ec8758c8,0x00000000ec880000)
  to   space 4096K, 0% used [0x00000000ec080000,0x00000000ec080000,0x00000000ec480000)
 ParOldGen       total 68608K, used 18649K [0x00000000c0000000, 0x00000000c4300000, 0x00000000eab00000)
  object space 68608K, 27% used [0x00000000c0000000,0x00000000c1236410,0x00000000c4300000)
 Metaspace       used 42155K, committed 43008K, reserved 1089536K
  class space    used 4730K, committed 5056K, reserved 1048576K
}
Event: 7.263 GC heap after
{Heap after GC invocations=17 (full 2):
 PSYoungGen      total 26112K, used 3725K [0x00000000eab00000, 0x00000000ec880000, 0x0000000100000000)
  eden space 22016K, 0% used [0x00000000eab00000,0x00000000eab00000,0x00000000ec080000)
  from space 4096K, 90% used [0x00000000ec080000,0x00000000ec423440,0x00000000ec480000)
  to   space 4096K, 0% used [0x00000000ec480000,0x00000000ec480000,0x00000000ec880000)
 ParOldGen       total 68608K, used 24821K [0x00000000c0000000, 0x00000000c4300000, 0x00000000eab00000)
  object space 68608K, 36% used [0x00000000c0000000,0x00000000c183d790,0x00000000c4300000)
 Metaspace       used 42155K, committed 43008K, reserved 1089536K
  class space    used 4730K, committed 5056K, reserved 1048576K
}
Event: 7.645 GC heap before
{Heap before GC invocations=18 (full 2):
 PSYoungGen      total 26112K, used 25741K [0x00000000eab00000, 0x00000000ec880000, 0x0000000100000000)
  eden space 22016K, 100% used [0x00000000eab00000,0x00000000ec080000,0x00000000ec080000)
  from space 4096K, 90% used [0x00000000ec080000,0x00000000ec423440,0x00000000ec480000)
  to   space 4096K, 0% used [0x00000000ec480000,0x00000000ec480000,0x00000000ec880000)
 ParOldGen       total 68608K, used 24821K [0x00000000c0000000, 0x00000000c4300000, 0x00000000eab00000)
  object space 68608K, 36% used [0x00000000c0000000,0x00000000c183d790,0x00000000c4300000)
 Metaspace       used 42703K, committed 43584K, reserved 1089536K
  class space    used 4796K, committed 5184K, reserved 1048576K
}
Event: 7.647 GC heap after
{Heap after GC invocations=18 (full 2):
 PSYoungGen      total 23040K, used 640K [0x00000000eab00000, 0x00000000ec580000, 0x0000000100000000)
  eden space 22016K, 0% used [0x00000000eab00000,0x00000000eab00000,0x00000000ec080000)
  from space 1024K, 62% used [0x00000000ec480000,0x00000000ec520000,0x00000000ec580000)
  to   space 2048K, 0% used [0x00000000ec180000,0x00000000ec180000,0x00000000ec380000)
 ParOldGen       total 68608K, used 28423K [0x00000000c0000000, 0x00000000c4300000, 0x00000000eab00000)
  object space 68608K, 41% used [0x00000000c0000000,0x00000000c1bc1fd8,0x00000000c4300000)
 Metaspace       used 42703K, committed 43584K, reserved 1089536K
  class space    used 4796K, committed 5184K, reserved 1048576K
}
Event: 7.851 GC heap before
{Heap before GC invocations=19 (full 2):
 PSYoungGen      total 23040K, used 22656K [0x00000000eab00000, 0x00000000ec580000, 0x0000000100000000)
  eden space 22016K, 100% used [0x00000000eab00000,0x00000000ec080000,0x00000000ec080000)
  from space 1024K, 62% used [0x00000000ec480000,0x00000000ec520000,0x00000000ec580000)
  to   space 2048K, 0% used [0x00000000ec180000,0x00000000ec180000,0x00000000ec380000)
 ParOldGen       total 68608K, used 28423K [0x00000000c0000000, 0x00000000c4300000, 0x00000000eab00000)
  object space 68608K, 41% used [0x00000000c0000000,0x00000000c1bc1fd8,0x00000000c4300000)
 Metaspace       used 43388K, committed 44288K, reserved 1089536K
  class space    used 4948K, committed 5312K, reserved 1048576K
}
Event: 7.853 GC heap after
{Heap after GC invocations=19 (full 2):
 PSYoungGen      total 24064K, used 2028K [0x00000000eab00000, 0x00000000ecb80000, 0x0000000100000000)
  eden space 22016K, 0% used [0x00000000eab00000,0x00000000eab00000,0x00000000ec080000)
  from space 2048K, 99% used [0x00000000ec180000,0x00000000ec37b238,0x00000000ec380000)
  to   space 5632K, 0% used [0x00000000ec600000,0x00000000ec600000,0x00000000ecb80000)
 ParOldGen       total 68608K, used 31139K [0x00000000c0000000, 0x00000000c4300000, 0x00000000eab00000)
  object space 68608K, 45% used [0x00000000c0000000,0x00000000c1e68e10,0x00000000c4300000)
 Metaspace       used 43388K, committed 44288K, reserved 1089536K
  class space    used 4948K, committed 5312K, reserved 1048576K
}
Event: 8.264 GC heap before
{Heap before GC invocations=20 (full 2):
 PSYoungGen      total 24064K, used 24044K [0x00000000eab00000, 0x00000000ecb80000, 0x0000000100000000)
  eden space 22016K, 100% used [0x00000000eab00000,0x00000000ec080000,0x00000000ec080000)
  from space 2048K, 99% used [0x00000000ec180000,0x00000000ec37b238,0x00000000ec380000)
  to   space 5632K, 0% used [0x00000000ec600000,0x00000000ec600000,0x00000000ecb80000)
 ParOldGen       total 68608K, used 31139K [0x00000000c0000000, 0x00000000c4300000, 0x00000000eab00000)
  object space 68608K, 45% used [0x00000000c0000000,0x00000000c1e68e10,0x00000000c4300000)
 Metaspace       used 45813K, committed 46656K, reserved 1097728K
  class space    used 5368K, committed 5760K, reserved 1048576K
}
Event: 8.267 GC heap after
{Heap after GC invocations=20 (full 2):
 PSYoungGen      total 23040K, used 608K [0x00000000eab00000, 0x00000000ec700000, 0x0000000100000000)
  eden space 22016K, 0% used [0x00000000eab00000,0x00000000eab00000,0x00000000ec080000)
  from space 1024K, 59% used [0x00000000ec600000,0x00000000ec698000,0x00000000ec700000)
  to   space 2560K, 0% used [0x00000000ec200000,0x00000000ec200000,0x00000000ec480000)
 ParOldGen       total 68608K, used 33121K [0x00000000c0000000, 0x00000000c4300000, 0x00000000eab00000)
  object space 68608K, 48% used [0x00000000c0000000,0x00000000c20585c8,0x00000000c4300000)
 Metaspace       used 45813K, committed 46656K, reserved 1097728K
  class space    used 5368K, committed 5760K, reserved 1048576K
}
Event: 15.531 GC heap before
{Heap before GC invocations=21 (full 2):
 PSYoungGen      total 23040K, used 22624K [0x00000000eab00000, 0x00000000ec700000, 0x0000000100000000)
  eden space 22016K, 100% used [0x00000000eab00000,0x00000000ec080000,0x00000000ec080000)
  from space 1024K, 59% used [0x00000000ec600000,0x00000000ec698000,0x00000000ec700000)
  to   space 2560K, 0% used [0x00000000ec200000,0x00000000ec200000,0x00000000ec480000)
 ParOldGen       total 68608K, used 33121K [0x00000000c0000000, 0x00000000c4300000, 0x00000000eab00000)
  object space 68608K, 48% used [0x00000000c0000000,0x00000000c20585c8,0x00000000c4300000)
 Metaspace       used 48497K, committed 49408K, reserved 1097728K
  class space    used 5699K, committed 6080K, reserved 1048576K
}
Event: 15.532 GC heap after
{Heap after GC invocations=21 (full 2):
 PSYoungGen      total 24576K, used 864K [0x00000000eab00000, 0x00000000ec680000, 0x0000000100000000)
  eden space 22016K, 0% used [0x00000000eab00000,0x00000000eab00000,0x00000000ec080000)
  from space 2560K, 33% used [0x00000000ec200000,0x00000000ec2d8000,0x00000000ec480000)
  to   space 1024K, 0% used [0x00000000ec580000,0x00000000ec580000,0x00000000ec680000)
 ParOldGen       total 68608K, used 33633K [0x00000000c0000000, 0x00000000c4300000, 0x00000000eab00000)
  object space 68608K, 49% used [0x00000000c0000000,0x00000000c20d85c8,0x00000000c4300000)
 Metaspace       used 48497K, committed 49408K, reserved 1097728K
  class space    used 5699K, committed 6080K, reserved 1048576K
}

Dll operation events (15 events):
Event: 0.008 Loaded shared library c:\Program Files\Eclipse Adoptium\jdk-17.0.5.8-hotspot\bin\java.dll
Event: 0.019 Loaded shared library c:\Program Files\Eclipse Adoptium\jdk-17.0.5.8-hotspot\bin\jsvml.dll
Event: 0.123 Loaded shared library c:\Program Files\Eclipse Adoptium\jdk-17.0.5.8-hotspot\bin\zip.dll
Event: 0.127 Loaded shared library C:\Program Files\Eclipse Adoptium\jdk-17.0.5.8-hotspot\bin\instrument.dll
Event: 0.134 Loaded shared library C:\Program Files\Eclipse Adoptium\jdk-17.0.5.8-hotspot\bin\net.dll
Event: 0.136 Loaded shared library C:\Program Files\Eclipse Adoptium\jdk-17.0.5.8-hotspot\bin\nio.dll
Event: 0.144 Loaded shared library C:\Program Files\Eclipse Adoptium\jdk-17.0.5.8-hotspot\bin\zip.dll
Event: 0.159 Loaded shared library C:\Program Files\Eclipse Adoptium\jdk-17.0.5.8-hotspot\bin\jimage.dll
Event: 0.218 Loaded shared library c:\Program Files\Eclipse Adoptium\jdk-17.0.5.8-hotspot\bin\verify.dll
Event: 1.606 Loaded shared library C:\Users\leden\AppData\Roaming\Code\User\globalStorage\redhat.java\1.14.0\config_win\org.eclipse.equinox.launcher\org.eclipse.equinox.launcher.win32.win32.x86_64_1.2.700.v20221108-1024\eclipse_11801.dll
Event: 3.710 Loaded shared library C:\Users\leden\AppData\Local\Temp\jna-102848500\jna2074915655081499874.dll
Event: 7.175 Loaded shared library C:\Users\leden\.gradle\native\e1d6ef7f7dcc3fd88c89a11ec53ec762bb8ba0a96d01ffa2cd45eb1d1d8dd5c5\windows-amd64\native-platform.dll
Event: 7.923 Loaded shared library C:\Program Files\Eclipse Adoptium\jdk-17.0.5.8-hotspot\bin\management.dll
Event: 7.925 Loaded shared library C:\Program Files\Eclipse Adoptium\jdk-17.0.5.8-hotspot\bin\management_ext.dll
Event: 11.818 Loaded shared library C:\Program Files\Eclipse Adoptium\jdk-17.0.5.8-hotspot\bin\sunmscapi.dll

Deoptimization events (20 events):
Event: 17.008 Thread 0x0000019b1307ada0 Uncommon trap: trap_request=0xffffff3d fr.pc=0x0000019b07bc5320 relative=0x00000000000000a0
Event: 17.008 Thread 0x0000019b1307ada0 Uncommon trap: reason=unstable_fused_if action=reinterpret pc=0x0000019b07bc5320 method=org.eclipse.core.internal.jobs.InternalJob.getState()I @ 10 c2
Event: 17.008 Thread 0x0000019b1307ada0 DEOPT PACKING pc=0x0000019b07bc5320 sp=0x000000411c8fe130
Event: 17.008 Thread 0x0000019b1307ada0 DEOPT UNPACKING pc=0x0000019b000558a3 sp=0x000000411c8fe0c0 mode 2
Event: 17.019 Thread 0x0000019b1307ada0 Uncommon trap: trap_request=0xffffff45 fr.pc=0x0000019b07bf0b58 relative=0x00000000000001b8
Event: 17.019 Thread 0x0000019b1307ada0 Uncommon trap: reason=unstable_if action=reinterpret pc=0x0000019b07bf0b58 method=org.eclipse.core.runtime.Path.computeLength()I @ 90 c2
Event: 17.019 Thread 0x0000019b1307ada0 DEOPT PACKING pc=0x0000019b07bf0b58 sp=0x000000411c8fe310
Event: 17.019 Thread 0x0000019b1307ada0 DEOPT UNPACKING pc=0x0000019b000558a3 sp=0x000000411c8fe290 mode 2
Event: 17.051 Thread 0x0000019b1307ada0 Uncommon trap: trap_request=0xffffff76 fr.pc=0x0000019b07c0bb0c relative=0x000000000000062c
Event: 17.051 Thread 0x0000019b1307ada0 Uncommon trap: reason=predicate action=maybe_recompile pc=0x0000019b07c0bb0c method=java.util.TreeMap.getEntryUsingComparator(Ljava/lang/Object;)Ljava/util/TreeMap$Entry; @ 19 c2
Event: 17.051 Thread 0x0000019b1307ada0 DEOPT PACKING pc=0x0000019b07c0bb0c sp=0x000000411c8fe820
Event: 17.051 Thread 0x0000019b1307ada0 DEOPT UNPACKING pc=0x0000019b000558a3 sp=0x000000411c8fe708 mode 2
Event: 17.068 Thread 0x0000019b1307ada0 Uncommon trap: trap_request=0xffffff45 fr.pc=0x0000019b07c258cc relative=0x000000000000066c
Event: 17.068 Thread 0x0000019b1307ada0 Uncommon trap: reason=unstable_if action=reinterpret pc=0x0000019b07c258cc method=org.eclipse.osgi.internal.framework.BundleContextImpl.setContextFinder()Ljava/lang/Object; @ 36 c2
Event: 17.068 Thread 0x0000019b1307ada0 DEOPT PACKING pc=0x0000019b07c258cc sp=0x000000411c8fd5f0
Event: 17.068 Thread 0x0000019b1307ada0 DEOPT UNPACKING pc=0x0000019b000558a3 sp=0x000000411c8fd520 mode 2
Event: 17.068 Thread 0x0000019b1307ada0 Uncommon trap: trap_request=0xffffff45 fr.pc=0x0000019b07c15524 relative=0x0000000000000284
Event: 17.068 Thread 0x0000019b1307ada0 Uncommon trap: reason=unstable_if action=reinterpret pc=0x0000019b07c15524 method=org.eclipse.osgi.internal.framework.BundleContextImpl.setContextFinder()Ljava/lang/Object; @ 36 c2
Event: 17.068 Thread 0x0000019b1307ada0 DEOPT PACKING pc=0x0000019b07c15524 sp=0x000000411c8fd550
Event: 17.068 Thread 0x0000019b1307ada0 DEOPT UNPACKING pc=0x0000019b000558a3 sp=0x000000411c8fd510 mode 2

Classes unloaded (7 events):
Event: 3.192 Thread 0x0000019b7224d5e0 Unloading class 0x0000000800d66400 'java/lang/invoke/LambdaForm$MH+0x0000000800d66400'
Event: 3.192 Thread 0x0000019b7224d5e0 Unloading class 0x0000000800d66000 'java/lang/invoke/LambdaForm$MH+0x0000000800d66000'
Event: 3.192 Thread 0x0000019b7224d5e0 Unloading class 0x0000000800d65c00 'java/lang/invoke/LambdaForm$MH+0x0000000800d65c00'
Event: 3.192 Thread 0x0000019b7224d5e0 Unloading class 0x0000000800d65400 'java/lang/invoke/LambdaForm$MH+0x0000000800d65400'
Event: 3.192 Thread 0x0000019b7224d5e0 Unloading class 0x0000000800d65000 'java/lang/invoke/LambdaForm$BMH+0x0000000800d65000'
Event: 3.192 Thread 0x0000019b7224d5e0 Unloading class 0x0000000800d64c00 'java/lang/invoke/LambdaForm$DMH+0x0000000800d64c00'
Event: 3.192 Thread 0x0000019b7224d5e0 Unloading class 0x0000000800d62000 'java/lang/invoke/LambdaForm$DMH+0x0000000800d62000'

Classes redefined (0 events):
No events

Internal exceptions (20 events):
Event: 15.016 Thread 0x0000019b102a3f80 Exception <a 'java/lang/NoSuchMethodError'{0x00000000ebf78928}: static Lorg/gradle/internal/build/event/types/DefaultBinaryPluginIdentifier;.<clinit>()V> (0x00000000ebf78928) 
thrown [s\src\hotspot\share\prims\jni.cpp, line 1107]
Event: 15.986 Thread 0x0000019b102a3f80 Exception <a 'java/lang/NoSuchMethodError'{0x00000000eaca98d0}: static Lorg/gradle/internal/build/event/types/DefaultScriptPluginIdentifier;.<clinit>()V> (0x00000000eaca98d0) 
thrown [s\src\hotspot\share\prims\jni.cpp, line 1107]
Event: 16.887 Thread 0x0000019b102a3f80 Exception <a 'java/lang/NoSuchMethodError'{0x00000000eadb8af0}: static Lorg/gradle/tooling/internal/provider/serialization/ClassLoaderDetails;.<clinit>()V> (0x00000000eadb8af0) 
thrown [s\src\hotspot\share\prims\jni.cpp, line 1107]
Event: 16.888 Thread 0x0000019b102a3f80 Exception <a 'java/lang/NoSuchMethodError'{0x00000000eadd1568}: static Lorg/gradle/internal/classloader/ClassLoaderSpec;.<clinit>()V> (0x00000000eadd1568) 
thrown [s\src\hotspot\share\prims\jni.cpp, line 1107]
Event: 16.889 Thread 0x0000019b102a3f80 Exception <a 'java/lang/NoSuchMethodError'{0x00000000eade07c0}: static Lorg/gradle/tooling/internal/provider/serialization/WellKnownClassLoaderRegistry$KnownClassLoaderSpec;.<clinit>()V> (0x00000000eade07c0) 
thrown [s\src\hotspot\share\prims\jni.cpp, line 1107]
Event: 16.910 Thread 0x0000019b102a4450 Exception <a 'java/io/FileNotFoundException'{0x00000000eaf03fc8}> (0x00000000eaf03fc8) 
thrown [s\src\hotspot\share\prims\jni.cpp, line 516]
Event: 16.923 Thread 0x0000019b102a4450 Exception <a 'java/io/FileNotFoundException'{0x00000000eaf8d830}> (0x00000000eaf8d830) 
thrown [s\src\hotspot\share\prims\jni.cpp, line 516]
Event: 16.924 Thread 0x0000019b102a4450 Exception <a 'java/io/FileNotFoundException'{0x00000000eaf8f178}> (0x00000000eaf8f178) 
thrown [s\src\hotspot\share\prims\jni.cpp, line 516]
Event: 16.934 Thread 0x0000019b102a4450 Exception <a 'sun/nio/fs/WindowsException'{0x00000000eafd8328}> (0x00000000eafd8328) 
thrown [s\src\hotspot\share\prims\jni.cpp, line 516]
Event: 16.934 Thread 0x0000019b102a6fa0 Exception <a 'java/lang/NoSuchMethodError'{0x00000000eb009d70}: 'int java.lang.invoke.DirectMethodHandle$Holder.invokeVirtual(java.lang.Object, java.lang.Object)'> (0x00000000eb009d70) 
thrown [s\src\hotspot\share\interpreter\linkResolver.cpp, line 759]
Event: 16.942 Thread 0x0000019b102a4450 Exception <a 'sun/nio/fs/WindowsException'{0x00000000eb038698}> (0x00000000eb038698) 
thrown [s\src\hotspot\share\prims\jni.cpp, line 516]
Event: 16.971 Thread 0x0000019b102a6130 Exception <a 'sun/nio/fs/WindowsException'{0x00000000eb25cd28}> (0x00000000eb25cd28) 
thrown [s\src\hotspot\share\prims\jni.cpp, line 516]
Event: 16.977 Thread 0x0000019b102a6130 Implicit null exception at 0x0000019b07d96d12 to 0x0000019b07d97254
Event: 16.982 Thread 0x0000019b102a6130 Exception <a 'sun/nio/fs/WindowsException'{0x00000000eb304c20}> (0x00000000eb304c20) 
thrown [s\src\hotspot\share\prims\jni.cpp, line 516]
Event: 16.988 Thread 0x0000019b102a6130 Exception <a 'java/lang/NoSuchMethodError'{0x00000000eb325a08}: 'java.lang.Object java.lang.invoke.DirectMethodHandle$Holder.invokeStatic(java.lang.Object, java.lang.Object, int, java.lang.Object)'> (0x00000000eb325a08) 
thrown [s\src\hotspot\share\interpreter\linkResolver.cpp, line 759]
Event: 16.989 Thread 0x0000019b102a6130 Exception <a 'java/lang/NoSuchMethodError'{0x00000000eb352380}: 'java.lang.Object java.lang.invoke.DirectMethodHandle$Holder.newInvokeSpecial(java.lang.Object, java.lang.Object, int)'> (0x00000000eb352380) 
thrown [s\src\hotspot\share\interpreter\linkResolver.cpp, line 759]
Event: 16.991 Thread 0x0000019b102a5c60 Exception <a 'java/io/FileNotFoundException'{0x00000000eb3835d8}> (0x00000000eb3835d8) 
thrown [s\src\hotspot\share\prims\jni.cpp, line 516]
Event: 16.992 Thread 0x0000019b102a5c60 Exception <a 'java/io/FileNotFoundException'{0x00000000eb384f00}> (0x00000000eb384f00) 
thrown [s\src\hotspot\share\prims\jni.cpp, line 516]
Event: 17.054 Thread 0x0000019b1307ada0 Exception <a 'java/lang/NoSuchMethodError'{0x00000000eb631b10}: 'java.lang.Object java.lang.invoke.DirectMethodHandle$Holder.newInvokeSpecial(java.lang.Object, java.lang.Object, java.lang.Object, java.lang.Object, java.lang.Object, java.lang.Object)'> (0x00000000eb631b10) 
thrown [s\src\hotspot\share\interpreter\linkResolver.cpp, line 759]
Event: 17.056 Thread 0x0000019b1307ada0 Exception <a 'java/lang/NoSuchMethodError'{0x00000000eb64b788}: 'int java.lang.invoke.DirectMethodHandle$Holder.invokeStatic(java.lang.Object)'> (0x00000000eb64b788) 
thrown [s\src\hotspot\share\interpreter\linkResolver.cpp, line 759]

VM Operations (20 events):
Event: 8.404 Executing VM operation: HandshakeAllThreads
Event: 8.404 Executing VM operation: HandshakeAllThreads done
Event: 9.404 Executing VM operation: Cleanup
Event: 9.404 Executing VM operation: Cleanup done
Event: 10.405 Executing VM operation: Cleanup
Event: 10.405 Executing VM operation: Cleanup done
Event: 11.805 Executing VM operation: HandshakeAllThreads
Event: 11.805 Executing VM operation: HandshakeAllThreads done
Event: 11.805 Executing VM operation: Cleanup
Event: 11.805 Executing VM operation: Cleanup done
Event: 13.806 Executing VM operation: Cleanup
Event: 13.806 Executing VM operation: Cleanup done
Event: 14.807 Executing VM operation: Cleanup
Event: 14.807 Executing VM operation: Cleanup done
Event: 15.531 Executing VM operation: ParallelGCFailedAllocation
Event: 15.532 Executing VM operation: ParallelGCFailedAllocation done
Event: 16.533 Executing VM operation: Cleanup
Event: 16.533 Executing VM operation: Cleanup done
Event: 16.894 Executing VM operation: HandshakeAllThreads
Event: 16.894 Executing VM operation: HandshakeAllThreads done

Events (20 events):
Event: 16.937 loading class java/nio/channels/Channels$1
Event: 16.938 loading class java/nio/channels/Channels$1 done
Event: 16.938 loading class java/nio/file/StandardCopyOption
Event: 16.938 loading class java/nio/file/StandardCopyOption done
Event: 16.938 loading class sun/nio/fs/WindowsFileCopy
Event: 16.939 loading class sun/nio/fs/WindowsFileCopy done
Event: 16.942 Thread 0x0000019b1307b270 Thread added: 0x0000019b1307b270
Event: 16.958 loading class java/util/Collections$SynchronizedRandomAccessList
Event: 16.959 loading class java/util/Collections$SynchronizedList
Event: 16.959 loading class java/util/Collections$SynchronizedList done
Event: 16.959 loading class java/util/Collections$SynchronizedRandomAccessList done
Event: 16.960 loading class java/util/ArrayDeque$DeqSpliterator
Event: 16.960 loading class java/util/ArrayDeque$DeqSpliterator done
Event: 16.963 Thread 0x0000019b1307c5b0 Thread added: 0x0000019b1307c5b0
Event: 16.980 Thread 0x0000019b13eecdf0 Thread added: 0x0000019b13eecdf0
Event: 16.989 loading class java/util/WeakHashMap$KeyIterator
Event: 16.989 loading class java/util/WeakHashMap$KeyIterator done
Event: 16.990 loading class java/util/concurrent/CompletableFuture$UniApply
Event: 16.991 loading class java/util/concurrent/CompletableFuture$UniApply done
Event: 16.992 Thread 0x0000019b1307ada0 Thread added: 0x0000019b1307ada0


Dynamic libraries:
0x00007ff792450000 - 0x00007ff79245e000 	c:\Program Files\Eclipse Adoptium\jdk-17.0.5.8-hotspot\bin\java.exe
0x00007ffeb02d0000 - 0x00007ffeb04c8000 	C:\Windows\SYSTEM32\ntdll.dll
0x00007ffeaea70000 - 0x00007ffeaeb2f000 	C:\Windows\System32\KERNEL32.DLL
0x00007ffeadbf0000 - 0x00007ffeadec2000 	C:\Windows\System32\KERNELBASE.dll
0x00007ffeadac0000 - 0x00007ffeadbc0000 	C:\Windows\System32\ucrtbase.dll
0x00007ffea4cf0000 - 0x00007ffea4d07000 	c:\Program Files\Eclipse Adoptium\jdk-17.0.5.8-hotspot\bin\jli.dll
0x00007ffeaecf0000 - 0x00007ffeaee91000 	C:\Windows\System32\USER32.dll
0x00007ffeadbc0000 - 0x00007ffeadbe2000 	C:\Windows\System32\win32u.dll
0x00007ffeaefd0000 - 0x00007ffeaeffb000 	C:\Windows\System32\GDI32.dll
0x00007ffeadf70000 - 0x00007ffeae07f000 	C:\Windows\System32\gdi32full.dll
0x00007ffeaded0000 - 0x00007ffeadf6d000 	C:\Windows\System32\msvcp_win.dll
0x00007ffe953b0000 - 0x00007ffe9564a000 	C:\Windows\WinSxS\amd64_microsoft.windows.common-controls_6595b64144ccf1df_6.0.19041.1110_none_60b5254171f9507e\COMCTL32.dll
0x00007ffeaf220000 - 0x00007ffeaf2be000 	C:\Windows\System32\msvcrt.dll
0x00007ffe98200000 - 0x00007ffe98219000 	c:\Program Files\Eclipse Adoptium\jdk-17.0.5.8-hotspot\bin\VCRUNTIME140.dll
0x00007ffeaf3e0000 - 0x00007ffeaf412000 	C:\Windows\System32\IMM32.DLL
0x00007ffea7c50000 - 0x00007ffea7c5c000 	c:\Program Files\Eclipse Adoptium\jdk-17.0.5.8-hotspot\bin\vcruntime140_1.dll
0x00007ffe30800000 - 0x00007ffe30891000 	c:\Program Files\Eclipse Adoptium\jdk-17.0.5.8-hotspot\bin\msvcp140.dll
0x00007ffe03800000 - 0x00007ffe04444000 	c:\Program Files\Eclipse Adoptium\jdk-17.0.5.8-hotspot\bin\server\jvm.dll
0x00007ffeaeb30000 - 0x00007ffeaebde000 	C:\Windows\System32\ADVAPI32.dll
0x00007ffeafe90000 - 0x00007ffeaff2c000 	C:\Windows\System32\sechost.dll
0x00007ffeaeea0000 - 0x00007ffeaefc5000 	C:\Windows\System32\RPCRT4.dll
0x00007ffe97d30000 - 0x00007ffe97d39000 	C:\Windows\SYSTEM32\WSOCK32.dll
0x00007ffeaf1b0000 - 0x00007ffeaf21b000 	C:\Windows\System32\WS2_32.dll
0x00007ffe9ac70000 - 0x00007ffe9ac97000 	C:\Windows\SYSTEM32\WINMM.dll
0x00007ffea70c0000 - 0x00007ffea70ca000 	C:\Windows\SYSTEM32\VERSION.dll
0x00007ffeaba20000 - 0x00007ffeaba32000 	C:\Windows\SYSTEM32\kernel.appcore.dll
0x00007ffea4d30000 - 0x00007ffea4d3a000 	c:\Program Files\Eclipse Adoptium\jdk-17.0.5.8-hotspot\bin\jimage.dll
0x00007ffeab480000 - 0x00007ffeab664000 	C:\Windows\SYSTEM32\DBGHELP.DLL
0x00007ffea5d80000 - 0x00007ffea5db5000 	C:\Windows\SYSTEM32\dbgcore.DLL
0x00007ffeada30000 - 0x00007ffeadab2000 	C:\Windows\System32\bcryptPrimitives.dll
0x00007ffea8850000 - 0x00007ffea885e000 	c:\Program Files\Eclipse Adoptium\jdk-17.0.5.8-hotspot\bin\instrument.dll
0x00007ffe86cd0000 - 0x00007ffe86cf5000 	c:\Program Files\Eclipse Adoptium\jdk-17.0.5.8-hotspot\bin\java.dll
0x00007ffe30720000 - 0x00007ffe307f6000 	c:\Program Files\Eclipse Adoptium\jdk-17.0.5.8-hotspot\bin\jsvml.dll
0x00007ffeaf610000 - 0x00007ffeafd54000 	C:\Windows\System32\SHELL32.dll
0x00007ffeaba40000 - 0x00007ffeac1d2000 	C:\Windows\SYSTEM32\windows.storage.dll
0x00007ffeaff30000 - 0x00007ffeb0285000 	C:\Windows\System32\combase.dll
0x00007ffead420000 - 0x00007ffead450000 	C:\Windows\SYSTEM32\Wldp.dll
0x00007ffeae930000 - 0x00007ffeae9dd000 	C:\Windows\System32\SHCORE.dll
0x00007ffeaebe0000 - 0x00007ffeaec35000 	C:\Windows\System32\shlwapi.dll
0x00007ffead900000 - 0x00007ffead91f000 	C:\Windows\SYSTEM32\profapi.dll
0x00007ffe70640000 - 0x00007ffe70658000 	c:\Program Files\Eclipse Adoptium\jdk-17.0.5.8-hotspot\bin\zip.dll
0x00007ffe870f0000 - 0x00007ffe87109000 	C:\Program Files\Eclipse Adoptium\jdk-17.0.5.8-hotspot\bin\net.dll
0x00007ffea8e70000 - 0x00007ffea8f7c000 	C:\Windows\SYSTEM32\WINHTTP.dll
0x00007ffead180000 - 0x00007ffead1ea000 	C:\Windows\system32\mswsock.dll
0x00007ffe86e00000 - 0x00007ffe86e15000 	C:\Program Files\Eclipse Adoptium\jdk-17.0.5.8-hotspot\bin\nio.dll
0x00007ffe98130000 - 0x00007ffe98140000 	c:\Program Files\Eclipse Adoptium\jdk-17.0.5.8-hotspot\bin\verify.dll
0x00007ffe92810000 - 0x00007ffe9284e000 	C:\Users\leden\AppData\Roaming\Code\User\globalStorage\redhat.java\1.14.0\config_win\org.eclipse.equinox.launcher\org.eclipse.equinox.launcher.win32.win32.x86_64_1.2.700.v20221108-1024\eclipse_11801.dll
0x00007ffeafd60000 - 0x00007ffeafe8a000 	C:\Windows\System32\ole32.dll
0x00007ffead370000 - 0x00007ffead388000 	C:\Windows\SYSTEM32\CRYPTSP.dll
0x00007ffeaca30000 - 0x00007ffeaca64000 	C:\Windows\system32\rsaenh.dll
0x00007ffeae290000 - 0x00007ffeae2b7000 	C:\Windows\System32\bcrypt.dll
0x00007ffead880000 - 0x00007ffead8ae000 	C:\Windows\SYSTEM32\USERENV.dll
0x00007ffead390000 - 0x00007ffead39c000 	C:\Windows\SYSTEM32\CRYPTBASE.dll
0x00007ffeace20000 - 0x00007ffeace5b000 	C:\Windows\SYSTEM32\IPHLPAPI.DLL
0x00007ffeae4b0000 - 0x00007ffeae4b8000 	C:\Windows\System32\NSI.dll
0x00007ffea8c70000 - 0x00007ffea8c87000 	C:\Windows\SYSTEM32\dhcpcsvc6.DLL
0x00007ffea8c50000 - 0x00007ffea8c6d000 	C:\Windows\SYSTEM32\dhcpcsvc.DLL
0x00007ffeace60000 - 0x00007ffeacf2a000 	C:\Windows\SYSTEM32\DNSAPI.dll
0x00007ffe73bd0000 - 0x00007ffe73c10000 	C:\Users\leden\AppData\Local\Temp\jna-102848500\jna2074915655081499874.dll
0x00007ffeaf550000 - 0x00007ffeaf558000 	C:\Windows\System32\PSAPI.DLL
0x00007ffe38810000 - 0x00007ffe38837000 	C:\Users\leden\.gradle\native\e1d6ef7f7dcc3fd88c89a11ec53ec762bb8ba0a96d01ffa2cd45eb1d1d8dd5c5\windows-amd64\native-platform.dll
0x00007ffe87050000 - 0x00007ffe87059000 	C:\Program Files\Eclipse Adoptium\jdk-17.0.5.8-hotspot\bin\management.dll
0x00007ffe86cc0000 - 0x00007ffe86ccb000 	C:\Program Files\Eclipse Adoptium\jdk-17.0.5.8-hotspot\bin\management_ext.dll
0x00007ffe82190000 - 0x00007ffe8219e000 	C:\Program Files\Eclipse Adoptium\jdk-17.0.5.8-hotspot\bin\sunmscapi.dll
0x00007ffeae130000 - 0x00007ffeae286000 	C:\Windows\System32\CRYPT32.dll
0x00007ffead490000 - 0x00007ffead4b7000 	C:\Windows\SYSTEM32\ncrypt.dll
0x00007ffead450000 - 0x00007ffead48b000 	C:\Windows\SYSTEM32\NTASN1.dll
0x00007ffe82ba0000 - 0x00007ffe82ba7000 	C:\Windows\system32\wshunix.dll

dbghelp: loaded successfully - version: 4.0.5 - missing functions: none
symbol engine: initialized successfully - sym options: 0x614 - pdb path: .;c:\Program Files\Eclipse Adoptium\jdk-17.0.5.8-hotspot\bin;C:\Windows\SYSTEM32;C:\Windows\WinSxS\amd64_microsoft.windows.common-controls_6595b64144ccf1df_6.0.19041.1110_none_60b5254171f9507e;c:\Program Files\Eclipse Adoptium\jdk-17.0.5.8-hotspot\bin\server;C:\Users\leden\AppData\Roaming\Code\User\globalStorage\redhat.java\1.14.0\config_win\org.eclipse.equinox.launcher\org.eclipse.equinox.launcher.win32.win32.x86_64_1.2.700.v20221108-1024;C:\Users\leden\AppData\Local\Temp\jna-102848500;C:\Users\leden\.gradle\native\e1d6ef7f7dcc3fd88c89a11ec53ec762bb8ba0a96d01ffa2cd45eb1d1d8dd5c5\windows-amd64

VM Arguments:
jvm_args: --add-modules=ALL-SYSTEM --add-opens=java.base/java.util=ALL-UNNAMED --add-opens=java.base/java.lang=ALL-UNNAMED --add-opens=java.base/sun.nio.fs=ALL-UNNAMED -Declipse.application=org.eclipse.jdt.ls.core.id1 -Dosgi.bundles.defaultStartLevel=4 -Declipse.product=org.eclipse.jdt.ls.core.product -Djava.import.generatesMetadataFilesAtProjectRoot=false -Dfile.encoding=utf8 -XX:+UseParallelGC -XX:GCTimeRatio=4 -XX:AdaptiveSizePolicyWeight=90 -Dsun.zip.disableMemoryMapping=true -Xmx1G -Xms100m -Xlog:disable -javaagent:c:\Users\leden\.vscode\extensions\redhat.java-1.14.0-win32-x64\lombok\lombok-1.18.24.jar -XX:+HeapDumpOnOutOfMemoryError -XX:HeapDumpPath=c:\Users\leden\AppData\Roaming\Code\User\workspaceStorage\d3da77668b73ada3115bfe0976bf7c3b\redhat.java 
java_command: c:\Users\leden\.vscode\extensions\redhat.java-1.14.0-win32-x64\server\plugins\org.eclipse.equinox.launcher_1.6.400.v20210924-0641.jar -configuration c:\Users\leden\AppData\Roaming\Code\User\globalStorage\redhat.java\1.14.0\config_win -data c:\Users\leden\AppData\Roaming\Code\User\workspaceStorage\d3da77668b73ada3115bfe0976bf7c3b\redhat.java\jdt_ws
java_class_path (initial): c:\Users\leden\.vscode\extensions\redhat.java-1.14.0-win32-x64\server\plugins\org.eclipse.equinox.launcher_1.6.400.v20210924-0641.jar
Launcher Type: SUN_STANDARD

[Global flags]
    uintx AdaptiveSizePolicyWeight                 = 90                                        {product} {command line}
     intx CICompilerCount                          = 4                                         {product} {ergonomic}
    uintx GCTimeRatio                              = 4                                         {product} {command line}
     bool HeapDumpOnOutOfMemoryError               = true                                   {manageable} {command line}
    ccstr HeapDumpPath                             = c:\Users\leden\AppData\Roaming\Code\User\workspaceStorage\d3da77668b73ada3115bfe0976bf7c3b\redhat.java         {manageable} {command line}
   size_t InitialHeapSize                          = 104857600                                 {product} {command line}
   size_t MaxHeapSize                              = 1073741824                                {product} {command line}
   size_t MaxNewSize                               = 357564416                                 {product} {ergonomic}
   size_t MinHeapDeltaBytes                        = 524288                                    {product} {ergonomic}
   size_t MinHeapSize                              = 104857600                                 {product} {command line}
   size_t NewSize                                  = 34603008                                  {product} {ergonomic}
    uintx NonNMethodCodeHeapSize                   = 5839372                                {pd product} {ergonomic}
    uintx NonProfiledCodeHeapSize                  = 122909434                              {pd product} {ergonomic}
   size_t OldSize                                  = 70254592                                  {product} {ergonomic}
    uintx ProfiledCodeHeapSize                     = 122909434                              {pd product} {ergonomic}
    uintx ReservedCodeCacheSize                    = 251658240                              {pd product} {ergonomic}
     bool SegmentedCodeCache                       = true                                      {product} {ergonomic}
   size_t SoftMaxHeapSize                          = 1073741824                             {manageable} {ergonomic}
     bool UseCompressedClassPointers               = true                           {product lp64_product} {ergonomic}
     bool UseCompressedOops                        = true                           {product lp64_product} {ergonomic}
     bool UseLargePagesIndividualAllocation        = false                                  {pd product} {ergonomic}
     bool UseParallelGC                            = true                                      {product} {command line}

Logging:
Log output configuration:
 #0: stdout all=off uptime,level,tags
 #1: stderr all=off uptime,level,tags

Environment Variables:
JAVA_HOME=C:\Program Files\Eclipse Adoptium\jdk-17.0.5.8-hotspot
PATH=C:\ODB\bin;C:\Program Files\Eclipse Adoptium\jdk-17.0.5.8-hotspot\bin;C:\Program Files (x86)\Common Files\Oracle\Java\javapath;C:\Program Files\Eclipse Foundation\jdk-11.0.12.7-hotspot\bin;C:\Program Files\Python39\Scripts\;C:\Program Files\Python39\;C:\Windows\system32;C:\Windows;C:\Windows\System32\Wbem;C:\Windows\System32\WindowsPowerShell\v1.0\;C:\Windows\System32\OpenSSH\;C:\Program Files\Java\jdk1.8.0_301\bin;C:\Program Files\PuTTY\;C:\Program Files (x86)\NVIDIA Corporation\PhysX\Common;C:\texlive\2021\bin\Win32;C:\Gradle\gradle-7.3.3\bin;C:\Program Files\Git\cmd;C:\MinGW\bin;C:\php;C:\nasm;C:\Program Files\CMake\bin;C:\Program Files\nodejs\;C:\Program Files\dotnet\;C:\Users\leden\.cargo\bin;C:\Users\leden\AppData\Local\Microsoft\WindowsApps;C:\Users\leden\AppData\Local\Programs\Microsoft VS Code\bin;C:\cygwin64\bin;C:\Program Files\JetBrains\CLion 2021.2.2\bin;;C:\Users\leden\AppData\Local\GitHubDesktop\bin;C:\texlive\2021\bin\win32;C:\Program Files\JetBrains\IntelliJ IDEA 2021.2.3\bin;;C:\Users\leden\AppData\Roaming\npm;C:\graalvm\bin;C:\Program Files (x86)\Microsoft Visual Studio\2019\Community\VC\Tools\MSVC\14.16.27023\bin\HostX64\x64\1049;C:\apache-maven-3.8.6\bin;
USERNAME=leden
OS=Windows_NT
PROCESSOR_IDENTIFIER=Intel64 Family 6 Model 140 Stepping 1, GenuineIntel
TMP=C:\Users\leden\AppData\Local\Temp
TEMP=C:\Users\leden\AppData\Local\Temp



---------------  S Y S T E M  ---------------

OS:
 Windows 10 , 64 bit Build 19041 (10.0.19041.2364)
OS uptime: 4 days 2:57 hours
Hyper-V role detected

CPU: total 8 (initial active 8) (4 cores per cpu, 2 threads per core) family 6 model 140 stepping 1 microcode 0x8a, cx8, cmov, fxsr, ht, mmx, 3dnowpref, sse, sse2, sse3, ssse3, sse4.1, sse4.2, popcnt, lzcnt, tsc, tscinvbit, avx, avx2, aes, erms, clmul, bmi1, bmi2, adx, avx512f, avx512dq, avx512cd, avx512bw, avx512vl, sha, fma, vzeroupper, avx512_vpopcntdq, avx512_vpclmulqdq, avx512_vaes, avx512_vnni, clflush, clflushopt, clwb, avx512_vbmi2, avx512_vbmi, hv

Memory: 4k page, system-wide physical 16167M (1216M free)
TotalPageFile size 65319M (AvailPageFile size 4M)
current process WorkingSet (physical memory assigned to process): 205M, peak: 215M
current process commit charge ("private bytes"): 292M, peak: 304M

vm_info: OpenJDK 64-Bit Server VM (17.0.5+8) for windows-amd64 JRE (17.0.5+8), built on Oct 19 2022 04:48:13 by "temurin" with MS VC++ 16.7 (VS2019)

END.
