#
# There is insufficient memory for the Java Runtime Environment to continue.
# Native memory allocation (malloc) failed to allocate 571840 bytes for Chunk::new
# Possible reasons:
#   The system is out of physical RAM or swap space
#   The process is running with CompressedOops enabled, and the Java Heap may be blocking the growth of the native heap
# Possible solutions:
#   Reduce memory load on the system
#   Increase physical memory or swap space
#   Check if swap backing store is full
#   Decrease Java heap size (-Xmx/-Xms)
#   Decrease number of Java threads
#   Decrease Java thread stack sizes (-Xss)
#   Set larger code cache with -XX:ReservedCodeCacheSize=
#   JVM is running with Unscaled Compressed Oops mode in which the Java heap is
#     placed in the first 4GB address space. The Java Heap base address is the
#     maximum limit for the native heap growth. Please use -XX:HeapBaseMinAddress
#     to set the Java Heap base and to place the Java Heap above 4GB virtual address.
# This output file may be truncated or incomplete.
#
#  Out of Memory Error (arena.cpp:189), pid=30248, tid=22900
#
# JRE version: OpenJDK Runtime Environment Temurin-17.0.5+8 (17.0.5+8) (build 17.0.5+8)
# Java VM: OpenJDK 64-Bit Server VM Temurin-17.0.5+8 (17.0.5+8, mixed mode, sharing, tiered, compressed oops, compressed class ptrs, parallel gc, windows-amd64)
# No core dump will be written. Minidumps are not enabled by default on client versions of Windows
#

---------------  S U M M A R Y ------------

Command Line: --add-modules=ALL-SYSTEM --add-opens=java.base/java.util=ALL-UNNAMED --add-opens=java.base/java.lang=ALL-UNNAMED --add-opens=java.base/sun.nio.fs=ALL-UNNAMED -Declipse.application=org.eclipse.jdt.ls.core.id1 -Dosgi.bundles.defaultStartLevel=4 -Declipse.product=org.eclipse.jdt.ls.core.product -Djava.import.generatesMetadataFilesAtProjectRoot=false -Dfile.encoding=utf8 -XX:+UseParallelGC -XX:GCTimeRatio=4 -XX:AdaptiveSizePolicyWeight=90 -Dsun.zip.disableMemoryMapping=true -Xmx1G -Xms100m -Xlog:disable -javaagent:c:\Users\leden\.vscode\extensions\redhat.java-1.14.0-win32-x64\lombok\lombok-1.18.24.jar -XX:+HeapDumpOnOutOfMemoryError -XX:HeapDumpPath=c:\Users\leden\AppData\Roaming\Code\User\workspaceStorage\d3da77668b73ada3115bfe0976bf7c3b\redhat.java c:\Users\leden\.vscode\extensions\redhat.java-1.14.0-win32-x64\server\plugins\org.eclipse.equinox.launcher_1.6.400.v20210924-0641.jar -configuration c:\Users\leden\AppData\Roaming\Code\User\globalStorage\redhat.java\1.14.0\config_win -data c:\Users\leden\AppData\Roaming\Code\User\workspaceStorage\d3da77668b73ada3115bfe0976bf7c3b\redhat.java\jdt_ws

Host: 11th Gen Intel(R) Core(TM) i7-1165G7 @ 2.80GHz, 8 cores, 15G,  Windows 10 , 64 bit Build 19041 (10.0.19041.2364)
Time: Mon Feb  6 18:03:04 2023 RTZ 2 (s 10 , 64 bit Build 19041 (10.0.19041.2364) elapsed time: 181.734789 seconds (0d 0h 3m 1s)

---------------  T H R E A D  ---------------

Current thread (0x0000026c8fb271d0):  JavaThread "C2 CompilerThread1" daemon [_thread_in_native, id=22900, stack(0x000000bed6200000,0x000000bed6300000)]


Current CompileTask:
C2: 181734 6415   !   4       java.io.ObjectInputStream::readTypeString (128 bytes)

Stack: [0x000000bed6200000,0x000000bed6300000]
Native frames: (J=compiled Java code, j=interpreted, Vv=VM code, C=native code)
V  [jvm.dll+0x676b3a]
V  [jvm.dll+0x831444]
V  [jvm.dll+0x832bee]
V  [jvm.dll+0x833253]
V  [jvm.dll+0x244ce5]
V  [jvm.dll+0xabbac]
V  [jvm.dll+0xac17c]
V  [jvm.dll+0x362d57]
V  [jvm.dll+0x1bb498]
V  [jvm.dll+0x217ca9]
V  [jvm.dll+0x216f71]
V  [jvm.dll+0x1a343d]
V  [jvm.dll+0x22698a]
V  [jvm.dll+0x224ac5]
V  [jvm.dll+0x7e727b]
V  [jvm.dll+0x7e17ea]
V  [jvm.dll+0x6759e5]
C  [ucrtbase.dll+0x21bb2]
C  [KERNEL32.DLL+0x17614]
C  [ntdll.dll+0x526a1]


---------------  P R O C E S S  ---------------

Threads class SMR info:
_java_thread_list=0x0000026c90347fd0, length=32, elements={
0x0000026cf38a5070, 0x0000026cfd540f70, 0x0000026cfd542920, 0x0000026cfd559390,
0x0000026cfd55cc70, 0x0000026cfd55d530, 0x0000026cfd55ddf0, 0x0000026cfd55faa0,
0x0000026cfd57f7a0, 0x0000026cffc50bb0, 0x0000026cffc9e650, 0x0000026cffe853b0,
0x0000026c8f74d9a0, 0x0000026c8f356870, 0x0000026c8f356d40, 0x0000026c8f9a2d20,
0x0000026c8fc7dd60, 0x0000026c8fb9d730, 0x0000026c8fb9c3f0, 0x0000026c8fb9dc00,
0x0000026c8fb9e0d0, 0x0000026c8fb9e5a0, 0x0000026c8fb9ef40, 0x0000026c8fb9ba50,
0x0000026c925a9fc0, 0x0000026c925acb10, 0x0000026c925ae320, 0x0000026c8fb271d0,
0x0000026c925a9150, 0x0000026c925ae7f0, 0x0000026c925abca0, 0x0000026c925ac640
}

Java Threads: ( => current thread )
  0x0000026cf38a5070 JavaThread "main" [_thread_blocked, id=12832, stack(0x000000bed4500000,0x000000bed4600000)]
  0x0000026cfd540f70 JavaThread "Reference Handler" daemon [_thread_blocked, id=27296, stack(0x000000bed4900000,0x000000bed4a00000)]
  0x0000026cfd542920 JavaThread "Finalizer" daemon [_thread_blocked, id=12280, stack(0x000000bed4a00000,0x000000bed4b00000)]
  0x0000026cfd559390 JavaThread "Signal Dispatcher" daemon [_thread_blocked, id=22472, stack(0x000000bed4b00000,0x000000bed4c00000)]
  0x0000026cfd55cc70 JavaThread "Attach Listener" daemon [_thread_blocked, id=4780, stack(0x000000bed4c00000,0x000000bed4d00000)]
  0x0000026cfd55d530 JavaThread "Service Thread" daemon [_thread_blocked, id=19420, stack(0x000000bed4d00000,0x000000bed4e00000)]
  0x0000026cfd55ddf0 JavaThread "Monitor Deflation Thread" daemon [_thread_blocked, id=26616, stack(0x000000bed4e00000,0x000000bed4f00000)]
  0x0000026cfd55faa0 JavaThread "C2 CompilerThread0" daemon [_thread_in_native, id=28164, stack(0x000000bed4f00000,0x000000bed5000000)]
  0x0000026cfd57f7a0 JavaThread "C1 CompilerThread0" daemon [_thread_blocked, id=13704, stack(0x000000bed5000000,0x000000bed5100000)]
  0x0000026cffc50bb0 JavaThread "Sweeper thread" daemon [_thread_blocked, id=26668, stack(0x000000bed5100000,0x000000bed5200000)]
  0x0000026cffc9e650 JavaThread "Common-Cleaner" daemon [_thread_blocked, id=2876, stack(0x000000bed5200000,0x000000bed5300000)]
  0x0000026cffe853b0 JavaThread "Notification Thread" daemon [_thread_blocked, id=10564, stack(0x000000bed5300000,0x000000bed5400000)]
  0x0000026c8f74d9a0 JavaThread "Active Thread: Equinox Container: a94472c6-32dd-4eae-8376-16a86d41f4e5" [_thread_blocked, id=28424, stack(0x000000bed5500000,0x000000bed5600000)]
  0x0000026c8f356870 JavaThread "Framework Event Dispatcher: Equinox Container: a94472c6-32dd-4eae-8376-16a86d41f4e5" daemon [_thread_blocked, id=16208, stack(0x000000bed5600000,0x000000bed5700000)]
  0x0000026c8f356d40 JavaThread "Start Level: Equinox Container: a94472c6-32dd-4eae-8376-16a86d41f4e5" daemon [_thread_blocked, id=488, stack(0x000000bed5d00000,0x000000bed5e00000)]
  0x0000026c8f9a2d20 JavaThread "SCR Component Actor" daemon [_thread_blocked, id=28632, stack(0x000000bed5e00000,0x000000bed5f00000)]
  0x0000026c8fc7dd60 JavaThread "Worker-JM" [_thread_blocked, id=22592, stack(0x000000bed6100000,0x000000bed6200000)]
  0x0000026c8fb9d730 JavaThread "Java indexing" daemon [_thread_blocked, id=27928, stack(0x000000bed6600000,0x000000bed6700000)]
  0x0000026c8fb9c3f0 JavaThread "Worker-2" [_thread_blocked, id=7504, stack(0x000000bed6500000,0x000000bed6600000)]
  0x0000026c8fb9dc00 JavaThread "JNA Cleaner" daemon [_thread_blocked, id=29984, stack(0x000000bed6900000,0x000000bed6a00000)]
  0x0000026c8fb9e0d0 JavaThread "Worker-4" [_thread_blocked, id=16304, stack(0x000000bed6a00000,0x000000bed6b00000)]
  0x0000026c8fb9e5a0 JavaThread "pool-2-thread-1" [_thread_blocked, id=1256, stack(0x000000bed6c00000,0x000000bed6d00000)]
  0x0000026c8fb9ef40 JavaThread "pool-1-thread-1" [_thread_blocked, id=29640, stack(0x000000bed6e00000,0x000000bed6f00000)]
  0x0000026c8fb9ba50 JavaThread "Timer-0" [_thread_blocked, id=1544, stack(0x000000bed6000000,0x000000bed6100000)]
  0x0000026c925a9fc0 JavaThread "ForkJoinPool.commonPool-worker-1" daemon [_thread_blocked, id=8844, stack(0x000000bed6800000,0x000000bed6900000)]
  0x0000026c925acb10 JavaThread "Timer-1" [_thread_blocked, id=3008, stack(0x000000bed4400000,0x000000bed4500000)]
  0x0000026c925ae320 JavaThread "Timer-2" [_thread_blocked, id=19228, stack(0x000000bed4600000,0x000000bed4700000)]
=>0x0000026c8fb271d0 JavaThread "C2 CompilerThread1" daemon [_thread_in_native, id=22900, stack(0x000000bed6200000,0x000000bed6300000)]
  0x0000026c925a9150 JavaThread "Timer-3" [_thread_blocked, id=27276, stack(0x000000bed6300000,0x000000bed6400000)]
  0x0000026c925ae7f0 JavaThread "Connection worker" [_thread_in_native, id=12156, stack(0x000000bed6400000,0x000000bed6500000)]
  0x0000026c925abca0 JavaThread "pool-6-thread-1" [_thread_blocked, id=1576, stack(0x000000bed6700000,0x000000bed6800000)]
  0x0000026c925ac640 JavaThread "Forward input" [_thread_blocked, id=28800, stack(0x000000bed6d00000,0x000000bed6e00000)]

Other Threads:
  0x0000026cfd53b150 VMThread "VM Thread" [stack: 0x000000bed4800000,0x000000bed4900000] [id=11524]
  0x0000026cffe9aad0 WatcherThread [stack: 0x000000bed5400000,0x000000bed5500000] [id=8436]
  0x0000026cf38bc1d0 GCTaskThread "GC Thread#0" [stack: 0x000000bed4700000,0x000000bed4800000] [id=11520]
  0x0000026c8f4de650 GCTaskThread "GC Thread#1" [stack: 0x000000bed5700000,0x000000bed5800000] [id=23532]
  0x0000026c8f4de900 GCTaskThread "GC Thread#2" [stack: 0x000000bed5800000,0x000000bed5900000] [id=21044]
  0x0000026c8f4debb0 GCTaskThread "GC Thread#3" [stack: 0x000000bed5900000,0x000000bed5a00000] [id=14748]
  0x0000026c8f39ed10 GCTaskThread "GC Thread#4" [stack: 0x000000bed5a00000,0x000000bed5b00000] [id=22968]
  0x0000026c8f39efc0 GCTaskThread "GC Thread#5" [stack: 0x000000bed5b00000,0x000000bed5c00000] [id=22112]
  0x0000026c8f39f270 GCTaskThread "GC Thread#6" [stack: 0x000000bed5c00000,0x000000bed5d00000] [id=10996]
  0x0000026c8f985f90 GCTaskThread "GC Thread#7" [stack: 0x000000bed5f00000,0x000000bed6000000] [id=15600]

Threads with active compile tasks:
C2 CompilerThread0   181753 6425       4       java.io.ObjectStreamClass::getReflector (100 bytes)
C2 CompilerThread1   181753 6415   !   4       java.io.ObjectInputStream::readTypeString (128 bytes)

VM state: not at safepoint (normal execution)

VM Mutex/Monitor currently owned by a thread: None

Heap address: 0x00000000c0000000, size: 1024 MB, Compressed Oops mode: 32-bit

CDS archive(s) mapped at: [0x0000000800000000-0x0000000800bc0000-0x0000000800bc0000), size 12320768, SharedBaseAddress: 0x0000000800000000, ArchiveRelocationMode: 0.
Compressed class space mapped at: 0x0000000800c00000-0x0000000840c00000, reserved size: 1073741824
Narrow klass base: 0x0000000800000000, Narrow klass shift: 0, Narrow klass range: 0x100000000

GC Precious Log:
 CPUs: 8 total, 8 available
 Memory: 16167M
 Large Page Support: Disabled
 NUMA Support: Disabled
 Compressed Oops: Enabled (32-bit)
 Alignments: Space 512K, Generation 512K, Heap 2M
 Heap Min Capacity: 100M
 Heap Initial Capacity: 100M
 Heap Max Capacity: 1G
 Pre-touch: Disabled
 Parallel Workers: 8

Heap:
 PSYoungGen      total 22528K, used 20423K [0x00000000eab00000, 0x00000000ec800000, 0x0000000100000000)
  eden space 22016K, 90% used [0x00000000eab00000,0x00000000ebe77d80,0x00000000ec080000)
  from space 512K, 95% used [0x00000000ec780000,0x00000000ec7f9f60,0x00000000ec800000)
  to   space 2048K, 0% used [0x00000000ec400000,0x00000000ec400000,0x00000000ec600000)
 ParOldGen       total 68608K, used 38342K [0x00000000c0000000, 0x00000000c4300000, 0x00000000eab00000)
  object space 68608K, 55% used [0x00000000c0000000,0x00000000c2571948,0x00000000c4300000)
 Metaspace       used 55964K, committed 57024K, reserved 1105920K
  class space    used 6508K, committed 6976K, reserved 1048576K

Card table byte_map: [0x0000026cf3250000,0x0000026cf3460000] _byte_map_base: 0x0000026cf2c50000

Marking Bits: (ParMarkBitMap*) 0x00007ffe04380dd0
 Begin Bits: [0x0000026cfb390000, 0x0000026cfc390000)
 End Bits:   [0x0000026cfc390000, 0x0000026cfd390000)

Polling page: 0x0000026cf1840000

Metaspace:

Usage:
  Non-class:     48.30 MB used.
      Class:      6.36 MB used.
       Both:     54.65 MB used.

Virtual space:
  Non-class space:       56.00 MB reserved,      48.88 MB ( 87%) committed,  7 nodes.
      Class space:        1.00 GB reserved,       6.81 MB ( <1%) committed,  1 nodes.
             Both:        1.05 GB reserved,      55.69 MB (  5%) committed. 

Chunk freelists:
   Non-Class:  2.78 MB
       Class:  1.01 MB
        Both:  3.80 MB

MaxMetaspaceSize: unlimited
CompressedClassSpaceSize: 1.00 GB
Initial GC threshold: 21.00 MB
Current GC threshold: 58.38 MB
CDS: on
MetaspaceReclaimPolicy: balanced
 - commit_granule_bytes: 65536.
 - commit_granule_words: 8192.
 - virtual_space_node_default_size: 1048576.
 - enlarge_chunks_in_place: 1.
 - new_chunks_are_fully_committed: 0.
 - uncommit_free_chunks: 1.
 - use_allocation_guard: 0.
 - handle_deallocations: 1.


Internal statistics:

num_allocs_failed_limit: 6.
num_arena_births: 524.
num_arena_deaths: 14.
num_vsnodes_births: 8.
num_vsnodes_deaths: 0.
num_space_committed: 891.
num_space_uncommitted: 0.
num_chunks_returned_to_freelist: 20.
num_chunks_taken_from_freelist: 2905.
num_chunk_merges: 10.
num_chunk_splits: 1889.
num_chunks_enlarged: 1199.
num_purges: 2.
num_inconsistent_stats: 0.

CodeHeap 'non-profiled nmethods': size=120000Kb used=3453Kb max_used=3453Kb free=116547Kb
 bounds [0x0000026c87ad0000, 0x0000026c87e30000, 0x0000026c8f000000]
CodeHeap 'profiled nmethods': size=120000Kb used=11852Kb max_used=11852Kb free=108147Kb
 bounds [0x0000026c805a0000, 0x0000026c81140000, 0x0000026c87ad0000]
CodeHeap 'non-nmethods': size=5760Kb used=1330Kb max_used=1388Kb free=4429Kb
 bounds [0x0000026c80000000, 0x0000026c80270000, 0x0000026c805a0000]
 total_blobs=6279 nmethods=5626 adapters=567
 compilation: enabled
              stopped_count=0, restarted_count=0
 full_count=0

Compilation events (20 events):
Event: 181.693 Thread 0x0000026cfd57f7a0 6424       3       org.eclipse.core.internal.dtree.DeltaDataTree::searchNodeAt (120 bytes)
Event: 181.693 Thread 0x0000026cfd57f7a0 nmethod 6424 0x0000026c81130710 code [0x0000026c81130960, 0x0000026c811314a8]
Event: 181.694 Thread 0x0000026cfd57f7a0 6427       3       org.eclipse.core.internal.watson.ElementTree::isImmutable (8 bytes)
Event: 181.694 Thread 0x0000026cfd57f7a0 nmethod 6427 0x0000026c81131910 code [0x0000026c81131aa0, 0x0000026c81131c58]
Event: 181.694 Thread 0x0000026cfd57f7a0 6428       1       org.eclipse.core.internal.resources.Workspace::getElementTree (5 bytes)
Event: 181.694 Thread 0x0000026cfd57f7a0 nmethod 6428 0x0000026c87e2af10 code [0x0000026c87e2b0a0, 0x0000026c87e2b178]
Event: 181.695 Thread 0x0000026cfd57f7a0 6429       3       java.util.Formatter$FormatSpecifier::appendJustified (91 bytes)
Event: 181.695 Thread 0x0000026cfd57f7a0 nmethod 6429 0x0000026c81131d10 code [0x0000026c81131f20, 0x0000026c81132708]
Event: 181.695 Thread 0x0000026cfd57f7a0 6430       3       org.eclipse.jdt.ls.core.internal.handlers.ProgressReporterManager$ProgressReporter::isDone (29 bytes)
Event: 181.695 Thread 0x0000026cfd57f7a0 nmethod 6430 0x0000026c81132990 code [0x0000026c81132b40, 0x0000026c81132d58]
Event: 181.695 Thread 0x0000026cfd57f7a0 6431       1       org.gradle.internal.logging.events.ProgressStartEvent::getParentProgressOperationId (5 bytes)
Event: 181.695 Thread 0x0000026cfd57f7a0 nmethod 6431 0x0000026c87e2b210 code [0x0000026c87e2b3a0, 0x0000026c87e2b478]
Event: 181.698 Thread 0x0000026cfd57f7a0 6432       3       org.gradle.internal.logging.events.OutputEvent::<init> (5 bytes)
Event: 181.698 Thread 0x0000026cfd57f7a0 nmethod 6432 0x0000026c81132e10 code [0x0000026c81132fa0, 0x0000026c811330f8]
Event: 181.709 Thread 0x0000026cfd55faa0 nmethod 6417 0x0000026c87e2b510 code [0x0000026c87e2b7c0, 0x0000026c87e2d080]
Event: 181.709 Thread 0x0000026cfd55faa0 6426       4       java.io.ObjectStreamClass$FieldReflectorKey::<init> (76 bytes)
Event: 181.719 Thread 0x0000026cfd55faa0 nmethod 6426 0x0000026c87e2e410 code [0x0000026c87e2e5a0, 0x0000026c87e2ea88]
Event: 181.719 Thread 0x0000026cfd55faa0 6420       4       java.io.ObjectStreamClass::computeFieldOffsets (308 bytes)
Event: 181.724 Thread 0x0000026cfd55faa0 nmethod 6420 0x0000026c87e2ed90 code [0x0000026c87e2ef20, 0x0000026c87e2f178]
Event: 181.724 Thread 0x0000026cfd55faa0 6425       4       java.io.ObjectStreamClass::getReflector (100 bytes)

GC Heap History (20 events):
Event: 10.394 GC heap before
{Heap before GC invocations=15 (full 2):
 PSYoungGen      total 24064K, used 23968K [0x00000000eab00000, 0x00000000ec680000, 0x0000000100000000)
  eden space 22528K, 100% used [0x00000000eab00000,0x00000000ec100000,0x00000000ec100000)
  from space 1536K, 93% used [0x00000000ec500000,0x00000000ec668000,0x00000000ec680000)
  to   space 2048K, 0% used [0x00000000ec280000,0x00000000ec280000,0x00000000ec480000)
 ParOldGen       total 68608K, used 15295K [0x00000000c0000000, 0x00000000c4300000, 0x00000000eab00000)
  object space 68608K, 22% used [0x00000000c0000000,0x00000000c0eeffe0,0x00000000c4300000)
 Metaspace       used 39183K, committed 40064K, reserved 1089536K
  class space    used 4233K, committed 4608K, reserved 1048576K
}
Event: 10.398 GC heap after
{Heap after GC invocations=15 (full 2):
 PSYoungGen      total 24064K, used 2025K [0x00000000eab00000, 0x00000000ecc80000, 0x0000000100000000)
  eden space 22016K, 0% used [0x00000000eab00000,0x00000000eab00000,0x00000000ec080000)
  from space 2048K, 98% used [0x00000000ec280000,0x00000000ec47a5b8,0x00000000ec480000)
  to   space 6144K, 0% used [0x00000000ec680000,0x00000000ec680000,0x00000000ecc80000)
 ParOldGen       total 68608K, used 18526K [0x00000000c0000000, 0x00000000c4300000, 0x00000000eab00000)
  object space 68608K, 27% used [0x00000000c0000000,0x00000000c1217bc0,0x00000000c4300000)
 Metaspace       used 39183K, committed 40064K, reserved 1089536K
  class space    used 4233K, committed 4608K, reserved 1048576K
}
Event: 11.910 GC heap before
{Heap before GC invocations=16 (full 2):
 PSYoungGen      total 24064K, used 24041K [0x00000000eab00000, 0x00000000ecc80000, 0x0000000100000000)
  eden space 22016K, 100% used [0x00000000eab00000,0x00000000ec080000,0x00000000ec080000)
  from space 2048K, 98% used [0x00000000ec280000,0x00000000ec47a5b8,0x00000000ec480000)
  to   space 6144K, 0% used [0x00000000ec680000,0x00000000ec680000,0x00000000ecc80000)
 ParOldGen       total 68608K, used 18526K [0x00000000c0000000, 0x00000000c4300000, 0x00000000eab00000)
  object space 68608K, 27% used [0x00000000c0000000,0x00000000c1217bc0,0x00000000c4300000)
 Metaspace       used 40668K, committed 41536K, reserved 1089536K
  class space    used 4460K, committed 4800K, reserved 1048576K
}
Event: 11.917 GC heap after
{Heap after GC invocations=16 (full 2):
 PSYoungGen      total 25088K, used 2912K [0x00000000eab00000, 0x00000000ec980000, 0x0000000100000000)
  eden space 22016K, 0% used [0x00000000eab00000,0x00000000eab00000,0x00000000ec080000)
  from space 3072K, 94% used [0x00000000ec680000,0x00000000ec958000,0x00000000ec980000)
  to   space 4096K, 0% used [0x00000000ec180000,0x00000000ec180000,0x00000000ec580000)
 ParOldGen       total 68608K, used 20266K [0x00000000c0000000, 0x00000000c4300000, 0x00000000eab00000)
  object space 68608K, 29% used [0x00000000c0000000,0x00000000c13cabd8,0x00000000c4300000)
 Metaspace       used 40668K, committed 41536K, reserved 1089536K
  class space    used 4460K, committed 4800K, reserved 1048576K
}
Event: 14.767 GC heap before
{Heap before GC invocations=17 (full 2):
 PSYoungGen      total 25088K, used 24928K [0x00000000eab00000, 0x00000000ec980000, 0x0000000100000000)
  eden space 22016K, 100% used [0x00000000eab00000,0x00000000ec080000,0x00000000ec080000)
  from space 3072K, 94% used [0x00000000ec680000,0x00000000ec958000,0x00000000ec980000)
  to   space 4096K, 0% used [0x00000000ec180000,0x00000000ec180000,0x00000000ec580000)
 ParOldGen       total 68608K, used 20266K [0x00000000c0000000, 0x00000000c4300000, 0x00000000eab00000)
  object space 68608K, 29% used [0x00000000c0000000,0x00000000c13cabd8,0x00000000c4300000)
 Metaspace       used 42175K, committed 43008K, reserved 1089536K
  class space    used 4712K, committed 5056K, reserved 1048576K
}
Event: 14.773 GC heap after
{Heap after GC invocations=17 (full 2):
 PSYoungGen      total 26112K, used 4078K [0x00000000eab00000, 0x00000000ed780000, 0x0000000100000000)
  eden space 22016K, 0% used [0x00000000eab00000,0x00000000eab00000,0x00000000ec080000)
  from space 4096K, 99% used [0x00000000ec180000,0x00000000ec57bb58,0x00000000ec580000)
  to   space 11776K, 0% used [0x00000000ecc00000,0x00000000ecc00000,0x00000000ed780000)
 ParOldGen       total 68608K, used 26398K [0x00000000c0000000, 0x00000000c4300000, 0x00000000eab00000)
  object space 68608K, 38% used [0x00000000c0000000,0x00000000c19c7960,0x00000000c4300000)
 Metaspace       used 42175K, committed 43008K, reserved 1089536K
  class space    used 4712K, committed 5056K, reserved 1048576K
}
Event: 15.916 GC heap before
{Heap before GC invocations=18 (full 2):
 PSYoungGen      total 26112K, used 26094K [0x00000000eab00000, 0x00000000ed780000, 0x0000000100000000)
  eden space 22016K, 100% used [0x00000000eab00000,0x00000000ec080000,0x00000000ec080000)
  from space 4096K, 99% used [0x00000000ec180000,0x00000000ec57bb58,0x00000000ec580000)
  to   space 11776K, 0% used [0x00000000ecc00000,0x00000000ecc00000,0x00000000ed780000)
 ParOldGen       total 68608K, used 26398K [0x00000000c0000000, 0x00000000c4300000, 0x00000000eab00000)
  object space 68608K, 38% used [0x00000000c0000000,0x00000000c19c7960,0x00000000c4300000)
 Metaspace       used 42980K, committed 43904K, reserved 1089536K
  class space    used 4830K, committed 5248K, reserved 1048576K
}
Event: 15.920 GC heap after
{Heap after GC invocations=18 (full 2):
 PSYoungGen      total 23040K, used 704K [0x00000000eab00000, 0x00000000ecd00000, 0x0000000100000000)
  eden space 22016K, 0% used [0x00000000eab00000,0x00000000eab00000,0x00000000ec080000)
  from space 1024K, 68% used [0x00000000ecc00000,0x00000000eccb0000,0x00000000ecd00000)
  to   space 4608K, 0% used [0x00000000ec400000,0x00000000ec400000,0x00000000ec880000)
 ParOldGen       total 68608K, used 30435K [0x00000000c0000000, 0x00000000c4300000, 0x00000000eab00000)
  object space 68608K, 44% used [0x00000000c0000000,0x00000000c1db8f88,0x00000000c4300000)
 Metaspace       used 42980K, committed 43904K, reserved 1089536K
  class space    used 4830K, committed 5248K, reserved 1048576K
}
Event: 16.490 GC heap before
{Heap before GC invocations=19 (full 2):
 PSYoungGen      total 23040K, used 22720K [0x00000000eab00000, 0x00000000ecd00000, 0x0000000100000000)
  eden space 22016K, 100% used [0x00000000eab00000,0x00000000ec080000,0x00000000ec080000)
  from space 1024K, 68% used [0x00000000ecc00000,0x00000000eccb0000,0x00000000ecd00000)
  to   space 4608K, 0% used [0x00000000ec400000,0x00000000ec400000,0x00000000ec880000)
 ParOldGen       total 68608K, used 30435K [0x00000000c0000000, 0x00000000c4300000, 0x00000000eab00000)
  object space 68608K, 44% used [0x00000000c0000000,0x00000000c1db8f88,0x00000000c4300000)
 Metaspace       used 43336K, committed 44288K, reserved 1089536K
  class space    used 4916K, committed 5312K, reserved 1048576K
}
Event: 16.493 GC heap after
{Heap after GC invocations=19 (full 2):
 PSYoungGen      total 26624K, used 4424K [0x00000000eab00000, 0x00000000ecc80000, 0x0000000100000000)
  eden space 22016K, 0% used [0x00000000eab00000,0x00000000eab00000,0x00000000ec080000)
  from space 4608K, 96% used [0x00000000ec400000,0x00000000ec852150,0x00000000ec880000)
  to   space 4096K, 0% used [0x00000000ec880000,0x00000000ec880000,0x00000000ecc80000)
 ParOldGen       total 68608K, used 30996K [0x00000000c0000000, 0x00000000c4300000, 0x00000000eab00000)
  object space 68608K, 45% used [0x00000000c0000000,0x00000000c1e45298,0x00000000c4300000)
 Metaspace       used 43336K, committed 44288K, reserved 1089536K
  class space    used 4916K, committed 5312K, reserved 1048576K
}
Event: 17.605 GC heap before
{Heap before GC invocations=20 (full 2):
 PSYoungGen      total 26624K, used 26440K [0x00000000eab00000, 0x00000000ecc80000, 0x0000000100000000)
  eden space 22016K, 100% used [0x00000000eab00000,0x00000000ec080000,0x00000000ec080000)
  from space 4608K, 96% used [0x00000000ec400000,0x00000000ec852150,0x00000000ec880000)
  to   space 4096K, 0% used [0x00000000ec880000,0x00000000ec880000,0x00000000ecc80000)
 ParOldGen       total 68608K, used 30996K [0x00000000c0000000, 0x00000000c4300000, 0x00000000eab00000)
  object space 68608K, 45% used [0x00000000c0000000,0x00000000c1e45298,0x00000000c4300000)
 Metaspace       used 45725K, committed 46656K, reserved 1097728K
  class space    used 5332K, committed 5760K, reserved 1048576K
}
Event: 17.609 GC heap after
{Heap after GC invocations=20 (full 2):
 PSYoungGen      total 23040K, used 704K [0x00000000eab00000, 0x00000000ec980000, 0x0000000100000000)
  eden space 22016K, 0% used [0x00000000eab00000,0x00000000eab00000,0x00000000ec080000)
  from space 1024K, 68% used [0x00000000ec880000,0x00000000ec930020,0x00000000ec980000)
  to   space 2560K, 0% used [0x00000000ec480000,0x00000000ec480000,0x00000000ec700000)
 ParOldGen       total 68608K, used 35145K [0x00000000c0000000, 0x00000000c4300000, 0x00000000eab00000)
  object space 68608K, 51% used [0x00000000c0000000,0x00000000c2252790,0x00000000c4300000)
 Metaspace       used 45725K, committed 46656K, reserved 1097728K
  class space    used 5332K, committed 5760K, reserved 1048576K
}
Event: 19.953 GC heap before
{Heap before GC invocations=21 (full 2):
 PSYoungGen      total 23040K, used 22720K [0x00000000eab00000, 0x00000000ec980000, 0x0000000100000000)
  eden space 22016K, 100% used [0x00000000eab00000,0x00000000ec080000,0x00000000ec080000)
  from space 1024K, 68% used [0x00000000ec880000,0x00000000ec930020,0x00000000ec980000)
  to   space 2560K, 0% used [0x00000000ec480000,0x00000000ec480000,0x00000000ec700000)
 ParOldGen       total 68608K, used 35145K [0x00000000c0000000, 0x00000000c4300000, 0x00000000eab00000)
  object space 68608K, 51% used [0x00000000c0000000,0x00000000c2252790,0x00000000c4300000)
 Metaspace       used 48599K, committed 49600K, reserved 1097728K
  class space    used 5714K, committed 6144K, reserved 1048576K
}
Event: 19.955 GC heap after
{Heap after GC invocations=21 (full 2):
 PSYoungGen      total 24576K, used 928K [0x00000000eab00000, 0x00000000ec900000, 0x0000000100000000)
  eden space 22016K, 0% used [0x00000000eab00000,0x00000000eab00000,0x00000000ec080000)
  from space 2560K, 36% used [0x00000000ec480000,0x00000000ec568000,0x00000000ec700000)
  to   space 1536K, 0% used [0x00000000ec780000,0x00000000ec780000,0x00000000ec900000)
 ParOldGen       total 68608K, used 35713K [0x00000000c0000000, 0x00000000c4300000, 0x00000000eab00000)
  object space 68608K, 52% used [0x00000000c0000000,0x00000000c22e07d0,0x00000000c4300000)
 Metaspace       used 48599K, committed 49600K, reserved 1097728K
  class space    used 5714K, committed 6144K, reserved 1048576K
}
Event: 21.152 GC heap before
{Heap before GC invocations=22 (full 2):
 PSYoungGen      total 24576K, used 22944K [0x00000000eab00000, 0x00000000ec900000, 0x0000000100000000)
  eden space 22016K, 100% used [0x00000000eab00000,0x00000000ec080000,0x00000000ec080000)
  from space 2560K, 36% used [0x00000000ec480000,0x00000000ec568000,0x00000000ec700000)
  to   space 1536K, 0% used [0x00000000ec780000,0x00000000ec780000,0x00000000ec900000)
 ParOldGen       total 68608K, used 35713K [0x00000000c0000000, 0x00000000c4300000, 0x00000000eab00000)
  object space 68608K, 52% used [0x00000000c0000000,0x00000000c22e07d0,0x00000000c4300000)
 Metaspace       used 51058K, committed 52032K, reserved 1097728K
  class space    used 5955K, committed 6336K, reserved 1048576K
}
Event: 21.154 GC heap after
{Heap after GC invocations=22 (full 2):
 PSYoungGen      total 23040K, used 937K [0x00000000eab00000, 0x00000000ec880000, 0x0000000100000000)
  eden space 22016K, 0% used [0x00000000eab00000,0x00000000eab00000,0x00000000ec080000)
  from space 1024K, 91% used [0x00000000ec780000,0x00000000ec86a480,0x00000000ec880000)
  to   space 1024K, 0% used [0x00000000ec680000,0x00000000ec680000,0x00000000ec780000)
 ParOldGen       total 68608K, used 36449K [0x00000000c0000000, 0x00000000c4300000, 0x00000000eab00000)
  object space 68608K, 53% used [0x00000000c0000000,0x00000000c23984e0,0x00000000c4300000)
 Metaspace       used 51058K, committed 52032K, reserved 1097728K
  class space    used 5955K, committed 6336K, reserved 1048576K
}
Event: 21.968 GC heap before
{Heap before GC invocations=23 (full 2):
 PSYoungGen      total 23040K, used 22929K [0x00000000eab00000, 0x00000000ec880000, 0x0000000100000000)
  eden space 22016K, 99% used [0x00000000eab00000,0x00000000ec07a288,0x00000000ec080000)
  from space 1024K, 91% used [0x00000000ec780000,0x00000000ec86a480,0x00000000ec880000)
  to   space 1024K, 0% used [0x00000000ec680000,0x00000000ec680000,0x00000000ec780000)
 ParOldGen       total 68608K, used 36449K [0x00000000c0000000, 0x00000000c4300000, 0x00000000eab00000)
  object space 68608K, 53% used [0x00000000c0000000,0x00000000c23984e0,0x00000000c4300000)
 Metaspace       used 53050K, committed 54080K, reserved 1097728K
  class space    used 6230K, committed 6656K, reserved 1048576K
}
Event: 21.969 GC heap after
{Heap after GC invocations=23 (full 2):
 PSYoungGen      total 23040K, used 678K [0x00000000eab00000, 0x00000000ec800000, 0x0000000100000000)
  eden space 22016K, 0% used [0x00000000eab00000,0x00000000eab00000,0x00000000ec080000)
  from space 1024K, 66% used [0x00000000ec680000,0x00000000ec729ab0,0x00000000ec780000)
  to   space 512K, 0% used [0x00000000ec780000,0x00000000ec780000,0x00000000ec800000)
 ParOldGen       total 68608K, used 37125K [0x00000000c0000000, 0x00000000c4300000, 0x00000000eab00000)
  object space 68608K, 54% used [0x00000000c0000000,0x00000000c2441630,0x00000000c4300000)
 Metaspace       used 53050K, committed 54080K, reserved 1097728K
  class space    used 6230K, committed 6656K, reserved 1048576K
}
Event: 72.443 GC heap before
{Heap before GC invocations=24 (full 2):
 PSYoungGen      total 23040K, used 22675K [0x00000000eab00000, 0x00000000ec800000, 0x0000000100000000)
  eden space 22016K, 99% used [0x00000000eab00000,0x00000000ec07b548,0x00000000ec080000)
  from space 1024K, 66% used [0x00000000ec680000,0x00000000ec729ab0,0x00000000ec780000)
  to   space 512K, 0% used [0x00000000ec780000,0x00000000ec780000,0x00000000ec800000)
 ParOldGen       total 68608K, used 37125K [0x00000000c0000000, 0x00000000c4300000, 0x00000000eab00000)
  object space 68608K, 54% used [0x00000000c0000000,0x00000000c2441630,0x00000000c4300000)
 Metaspace       used 55525K, committed 56512K, reserved 1105920K
  class space    used 6483K, committed 6912K, reserved 1048576K
}
Event: 72.444 GC heap after
{Heap after GC invocations=24 (full 2):
 PSYoungGen      total 22528K, used 487K [0x00000000eab00000, 0x00000000ec800000, 0x0000000100000000)
  eden space 22016K, 0% used [0x00000000eab00000,0x00000000eab00000,0x00000000ec080000)
  from space 512K, 95% used [0x00000000ec780000,0x00000000ec7f9f60,0x00000000ec800000)
  to   space 2048K, 0% used [0x00000000ec400000,0x00000000ec400000,0x00000000ec600000)
 ParOldGen       total 68608K, used 38342K [0x00000000c0000000, 0x00000000c4300000, 0x00000000eab00000)
  object space 68608K, 55% used [0x00000000c0000000,0x00000000c2571948,0x00000000c4300000)
 Metaspace       used 55525K, committed 56512K, reserved 1105920K
  class space    used 6483K, committed 6912K, reserved 1048576K
}

Dll operation events (15 events):
Event: 0.103 Loaded shared library c:\Program Files\Eclipse Adoptium\jdk-17.0.5.8-hotspot\bin\java.dll
Event: 0.193 Loaded shared library c:\Program Files\Eclipse Adoptium\jdk-17.0.5.8-hotspot\bin\jsvml.dll
Event: 0.302 Loaded shared library c:\Program Files\Eclipse Adoptium\jdk-17.0.5.8-hotspot\bin\zip.dll
Event: 0.305 Loaded shared library C:\Program Files\Eclipse Adoptium\jdk-17.0.5.8-hotspot\bin\instrument.dll
Event: 0.313 Loaded shared library C:\Program Files\Eclipse Adoptium\jdk-17.0.5.8-hotspot\bin\net.dll
Event: 0.319 Loaded shared library C:\Program Files\Eclipse Adoptium\jdk-17.0.5.8-hotspot\bin\nio.dll
Event: 0.401 Loaded shared library C:\Program Files\Eclipse Adoptium\jdk-17.0.5.8-hotspot\bin\zip.dll
Event: 0.435 Loaded shared library C:\Program Files\Eclipse Adoptium\jdk-17.0.5.8-hotspot\bin\jimage.dll
Event: 0.493 Loaded shared library c:\Program Files\Eclipse Adoptium\jdk-17.0.5.8-hotspot\bin\verify.dll
Event: 2.978 Loaded shared library C:\Users\leden\AppData\Roaming\Code\User\globalStorage\redhat.java\1.14.0\config_win\org.eclipse.equinox.launcher\org.eclipse.equinox.launcher.win32.win32.x86_64_1.2.700.v20221108-1024\eclipse_11801.dll
Event: 7.231 Loaded shared library C:\Users\leden\AppData\Local\Temp\jna-102848500\jna11248628400092508844.dll
Event: 14.705 Loaded shared library C:\Users\leden\.gradle\native\e1d6ef7f7dcc3fd88c89a11ec53ec762bb8ba0a96d01ffa2cd45eb1d1d8dd5c5\windows-amd64\native-platform.dll
Event: 17.062 Loaded shared library C:\Program Files\Eclipse Adoptium\jdk-17.0.5.8-hotspot\bin\management.dll
Event: 17.178 Loaded shared library C:\Program Files\Eclipse Adoptium\jdk-17.0.5.8-hotspot\bin\management_ext.dll
Event: 19.208 Loaded shared library C:\Program Files\Eclipse Adoptium\jdk-17.0.5.8-hotspot\bin\sunmscapi.dll

Deoptimization events (20 events):
Event: 78.205 Thread 0x0000026c925aa490 Uncommon trap: trap_request=0xffffffde fr.pc=0x0000026c87c461e4 relative=0x0000000000000e44
Event: 78.205 Thread 0x0000026c925aa490 Uncommon trap: reason=class_check action=maybe_recompile pc=0x0000026c87c461e4 method=java.util.concurrent.ConcurrentHashMap.putVal(Ljava/lang/Object;Ljava/lang/Object;Z)Ljava/lang/Object; @ 242 c2
Event: 78.205 Thread 0x0000026c925aa490 DEOPT PACKING pc=0x0000026c87c461e4 sp=0x000000bed6ffe3c0
Event: 78.205 Thread 0x0000026c925aa490 DEOPT UNPACKING pc=0x0000026c800558a3 sp=0x000000bed6ffe330 mode 2
Event: 78.205 Thread 0x0000026c925aa490 Uncommon trap: trap_request=0xffffff54 fr.pc=0x0000026c87c5303c relative=0x000000000000357c
Event: 78.205 Thread 0x0000026c925aa490 Uncommon trap: reason=speculate_null_assert action=make_not_entrant pc=0x0000026c87c5303c method=java.lang.invoke.MethodType$ConcurrentWeakInternSet.add(Ljava/lang/Object;)Ljava/lang/Object; @ 47 c2
Event: 78.205 Thread 0x0000026c925aa490 DEOPT PACKING pc=0x0000026c87c5303c sp=0x000000bed6ffe470
Event: 78.205 Thread 0x0000026c925aa490 DEOPT UNPACKING pc=0x0000026c800558a3 sp=0x000000bed6ffe408 mode 2
Event: 159.782 Thread 0x0000026c8fb9ef40 DEOPT PACKING pc=0x0000026c8098fab4 sp=0x000000bed6efd7d0
Event: 159.782 Thread 0x0000026c8fb9ef40 DEOPT UNPACKING pc=0x0000026c800563e3 sp=0x000000bed6efcd50 mode 0
Event: 159.815 Thread 0x0000026c8fb9ef40 Uncommon trap: trap_request=0xffffffc6 fr.pc=0x0000026c87bdba00 relative=0x00000000000001e0
Event: 159.815 Thread 0x0000026c8fb9ef40 Uncommon trap: reason=bimorphic_or_optimized_type_check action=maybe_recompile pc=0x0000026c87bdba00 method=java.util.Collections.eq(Ljava/lang/Object;Ljava/lang/Object;)Z @ 18 c2
Event: 159.815 Thread 0x0000026c8fb9ef40 DEOPT PACKING pc=0x0000026c87bdba00 sp=0x000000bed6efd530
Event: 159.815 Thread 0x0000026c8fb9ef40 DEOPT UNPACKING pc=0x0000026c800558a3 sp=0x000000bed6efd470 mode 2
Event: 159.817 Thread 0x0000026c8fb9ef40 Uncommon trap: trap_request=0xffffffc6 fr.pc=0x0000026c87bdba00 relative=0x00000000000001e0
Event: 159.817 Thread 0x0000026c8fb9ef40 Uncommon trap: reason=bimorphic_or_optimized_type_check action=maybe_recompile pc=0x0000026c87bdba00 method=java.util.Collections.eq(Ljava/lang/Object;Ljava/lang/Object;)Z @ 18 c2
Event: 159.817 Thread 0x0000026c8fb9ef40 DEOPT PACKING pc=0x0000026c87bdba00 sp=0x000000bed6efd690
Event: 159.817 Thread 0x0000026c8fb9ef40 DEOPT UNPACKING pc=0x0000026c800558a3 sp=0x000000bed6efd5d0 mode 2
Event: 159.823 Thread 0x0000026c8fb9ef40 DEOPT PACKING pc=0x0000026c80a191d3 sp=0x000000bed6efdcf0
Event: 159.823 Thread 0x0000026c8fb9ef40 DEOPT UNPACKING pc=0x0000026c800563e3 sp=0x000000bed6efd100 mode 0

Classes unloaded (7 events):
Event: 5.664 Thread 0x0000026cfd53b150 Unloading class 0x0000000800d66400 'java/lang/invoke/LambdaForm$MH+0x0000000800d66400'
Event: 5.664 Thread 0x0000026cfd53b150 Unloading class 0x0000000800d66000 'java/lang/invoke/LambdaForm$MH+0x0000000800d66000'
Event: 5.664 Thread 0x0000026cfd53b150 Unloading class 0x0000000800d65c00 'java/lang/invoke/LambdaForm$MH+0x0000000800d65c00'
Event: 5.664 Thread 0x0000026cfd53b150 Unloading class 0x0000000800d65800 'java/lang/invoke/LambdaForm$MH+0x0000000800d65800'
Event: 5.664 Thread 0x0000026cfd53b150 Unloading class 0x0000000800d65000 'java/lang/invoke/LambdaForm$BMH+0x0000000800d65000'
Event: 5.664 Thread 0x0000026cfd53b150 Unloading class 0x0000000800d64c00 'java/lang/invoke/LambdaForm$DMH+0x0000000800d64c00'
Event: 5.664 Thread 0x0000026cfd53b150 Unloading class 0x0000000800d62000 'java/lang/invoke/LambdaForm$DMH+0x0000000800d62000'

Classes redefined (0 events):
No events

Internal exceptions (20 events):
Event: 20.506 Thread 0x0000026c8fb9c3f0 Exception <a 'java/io/FileNotFoundException'{0x00000000eae883a0}> (0x00000000eae883a0) 
thrown [s\src\hotspot\share\prims\jni.cpp, line 516]
Event: 20.524 Thread 0x0000026c8fb9c3f0 Exception <a 'java/io/FileNotFoundException'{0x00000000eaf17b18}> (0x00000000eaf17b18) 
thrown [s\src\hotspot\share\prims\jni.cpp, line 516]
Event: 20.524 Thread 0x0000026c8fb9c3f0 Exception <a 'java/io/FileNotFoundException'{0x00000000eaf19460}> (0x00000000eaf19460) 
thrown [s\src\hotspot\share\prims\jni.cpp, line 516]
Event: 20.545 Thread 0x0000026c8fb9c3f0 Exception <a 'sun/nio/fs/WindowsException'{0x00000000eaf630c8}> (0x00000000eaf630c8) 
thrown [s\src\hotspot\share\prims\jni.cpp, line 516]
Event: 20.545 Thread 0x0000026c8fb271d0 Exception <a 'java/lang/NoSuchMethodError'{0x00000000eaf5e038}: 'int java.lang.invoke.DirectMethodHandle$Holder.invokeVirtual(java.lang.Object, java.lang.Object)'> (0x00000000eaf5e038) 
thrown [s\src\hotspot\share\interpreter\linkResolver.cpp, line 759]
Event: 20.587 Thread 0x0000026c8fb9c3f0 Exception <a 'sun/nio/fs/WindowsException'{0x00000000eaf7b7a8}> (0x00000000eaf7b7a8) 
thrown [s\src\hotspot\share\prims\jni.cpp, line 516]
Event: 20.711 Thread 0x0000026c8fb9e0d0 Exception <a 'java/io/FileNotFoundException'{0x00000000eb0bdfc0}> (0x00000000eb0bdfc0) 
thrown [s\src\hotspot\share\prims\jni.cpp, line 516]
Event: 20.711 Thread 0x0000026c8fb9e0d0 Exception <a 'java/io/FileNotFoundException'{0x00000000eb0bf8e8}> (0x00000000eb0bf8e8) 
thrown [s\src\hotspot\share\prims\jni.cpp, line 516]
Event: 20.741 Thread 0x0000026c8fb9ef40 Exception <a 'sun/nio/fs/WindowsException'{0x00000000eb211d00}> (0x00000000eb211d00) 
thrown [s\src\hotspot\share\prims\jni.cpp, line 516]
Event: 20.745 Thread 0x0000026c8fb9ef40 Implicit null exception at 0x0000026c87dc5292 to 0x0000026c87dc57d4
Event: 20.748 Thread 0x0000026c8fb9ef40 Exception <a 'sun/nio/fs/WindowsException'{0x00000000eb223c60}> (0x00000000eb223c60) 
thrown [s\src\hotspot\share\prims\jni.cpp, line 516]
Event: 20.753 Thread 0x0000026c8fb9ef40 Exception <a 'java/lang/NoSuchMethodError'{0x00000000eb234a30}: 'java.lang.Object java.lang.invoke.DirectMethodHandle$Holder.invokeStatic(java.lang.Object, java.lang.Object, int, java.lang.Object)'> (0x00000000eb234a30) 
thrown [s\src\hotspot\share\interpreter\linkResolver.cpp, line 759]
Event: 20.754 Thread 0x0000026c8fb9ef40 Exception <a 'java/lang/NoSuchMethodError'{0x00000000eb23d088}: 'java.lang.Object java.lang.invoke.DirectMethodHandle$Holder.newInvokeSpecial(java.lang.Object, java.lang.Object, int)'> (0x00000000eb23d088) 
thrown [s\src\hotspot\share\interpreter\linkResolver.cpp, line 759]
Event: 20.793 Thread 0x0000026c925a9fc0 Exception <a 'java/lang/NoSuchMethodError'{0x00000000eb34d238}: 'java.lang.Object java.lang.invoke.DirectMethodHandle$Holder.newInvokeSpecial(java.lang.Object, java.lang.Object, java.lang.Object, java.lang.Object, java.lang.Object, java.lang.Object)'> (0x00000000eb34d238) 
thrown [s\src\hotspot\share\interpreter\linkResolver.cpp, line 759]
Event: 20.795 Thread 0x0000026c925a9fc0 Exception <a 'java/lang/NoSuchMethodError'{0x00000000eb35f588}: 'int java.lang.invoke.DirectMethodHandle$Holder.invokeStatic(java.lang.Object)'> (0x00000000eb35f588) 
thrown [s\src\hotspot\share\interpreter\linkResolver.cpp, line 759]
Event: 20.962 Thread 0x0000026c925a9fc0 Implicit null exception at 0x0000026c87be0048 to 0x0000026c87be0134
Event: 22.251 Thread 0x0000026c8fb9cd90 Exception <a 'java/lang/NoClassDefFoundError'{0x00000000eb3c02b0}: org/eclipse/core/runtime/IPath> (0x00000000eb3c02b0) 
thrown [s\src\hotspot\share\classfile\systemDictionary.cpp, line 245]
Event: 22.390 Thread 0x0000026c8fb9cd90 Implicit null exception at 0x0000026c87d7ea52 to 0x0000026c87d7ef00
Event: 22.647 Thread 0x0000026c8fb9cd90 Exception <a 'java/io/FileNotFoundException'{0x00000000ebc90fa8}> (0x00000000ebc90fa8) 
thrown [s\src\hotspot\share\prims\jni.cpp, line 516]
Event: 72.439 Thread 0x0000026c8fb9ef40 Exception <a 'java/io/FileNotFoundException'{0x00000000ec063c78}> (0x00000000ec063c78) 
thrown [s\src\hotspot\share\prims\jni.cpp, line 516]

VM Operations (20 events):
Event: 73.466 Executing VM operation: Cleanup
Event: 73.466 Executing VM operation: Cleanup done
Event: 75.476 Executing VM operation: Cleanup
Event: 75.476 Executing VM operation: Cleanup done
Event: 76.476 Executing VM operation: Cleanup
Event: 76.476 Executing VM operation: Cleanup done
Event: 78.477 Executing VM operation: Cleanup
Event: 78.477 Executing VM operation: Cleanup done
Event: 79.487 Executing VM operation: Cleanup
Event: 79.487 Executing VM operation: Cleanup done
Event: 80.488 Executing VM operation: Cleanup
Event: 80.488 Executing VM operation: Cleanup done
Event: 81.488 Executing VM operation: Cleanup
Event: 81.488 Executing VM operation: Cleanup done
Event: 103.504 Executing VM operation: Cleanup
Event: 103.504 Executing VM operation: Cleanup done
Event: 160.649 Executing VM operation: Cleanup
Event: 160.649 Executing VM operation: Cleanup done
Event: 181.660 Executing VM operation: Cleanup
Event: 181.660 Executing VM operation: Cleanup done

Events (20 events):
Event: 82.686 Thread 0x0000026c925aecc0 Thread exited: 0x0000026c925aecc0
Event: 140.908 Thread 0x0000026c8fb9c8c0 Thread exited: 0x0000026c8fb9c8c0
Event: 159.822 Thread 0x0000026c8fb9cd90 Thread exited: 0x0000026c8fb9cd90
Event: 159.829 Thread 0x0000026c925ae320 Thread added: 0x0000026c925ae320
Event: 159.830 Thread 0x0000026c925acfe0 Thread added: 0x0000026c925acfe0
Event: 159.845 Thread 0x0000026c925b0000 Thread added: 0x0000026c925b0000
Event: 159.865 Thread 0x0000026c925a9150 Thread added: 0x0000026c925a9150
Event: 159.865 Thread 0x0000026c925ae7f0 Thread added: 0x0000026c925ae7f0
Event: 159.865 Thread 0x0000026c925a9150 Thread exited: 0x0000026c925a9150
Event: 160.361 Thread 0x0000026c925ae7f0 Thread exited: 0x0000026c925ae7f0
Event: 160.362 Thread 0x0000026c925b0000 Thread exited: 0x0000026c925b0000
Event: 160.363 Thread 0x0000026c925acfe0 Thread exited: 0x0000026c925acfe0
Event: 163.519 Thread 0x0000026c925ac640 Thread exited: 0x0000026c925ac640
Event: 181.568 Thread 0x0000026c8fb271d0 Thread added: 0x0000026c8fb271d0
Event: 181.573 Thread 0x0000026c925a9150 Thread added: 0x0000026c925a9150
Event: 181.575 Thread 0x0000026c925ae7f0 Thread added: 0x0000026c925ae7f0
Event: 181.591 Thread 0x0000026c925abca0 Thread added: 0x0000026c925abca0
Event: 181.604 Thread 0x0000026c925aecc0 Thread added: 0x0000026c925aecc0
Event: 181.605 Thread 0x0000026c925ac640 Thread added: 0x0000026c925ac640
Event: 181.605 Thread 0x0000026c925aecc0 Thread exited: 0x0000026c925aecc0


Dynamic libraries:
0x00007ff792450000 - 0x00007ff79245e000 	c:\Program Files\Eclipse Adoptium\jdk-17.0.5.8-hotspot\bin\java.exe
0x00007ffeb02d0000 - 0x00007ffeb04c8000 	C:\Windows\SYSTEM32\ntdll.dll
0x00007ffeaea70000 - 0x00007ffeaeb2f000 	C:\Windows\System32\KERNEL32.DLL
0x00007ffeadbf0000 - 0x00007ffeadec2000 	C:\Windows\System32\KERNELBASE.dll
0x00007ffeadac0000 - 0x00007ffeadbc0000 	C:\Windows\System32\ucrtbase.dll
0x00007ffea4cf0000 - 0x00007ffea4d07000 	c:\Program Files\Eclipse Adoptium\jdk-17.0.5.8-hotspot\bin\jli.dll
0x00007ffeaecf0000 - 0x00007ffeaee91000 	C:\Windows\System32\USER32.dll
0x00007ffeadbc0000 - 0x00007ffeadbe2000 	C:\Windows\System32\win32u.dll
0x00007ffeaefd0000 - 0x00007ffeaeffb000 	C:\Windows\System32\GDI32.dll
0x00007ffeadf70000 - 0x00007ffeae07f000 	C:\Windows\System32\gdi32full.dll
0x00007ffeaded0000 - 0x00007ffeadf6d000 	C:\Windows\System32\msvcp_win.dll
0x00007ffe98200000 - 0x00007ffe98219000 	c:\Program Files\Eclipse Adoptium\jdk-17.0.5.8-hotspot\bin\VCRUNTIME140.dll
0x00007ffe953b0000 - 0x00007ffe9564a000 	C:\Windows\WinSxS\amd64_microsoft.windows.common-controls_6595b64144ccf1df_6.0.19041.1110_none_60b5254171f9507e\COMCTL32.dll
0x00007ffeaf220000 - 0x00007ffeaf2be000 	C:\Windows\System32\msvcrt.dll
0x00007ffeaf3e0000 - 0x00007ffeaf412000 	C:\Windows\System32\IMM32.DLL
0x00007ffea7c50000 - 0x00007ffea7c5c000 	c:\Program Files\Eclipse Adoptium\jdk-17.0.5.8-hotspot\bin\vcruntime140_1.dll
0x00007ffe30800000 - 0x00007ffe30891000 	c:\Program Files\Eclipse Adoptium\jdk-17.0.5.8-hotspot\bin\msvcp140.dll
0x00007ffe03800000 - 0x00007ffe04444000 	c:\Program Files\Eclipse Adoptium\jdk-17.0.5.8-hotspot\bin\server\jvm.dll
0x00007ffeaeb30000 - 0x00007ffeaebde000 	C:\Windows\System32\ADVAPI32.dll
0x00007ffeafe90000 - 0x00007ffeaff2c000 	C:\Windows\System32\sechost.dll
0x00007ffeaeea0000 - 0x00007ffeaefc5000 	C:\Windows\System32\RPCRT4.dll
0x00007ffe97d30000 - 0x00007ffe97d39000 	C:\Windows\SYSTEM32\WSOCK32.dll
0x00007ffeaf1b0000 - 0x00007ffeaf21b000 	C:\Windows\System32\WS2_32.dll
0x00007ffe9ac70000 - 0x00007ffe9ac97000 	C:\Windows\SYSTEM32\WINMM.dll
0x00007ffea70c0000 - 0x00007ffea70ca000 	C:\Windows\SYSTEM32\VERSION.dll
0x00007ffeaba20000 - 0x00007ffeaba32000 	C:\Windows\SYSTEM32\kernel.appcore.dll
0x00007ffea4d30000 - 0x00007ffea4d3a000 	c:\Program Files\Eclipse Adoptium\jdk-17.0.5.8-hotspot\bin\jimage.dll
0x00007ffeab480000 - 0x00007ffeab664000 	C:\Windows\SYSTEM32\DBGHELP.DLL
0x00007ffea5d80000 - 0x00007ffea5db5000 	C:\Windows\SYSTEM32\dbgcore.DLL
0x00007ffeada30000 - 0x00007ffeadab2000 	C:\Windows\System32\bcryptPrimitives.dll
0x00007ffea8850000 - 0x00007ffea885e000 	c:\Program Files\Eclipse Adoptium\jdk-17.0.5.8-hotspot\bin\instrument.dll
0x00007ffe86cd0000 - 0x00007ffe86cf5000 	c:\Program Files\Eclipse Adoptium\jdk-17.0.5.8-hotspot\bin\java.dll
0x00007ffe30720000 - 0x00007ffe307f6000 	c:\Program Files\Eclipse Adoptium\jdk-17.0.5.8-hotspot\bin\jsvml.dll
0x00007ffeaf610000 - 0x00007ffeafd54000 	C:\Windows\System32\SHELL32.dll
0x00007ffeaba40000 - 0x00007ffeac1d2000 	C:\Windows\SYSTEM32\windows.storage.dll
0x00007ffeaff30000 - 0x00007ffeb0285000 	C:\Windows\System32\combase.dll
0x00007ffead420000 - 0x00007ffead450000 	C:\Windows\SYSTEM32\Wldp.dll
0x00007ffeae930000 - 0x00007ffeae9dd000 	C:\Windows\System32\SHCORE.dll
0x00007ffeaebe0000 - 0x00007ffeaec35000 	C:\Windows\System32\shlwapi.dll
0x00007ffead900000 - 0x00007ffead91f000 	C:\Windows\SYSTEM32\profapi.dll
0x00007ffe70640000 - 0x00007ffe70658000 	c:\Program Files\Eclipse Adoptium\jdk-17.0.5.8-hotspot\bin\zip.dll
0x00007ffe870f0000 - 0x00007ffe87109000 	C:\Program Files\Eclipse Adoptium\jdk-17.0.5.8-hotspot\bin\net.dll
0x00007ffea8e70000 - 0x00007ffea8f7c000 	C:\Windows\SYSTEM32\WINHTTP.dll
0x00007ffead180000 - 0x00007ffead1ea000 	C:\Windows\system32\mswsock.dll
0x00007ffe86e00000 - 0x00007ffe86e15000 	C:\Program Files\Eclipse Adoptium\jdk-17.0.5.8-hotspot\bin\nio.dll
0x00007ffe98130000 - 0x00007ffe98140000 	c:\Program Files\Eclipse Adoptium\jdk-17.0.5.8-hotspot\bin\verify.dll
0x00007ffe92810000 - 0x00007ffe9284e000 	C:\Users\leden\AppData\Roaming\Code\User\globalStorage\redhat.java\1.14.0\config_win\org.eclipse.equinox.launcher\org.eclipse.equinox.launcher.win32.win32.x86_64_1.2.700.v20221108-1024\eclipse_11801.dll
0x00007ffeafd60000 - 0x00007ffeafe8a000 	C:\Windows\System32\ole32.dll
0x00007ffead370000 - 0x00007ffead388000 	C:\Windows\SYSTEM32\CRYPTSP.dll
0x00007ffeaca30000 - 0x00007ffeaca64000 	C:\Windows\system32\rsaenh.dll
0x00007ffeae290000 - 0x00007ffeae2b7000 	C:\Windows\System32\bcrypt.dll
0x00007ffead880000 - 0x00007ffead8ae000 	C:\Windows\SYSTEM32\USERENV.dll
0x00007ffead390000 - 0x00007ffead39c000 	C:\Windows\SYSTEM32\CRYPTBASE.dll
0x00007ffeace20000 - 0x00007ffeace5b000 	C:\Windows\SYSTEM32\IPHLPAPI.DLL
0x00007ffeae4b0000 - 0x00007ffeae4b8000 	C:\Windows\System32\NSI.dll
0x00007ffea8c70000 - 0x00007ffea8c87000 	C:\Windows\SYSTEM32\dhcpcsvc6.DLL
0x00007ffea8c50000 - 0x00007ffea8c6d000 	C:\Windows\SYSTEM32\dhcpcsvc.DLL
0x00007ffeace60000 - 0x00007ffeacf2a000 	C:\Windows\SYSTEM32\DNSAPI.dll
0x00007ffe73bd0000 - 0x00007ffe73c10000 	C:\Users\leden\AppData\Local\Temp\jna-102848500\jna11248628400092508844.dll
0x00007ffeaf550000 - 0x00007ffeaf558000 	C:\Windows\System32\PSAPI.DLL
0x00007ffe38810000 - 0x00007ffe38837000 	C:\Users\leden\.gradle\native\e1d6ef7f7dcc3fd88c89a11ec53ec762bb8ba0a96d01ffa2cd45eb1d1d8dd5c5\windows-amd64\native-platform.dll
0x00007ffe87050000 - 0x00007ffe87059000 	C:\Program Files\Eclipse Adoptium\jdk-17.0.5.8-hotspot\bin\management.dll
0x00007ffe86cc0000 - 0x00007ffe86ccb000 	C:\Program Files\Eclipse Adoptium\jdk-17.0.5.8-hotspot\bin\management_ext.dll
0x00007ffe82190000 - 0x00007ffe8219e000 	C:\Program Files\Eclipse Adoptium\jdk-17.0.5.8-hotspot\bin\sunmscapi.dll
0x00007ffeae130000 - 0x00007ffeae286000 	C:\Windows\System32\CRYPT32.dll
0x00007ffead490000 - 0x00007ffead4b7000 	C:\Windows\SYSTEM32\ncrypt.dll
0x00007ffead450000 - 0x00007ffead48b000 	C:\Windows\SYSTEM32\NTASN1.dll
0x00007ffe82ba0000 - 0x00007ffe82ba7000 	C:\Windows\system32\wshunix.dll

dbghelp: loaded successfully - version: 4.0.5 - missing functions: none
symbol engine: initialized successfully - sym options: 0x614 - pdb path: .;c:\Program Files\Eclipse Adoptium\jdk-17.0.5.8-hotspot\bin;C:\Windows\SYSTEM32;C:\Windows\WinSxS\amd64_microsoft.windows.common-controls_6595b64144ccf1df_6.0.19041.1110_none_60b5254171f9507e;c:\Program Files\Eclipse Adoptium\jdk-17.0.5.8-hotspot\bin\server;C:\Users\leden\AppData\Roaming\Code\User\globalStorage\redhat.java\1.14.0\config_win\org.eclipse.equinox.launcher\org.eclipse.equinox.launcher.win32.win32.x86_64_1.2.700.v20221108-1024;C:\Users\leden\AppData\Local\Temp\jna-102848500;C:\Users\leden\.gradle\native\e1d6ef7f7dcc3fd88c89a11ec53ec762bb8ba0a96d01ffa2cd45eb1d1d8dd5c5\windows-amd64

VM Arguments:
jvm_args: --add-modules=ALL-SYSTEM --add-opens=java.base/java.util=ALL-UNNAMED --add-opens=java.base/java.lang=ALL-UNNAMED --add-opens=java.base/sun.nio.fs=ALL-UNNAMED -Declipse.application=org.eclipse.jdt.ls.core.id1 -Dosgi.bundles.defaultStartLevel=4 -Declipse.product=org.eclipse.jdt.ls.core.product -Djava.import.generatesMetadataFilesAtProjectRoot=false -Dfile.encoding=utf8 -XX:+UseParallelGC -XX:GCTimeRatio=4 -XX:AdaptiveSizePolicyWeight=90 -Dsun.zip.disableMemoryMapping=true -Xmx1G -Xms100m -Xlog:disable -javaagent:c:\Users\leden\.vscode\extensions\redhat.java-1.14.0-win32-x64\lombok\lombok-1.18.24.jar -XX:+HeapDumpOnOutOfMemoryError -XX:HeapDumpPath=c:\Users\leden\AppData\Roaming\Code\User\workspaceStorage\d3da77668b73ada3115bfe0976bf7c3b\redhat.java 
java_command: c:\Users\leden\.vscode\extensions\redhat.java-1.14.0-win32-x64\server\plugins\org.eclipse.equinox.launcher_1.6.400.v20210924-0641.jar -configuration c:\Users\leden\AppData\Roaming\Code\User\globalStorage\redhat.java\1.14.0\config_win -data c:\Users\leden\AppData\Roaming\Code\User\workspaceStorage\d3da77668b73ada3115bfe0976bf7c3b\redhat.java\jdt_ws
java_class_path (initial): c:\Users\leden\.vscode\extensions\redhat.java-1.14.0-win32-x64\server\plugins\org.eclipse.equinox.launcher_1.6.400.v20210924-0641.jar
Launcher Type: SUN_STANDARD

[Global flags]
    uintx AdaptiveSizePolicyWeight                 = 90                                        {product} {command line}
     intx CICompilerCount                          = 4                                         {product} {ergonomic}
    uintx GCTimeRatio                              = 4                                         {product} {command line}
     bool HeapDumpOnOutOfMemoryError               = true                                   {manageable} {command line}
    ccstr HeapDumpPath                             = c:\Users\leden\AppData\Roaming\Code\User\workspaceStorage\d3da77668b73ada3115bfe0976bf7c3b\redhat.java         {manageable} {command line}
   size_t InitialHeapSize                          = 104857600                                 {product} {command line}
   size_t MaxHeapSize                              = 1073741824                                {product} {command line}
   size_t MaxNewSize                               = 357564416                                 {product} {ergonomic}
   size_t MinHeapDeltaBytes                        = 524288                                    {product} {ergonomic}
   size_t MinHeapSize                              = 104857600                                 {product} {command line}
   size_t NewSize                                  = 34603008                                  {product} {ergonomic}
    uintx NonNMethodCodeHeapSize                   = 5839372                                {pd product} {ergonomic}
    uintx NonProfiledCodeHeapSize                  = 122909434                              {pd product} {ergonomic}
   size_t OldSize                                  = 70254592                                  {product} {ergonomic}
    uintx ProfiledCodeHeapSize                     = 122909434                              {pd product} {ergonomic}
    uintx ReservedCodeCacheSize                    = 251658240                              {pd product} {ergonomic}
     bool SegmentedCodeCache                       = true                                      {product} {ergonomic}
   size_t SoftMaxHeapSize                          = 1073741824                             {manageable} {ergonomic}
     bool UseCompressedClassPointers               = true                           {product lp64_product} {ergonomic}
     bool UseCompressedOops                        = true                           {product lp64_product} {ergonomic}
     bool UseLargePagesIndividualAllocation        = false                                  {pd product} {ergonomic}
     bool UseParallelGC                            = true                                      {product} {command line}

Logging:
Log output configuration:
 #0: stdout all=off uptime,level,tags
 #1: stderr all=off uptime,level,tags

Environment Variables:
JAVA_HOME=C:\Program Files\Eclipse Adoptium\jdk-17.0.5.8-hotspot
PATH=C:\ODB\bin;C:\Program Files\Eclipse Adoptium\jdk-17.0.5.8-hotspot\bin;C:\Program Files (x86)\Common Files\Oracle\Java\javapath;C:\Program Files\Eclipse Foundation\jdk-11.0.12.7-hotspot\bin;C:\Program Files\Python39\Scripts\;C:\Program Files\Python39\;C:\Windows\system32;C:\Windows;C:\Windows\System32\Wbem;C:\Windows\System32\WindowsPowerShell\v1.0\;C:\Windows\System32\OpenSSH\;C:\Program Files\Java\jdk1.8.0_301\bin;C:\Program Files\PuTTY\;C:\Program Files (x86)\NVIDIA Corporation\PhysX\Common;C:\texlive\2021\bin\Win32;C:\Gradle\gradle-7.3.3\bin;C:\Program Files\Git\cmd;C:\MinGW\bin;C:\php;C:\nasm;C:\Program Files\CMake\bin;C:\Program Files\nodejs\;C:\Program Files\dotnet\;C:\Users\leden\.cargo\bin;C:\Users\leden\AppData\Local\Microsoft\WindowsApps;C:\Users\leden\AppData\Local\Programs\Microsoft VS Code\bin;C:\cygwin64\bin;C:\Program Files\JetBrains\CLion 2021.2.2\bin;;C:\Users\leden\AppData\Local\GitHubDesktop\bin;C:\texlive\2021\bin\win32;C:\Program Files\JetBrains\IntelliJ IDEA 2021.2.3\bin;;C:\Users\leden\AppData\Roaming\npm;C:\graalvm\bin;C:\Program Files (x86)\Microsoft Visual Studio\2019\Community\VC\Tools\MSVC\14.16.27023\bin\HostX64\x64\1049;C:\apache-maven-3.8.6\bin;
USERNAME=leden
OS=Windows_NT
PROCESSOR_IDENTIFIER=Intel64 Family 6 Model 140 Stepping 1, GenuineIntel
TMP=C:\Users\leden\AppData\Local\Temp
TEMP=C:\Users\leden\AppData\Local\Temp



---------------  S Y S T E M  ---------------

OS:
 Windows 10 , 64 bit Build 19041 (10.0.19041.2364)
OS uptime: 4 days 2:57 hours
Hyper-V role detected

CPU: total 8 (initial active 8) (4 cores per cpu, 2 threads per core) family 6 model 140 stepping 1 microcode 0x8a, cx8, cmov, fxsr, ht, mmx, 3dnowpref, sse, sse2, sse3, ssse3, sse4.1, sse4.2, popcnt, lzcnt, tsc, tscinvbit, avx, avx2, aes, erms, clmul, bmi1, bmi2, adx, avx512f, avx512dq, avx512cd, avx512bw, avx512vl, sha, fma, vzeroupper, avx512_vpopcntdq, avx512_vpclmulqdq, avx512_vaes, avx512_vnni, clflush, clflushopt, clwb, avx512_vbmi2, avx512_vbmi, hv

Memory: 4k page, system-wide physical 16167M (1292M free)
TotalPageFile size 65319M (AvailPageFile size 2M)
current process WorkingSet (physical memory assigned to process): 224M, peak: 239M
current process commit charge ("private bytes"): 308M, peak: 324M

vm_info: OpenJDK 64-Bit Server VM (17.0.5+8) for windows-amd64 JRE (17.0.5+8), built on Oct 19 2022 04:48:13 by "temurin" with MS VC++ 16.7 (VS2019)

END.
